WARNING - 2024-12-26 10:42:23 --> [DEPRECATED] Optional parameter $type declared before required parameter $message is implicitly treated as a required parameter in APPPATH\Helpers\admin_helper.php on line 66.
 1 SYSTEMPATH\Common.php(640): include_once('C:\\Users\\QBS AK\\Desktop\\xampp\\htdocs\\my-blog-app\\vendor\\codeigniter4\\framework\\system\\Debug\\Exceptions.php')
 2 SYSTEMPATH\Autoloader\Autoloader.php(487): helper([...])
 3 SYSTEMPATH\Boot.php(249): CodeIgniter\Autoloader\Autoloader->loadHelpers()
 4 SYSTEMPATH\Boot.php(64): CodeIgniter\Boot::autoloadHelpers()
 5 FCPATH\index.php(56): CodeIgniter\Boot::bootWeb(Object(Config\Paths))
WARNING - 2024-12-26 10:42:34 --> [DEPRECATED] Optional parameter $type declared before required parameter $message is implicitly treated as a required parameter in APPPATH\Helpers\admin_helper.php on line 66.
 1 SYSTEMPATH\Common.php(640): include_once('C:\\Users\\QBS AK\\Desktop\\xampp\\htdocs\\my-blog-app\\vendor\\codeigniter4\\framework\\system\\Debug\\Exceptions.php')
 2 SYSTEMPATH\Autoloader\Autoloader.php(487): helper([...])
 3 SYSTEMPATH\Boot.php(249): CodeIgniter\Autoloader\Autoloader->loadHelpers()
 4 SYSTEMPATH\Boot.php(64): CodeIgniter\Boot::autoloadHelpers()
 5 FCPATH\index.php(56): CodeIgniter\Boot::bootWeb(Object(Config\Paths))
WARNING - 2024-12-26 10:42:47 --> [DEPRECATED] Optional parameter $type declared before required parameter $message is implicitly treated as a required parameter in APPPATH\Helpers\admin_helper.php on line 66.
 1 SYSTEMPATH\Common.php(640): include_once('C:\\Users\\QBS AK\\Desktop\\xampp\\htdocs\\my-blog-app\\vendor\\codeigniter4\\framework\\system\\Debug\\Exceptions.php')
 2 SYSTEMPATH\Autoloader\Autoloader.php(487): helper([...])
 3 SYSTEMPATH\Boot.php(249): CodeIgniter\Autoloader\Autoloader->loadHelpers()
 4 SYSTEMPATH\Boot.php(64): CodeIgniter\Boot::autoloadHelpers()
 5 FCPATH\index.php(56): CodeIgniter\Boot::bootWeb(Object(Config\Paths))
WARNING - 2024-12-26 10:42:53 --> [DEPRECATED] Optional parameter $type declared before required parameter $message is implicitly treated as a required parameter in APPPATH\Helpers\admin_helper.php on line 66.
 1 SYSTEMPATH\Common.php(640): include_once('C:\\Users\\QBS AK\\Desktop\\xampp\\htdocs\\my-blog-app\\vendor\\codeigniter4\\framework\\system\\Debug\\Exceptions.php')
 2 SYSTEMPATH\Autoloader\Autoloader.php(487): helper([...])
 3 SYSTEMPATH\Boot.php(249): CodeIgniter\Autoloader\Autoloader->loadHelpers()
 4 SYSTEMPATH\Boot.php(64): CodeIgniter\Boot::autoloadHelpers()
 5 FCPATH\index.php(56): CodeIgniter\Boot::bootWeb(Object(Config\Paths))
WARNING - 2024-12-26 10:42:57 --> [DEPRECATED] Optional parameter $type declared before required parameter $message is implicitly treated as a required parameter in APPPATH\Helpers\admin_helper.php on line 66.
 1 SYSTEMPATH\Common.php(640): include_once('C:\\Users\\QBS AK\\Desktop\\xampp\\htdocs\\my-blog-app\\vendor\\codeigniter4\\framework\\system\\Debug\\Exceptions.php')
 2 SYSTEMPATH\Autoloader\Autoloader.php(487): helper([...])
 3 SYSTEMPATH\Boot.php(249): CodeIgniter\Autoloader\Autoloader->loadHelpers()
 4 SYSTEMPATH\Boot.php(64): CodeIgniter\Boot::autoloadHelpers()
 5 FCPATH\index.php(56): CodeIgniter\Boot::bootWeb(Object(Config\Paths))
WARNING - 2024-12-26 13:40:40 --> [DEPRECATED] Optional parameter $type declared before required parameter $message is implicitly treated as a required parameter in APPPATH\Helpers\admin_helper.php on line 66.
 1 SYSTEMPATH\Common.php(640): include_once('C:\\Users\\QBS AK\\Desktop\\xampp\\htdocs\\my-blog-app\\vendor\\codeigniter4\\framework\\system\\Debug\\Exceptions.php')
 2 SYSTEMPATH\Autoloader\Autoloader.php(487): helper([...])
 3 SYSTEMPATH\Boot.php(249): CodeIgniter\Autoloader\Autoloader->loadHelpers()
 4 SYSTEMPATH\Boot.php(64): CodeIgniter\Boot::autoloadHelpers()
 5 FCPATH\index.php(56): CodeIgniter\Boot::bootWeb(Object(Config\Paths))
INFO - 2024-12-26 12:40:41 --> Session: Class initialized using 'CodeIgniter\Session\Handlers\DatabaseHandler' driver.
WARNING - 2024-12-26 13:40:42 --> [DEPRECATED] Optional parameter $type declared before required parameter $message is implicitly treated as a required parameter in APPPATH\Helpers\admin_helper.php on line 66.
 1 SYSTEMPATH\Common.php(640): include_once('C:\\Users\\QBS AK\\Desktop\\xampp\\htdocs\\my-blog-app\\vendor\\codeigniter4\\framework\\system\\Debug\\Exceptions.php')
 2 SYSTEMPATH\Autoloader\Autoloader.php(487): helper([...])
 3 SYSTEMPATH\Boot.php(249): CodeIgniter\Autoloader\Autoloader->loadHelpers()
 4 SYSTEMPATH\Boot.php(64): CodeIgniter\Boot::autoloadHelpers()
 5 FCPATH\index.php(56): CodeIgniter\Boot::bootWeb(Object(Config\Paths))
INFO - 2024-12-26 12:40:42 --> Session: Class initialized using 'CodeIgniter\Session\Handlers\DatabaseHandler' driver.
WARNING - 2024-12-26 13:40:43 --> [DEPRECATED] Optional parameter $type declared before required parameter $message is implicitly treated as a required parameter in APPPATH\Helpers\admin_helper.php on line 66.
 1 SYSTEMPATH\Common.php(640): include_once('C:\\Users\\QBS AK\\Desktop\\xampp\\htdocs\\my-blog-app\\vendor\\codeigniter4\\framework\\system\\Debug\\Exceptions.php')
 2 SYSTEMPATH\Autoloader\Autoloader.php(487): helper([...])
 3 SYSTEMPATH\Boot.php(249): CodeIgniter\Autoloader\Autoloader->loadHelpers()
 4 SYSTEMPATH\Boot.php(64): CodeIgniter\Boot::autoloadHelpers()
 5 FCPATH\index.php(56): CodeIgniter\Boot::bootWeb(Object(Config\Paths))
INFO - 2024-12-26 12:40:43 --> Session: Class initialized using 'CodeIgniter\Session\Handlers\DatabaseHandler' driver.
WARNING - 2024-12-26 13:40:43 --> [DEPRECATED] Optional parameter $type declared before required parameter $message is implicitly treated as a required parameter in APPPATH\Helpers\admin_helper.php on line 66.
 1 SYSTEMPATH\Common.php(640): include_once('C:\\Users\\QBS AK\\Desktop\\xampp\\htdocs\\my-blog-app\\vendor\\codeigniter4\\framework\\system\\Debug\\Exceptions.php')
 2 SYSTEMPATH\Autoloader\Autoloader.php(487): helper([...])
 3 SYSTEMPATH\Boot.php(249): CodeIgniter\Autoloader\Autoloader->loadHelpers()
 4 SYSTEMPATH\Boot.php(64): CodeIgniter\Boot::autoloadHelpers()
 5 FCPATH\index.php(56): CodeIgniter\Boot::bootWeb(Object(Config\Paths))
WARNING - 2024-12-26 13:40:44 --> [DEPRECATED] Optional parameter $type declared before required parameter $message is implicitly treated as a required parameter in APPPATH\Helpers\admin_helper.php on line 66.
 1 SYSTEMPATH\Common.php(640): include_once('C:\\Users\\QBS AK\\Desktop\\xampp\\htdocs\\my-blog-app\\vendor\\codeigniter4\\framework\\system\\Debug\\Exceptions.php')
 2 SYSTEMPATH\Autoloader\Autoloader.php(487): helper([...])
 3 SYSTEMPATH\Boot.php(249): CodeIgniter\Autoloader\Autoloader->loadHelpers()
 4 SYSTEMPATH\Boot.php(64): CodeIgniter\Boot::autoloadHelpers()
 5 FCPATH\index.php(56): CodeIgniter\Boot::bootWeb(Object(Config\Paths))
WARNING - 2024-12-26 13:40:53 --> [DEPRECATED] Optional parameter $type declared before required parameter $message is implicitly treated as a required parameter in APPPATH\Helpers\admin_helper.php on line 66.
 1 SYSTEMPATH\Common.php(640): include_once('C:\\Users\\QBS AK\\Desktop\\xampp\\htdocs\\my-blog-app\\vendor\\codeigniter4\\framework\\system\\Debug\\Exceptions.php')
 2 SYSTEMPATH\Autoloader\Autoloader.php(487): helper([...])
 3 SYSTEMPATH\Boot.php(249): CodeIgniter\Autoloader\Autoloader->loadHelpers()
 4 SYSTEMPATH\Boot.php(64): CodeIgniter\Boot::autoloadHelpers()
 5 FCPATH\index.php(56): CodeIgniter\Boot::bootWeb(Object(Config\Paths))
INFO - 2024-12-26 12:40:53 --> Session: Class initialized using 'CodeIgniter\Session\Handlers\DatabaseHandler' driver.
WARNING - 2024-12-26 13:40:54 --> [DEPRECATED] Optional parameter $type declared before required parameter $message is implicitly treated as a required parameter in APPPATH\Helpers\admin_helper.php on line 66.
 1 SYSTEMPATH\Common.php(640): include_once('C:\\Users\\QBS AK\\Desktop\\xampp\\htdocs\\my-blog-app\\vendor\\codeigniter4\\framework\\system\\Debug\\Exceptions.php')
 2 SYSTEMPATH\Autoloader\Autoloader.php(487): helper([...])
 3 SYSTEMPATH\Boot.php(249): CodeIgniter\Autoloader\Autoloader->loadHelpers()
 4 SYSTEMPATH\Boot.php(64): CodeIgniter\Boot::autoloadHelpers()
 5 FCPATH\index.php(56): CodeIgniter\Boot::bootWeb(Object(Config\Paths))
INFO - 2024-12-26 12:40:54 --> Session: Class initialized using 'CodeIgniter\Session\Handlers\DatabaseHandler' driver.
WARNING - 2024-12-26 13:40:54 --> [DEPRECATED] Optional parameter $type declared before required parameter $message is implicitly treated as a required parameter in APPPATH\Helpers\admin_helper.php on line 66.
 1 SYSTEMPATH\Common.php(640): include_once('C:\\Users\\QBS AK\\Desktop\\xampp\\htdocs\\my-blog-app\\vendor\\codeigniter4\\framework\\system\\Debug\\Exceptions.php')
 2 SYSTEMPATH\Autoloader\Autoloader.php(487): helper([...])
 3 SYSTEMPATH\Boot.php(249): CodeIgniter\Autoloader\Autoloader->loadHelpers()
 4 SYSTEMPATH\Boot.php(64): CodeIgniter\Boot::autoloadHelpers()
 5 FCPATH\index.php(56): CodeIgniter\Boot::bootWeb(Object(Config\Paths))
WARNING - 2024-12-26 13:40:54 --> [DEPRECATED] Optional parameter $type declared before required parameter $message is implicitly treated as a required parameter in APPPATH\Helpers\admin_helper.php on line 66.
 1 SYSTEMPATH\Common.php(640): include_once('C:\\Users\\QBS AK\\Desktop\\xampp\\htdocs\\my-blog-app\\vendor\\codeigniter4\\framework\\system\\Debug\\Exceptions.php')
 2 SYSTEMPATH\Autoloader\Autoloader.php(487): helper([...])
 3 SYSTEMPATH\Boot.php(249): CodeIgniter\Autoloader\Autoloader->loadHelpers()
 4 SYSTEMPATH\Boot.php(64): CodeIgniter\Boot::autoloadHelpers()
 5 FCPATH\index.php(56): CodeIgniter\Boot::bootWeb(Object(Config\Paths))
WARNING - 2024-12-26 13:40:59 --> [DEPRECATED] Optional parameter $type declared before required parameter $message is implicitly treated as a required parameter in APPPATH\Helpers\admin_helper.php on line 66.
 1 SYSTEMPATH\Common.php(640): include_once('C:\\Users\\QBS AK\\Desktop\\xampp\\htdocs\\my-blog-app\\vendor\\codeigniter4\\framework\\system\\Debug\\Exceptions.php')
 2 SYSTEMPATH\Autoloader\Autoloader.php(487): helper([...])
 3 SYSTEMPATH\Boot.php(249): CodeIgniter\Autoloader\Autoloader->loadHelpers()
 4 SYSTEMPATH\Boot.php(64): CodeIgniter\Boot::autoloadHelpers()
 5 FCPATH\index.php(56): CodeIgniter\Boot::bootWeb(Object(Config\Paths))
INFO - 2024-12-26 12:40:59 --> Session: Class initialized using 'CodeIgniter\Session\Handlers\DatabaseHandler' driver.
WARNING - 2024-12-26 13:40:59 --> [DEPRECATED] Optional parameter $type declared before required parameter $message is implicitly treated as a required parameter in APPPATH\Helpers\admin_helper.php on line 66.
 1 SYSTEMPATH\Common.php(640): include_once('C:\\Users\\QBS AK\\Desktop\\xampp\\htdocs\\my-blog-app\\vendor\\codeigniter4\\framework\\system\\Debug\\Exceptions.php')
 2 SYSTEMPATH\Autoloader\Autoloader.php(487): helper([...])
 3 SYSTEMPATH\Boot.php(249): CodeIgniter\Autoloader\Autoloader->loadHelpers()
 4 SYSTEMPATH\Boot.php(64): CodeIgniter\Boot::autoloadHelpers()
 5 FCPATH\index.php(56): CodeIgniter\Boot::bootWeb(Object(Config\Paths))
WARNING - 2024-12-26 13:41:00 --> [DEPRECATED] Optional parameter $type declared before required parameter $message is implicitly treated as a required parameter in APPPATH\Helpers\admin_helper.php on line 66.
 1 SYSTEMPATH\Common.php(640): include_once('C:\\Users\\QBS AK\\Desktop\\xampp\\htdocs\\my-blog-app\\vendor\\codeigniter4\\framework\\system\\Debug\\Exceptions.php')
 2 SYSTEMPATH\Autoloader\Autoloader.php(487): helper([...])
 3 SYSTEMPATH\Boot.php(249): CodeIgniter\Autoloader\Autoloader->loadHelpers()
 4 SYSTEMPATH\Boot.php(64): CodeIgniter\Boot::autoloadHelpers()
 5 FCPATH\index.php(56): CodeIgniter\Boot::bootWeb(Object(Config\Paths))
WARNING - 2024-12-26 13:41:00 --> [DEPRECATED] Optional parameter $type declared before required parameter $message is implicitly treated as a required parameter in APPPATH\Helpers\admin_helper.php on line 66.
 1 SYSTEMPATH\Common.php(640): include_once('C:\\Users\\QBS AK\\Desktop\\xampp\\htdocs\\my-blog-app\\vendor\\codeigniter4\\framework\\system\\Debug\\Exceptions.php')
 2 SYSTEMPATH\Autoloader\Autoloader.php(487): helper([...])
 3 SYSTEMPATH\Boot.php(249): CodeIgniter\Autoloader\Autoloader->loadHelpers()
 4 SYSTEMPATH\Boot.php(64): CodeIgniter\Boot::autoloadHelpers()
 5 FCPATH\index.php(56): CodeIgniter\Boot::bootWeb(Object(Config\Paths))
INFO - 2024-12-26 12:41:00 --> Session: Class initialized using 'CodeIgniter\Session\Handlers\DatabaseHandler' driver.
WARNING - 2024-12-26 13:41:03 --> [DEPRECATED] Optional parameter $type declared before required parameter $message is implicitly treated as a required parameter in APPPATH\Helpers\admin_helper.php on line 66.
 1 SYSTEMPATH\Common.php(640): include_once('C:\\Users\\QBS AK\\Desktop\\xampp\\htdocs\\my-blog-app\\vendor\\codeigniter4\\framework\\system\\Debug\\Exceptions.php')
 2 SYSTEMPATH\Autoloader\Autoloader.php(487): helper([...])
 3 SYSTEMPATH\Boot.php(249): CodeIgniter\Autoloader\Autoloader->loadHelpers()
 4 SYSTEMPATH\Boot.php(64): CodeIgniter\Boot::autoloadHelpers()
 5 FCPATH\index.php(56): CodeIgniter\Boot::bootWeb(Object(Config\Paths))
INFO - 2024-12-26 12:41:03 --> Session: Class initialized using 'CodeIgniter\Session\Handlers\DatabaseHandler' driver.
WARNING - 2024-12-26 13:41:03 --> [DEPRECATED] Optional parameter $type declared before required parameter $message is implicitly treated as a required parameter in APPPATH\Helpers\admin_helper.php on line 66.
 1 SYSTEMPATH\Common.php(640): include_once('C:\\Users\\QBS AK\\Desktop\\xampp\\htdocs\\my-blog-app\\vendor\\codeigniter4\\framework\\system\\Debug\\Exceptions.php')
 2 SYSTEMPATH\Autoloader\Autoloader.php(487): helper([...])
 3 SYSTEMPATH\Boot.php(249): CodeIgniter\Autoloader\Autoloader->loadHelpers()
 4 SYSTEMPATH\Boot.php(64): CodeIgniter\Boot::autoloadHelpers()
 5 FCPATH\index.php(56): CodeIgniter\Boot::bootWeb(Object(Config\Paths))
WARNING - 2024-12-26 13:41:03 --> [DEPRECATED] Optional parameter $type declared before required parameter $message is implicitly treated as a required parameter in APPPATH\Helpers\admin_helper.php on line 66.
 1 SYSTEMPATH\Common.php(640): include_once('C:\\Users\\QBS AK\\Desktop\\xampp\\htdocs\\my-blog-app\\vendor\\codeigniter4\\framework\\system\\Debug\\Exceptions.php')
 2 SYSTEMPATH\Autoloader\Autoloader.php(487): helper([...])
 3 SYSTEMPATH\Boot.php(249): CodeIgniter\Autoloader\Autoloader->loadHelpers()
 4 SYSTEMPATH\Boot.php(64): CodeIgniter\Boot::autoloadHelpers()
 5 FCPATH\index.php(56): CodeIgniter\Boot::bootWeb(Object(Config\Paths))
WARNING - 2024-12-26 13:41:03 --> [DEPRECATED] Optional parameter $type declared before required parameter $message is implicitly treated as a required parameter in APPPATH\Helpers\admin_helper.php on line 66.
 1 SYSTEMPATH\Common.php(640): include_once('C:\\Users\\QBS AK\\Desktop\\xampp\\htdocs\\my-blog-app\\vendor\\codeigniter4\\framework\\system\\Debug\\Exceptions.php')
 2 SYSTEMPATH\Autoloader\Autoloader.php(487): helper([...])
 3 SYSTEMPATH\Boot.php(249): CodeIgniter\Autoloader\Autoloader->loadHelpers()
 4 SYSTEMPATH\Boot.php(64): CodeIgniter\Boot::autoloadHelpers()
 5 FCPATH\index.php(56): CodeIgniter\Boot::bootWeb(Object(Config\Paths))
INFO - 2024-12-26 12:41:03 --> Session: Class initialized using 'CodeIgniter\Session\Handlers\DatabaseHandler' driver.
WARNING - 2024-12-26 13:16:09 --> [DEPRECATED] Optional parameter $type declared before required parameter $message is implicitly treated as a required parameter in APPPATH\Helpers\admin_helper.php on line 66.
 1 SYSTEMPATH\Common.php(640): include_once('C:\\Users\\QBS AK\\Desktop\\xampp\\htdocs\\my-blog-app\\vendor\\codeigniter4\\framework\\system\\Debug\\Exceptions.php')
 2 SYSTEMPATH\Autoloader\Autoloader.php(487): helper([...])
 3 SYSTEMPATH\Boot.php(249): CodeIgniter\Autoloader\Autoloader->loadHelpers()
 4 SYSTEMPATH\Boot.php(99): CodeIgniter\Boot::autoloadHelpers()
 5 ROOTPATH\spark(84): CodeIgniter\Boot::bootSpark(Object(Config\Paths))
