CRITICAL - 2024-08-30 12:15:50 --> CodeIgniter\View\Exceptions\ViewException: Invalid file: "admin/products/index.php"
[Method: GET, Route: admin/products]
in SYSTEMPATH\Exceptions\FrameworkException.php on line 41.
 1 SYSTEMPATH\View\View.php(222): CodeIgniter\Exceptions\FrameworkException::forInvalidFile('admin/products/index.php')
 2 SYSTEMPATH\Common.php(1169): CodeIgniter\View\View->render('admin/products/index', [], true)
 3 APPPATH\Views\admin\index.php(194): view('admin/products/index')
 4 SYSTEMPATH\View\View.php(234): include('C:\\Users\\QBS AK\\Desktop\\xampp\\htdocs\\project-root\\app\\Views\\admin\\index.php')
 5 SYSTEMPATH\View\View.php(237): CodeIgniter\View\View->CodeIgniter\View\{closure}()
 6 SYSTEMPATH\Common.php(1169): CodeIgniter\View\View->render('admin/index', [], true)
 7 APPPATH\Controllers\admin\ProductsController.php(530): view('admin/index', [...])
 8 SYSTEMPATH\CodeIgniter.php(933): App\Controllers\Admin\ProductsController->products()
 9 SYSTEMPATH\CodeIgniter.php(509): CodeIgniter\CodeIgniter->runController(Object(App\Controllers\Admin\ProductsController))
10 SYSTEMPATH\CodeIgniter.php(355): CodeIgniter\CodeIgniter->handleRequest(null, Object(Config\Cache), false)
11 SYSTEMPATH\Boot.php(325): CodeIgniter\CodeIgniter->run()
12 SYSTEMPATH\Boot.php(67): CodeIgniter\Boot::runCodeIgniter(Object(CodeIgniter\CodeIgniter))
13 FCPATH\index.php(56): CodeIgniter\Boot::bootWeb(Object(Config\Paths))
WARNING - 2024-08-30 14:19:53 --> [DEPRECATED] Optional parameter $type declared before required parameter $message is implicitly treated as a required parameter in APPPATH\Helpers\admin_helper.php on line 45.
 1 SYSTEMPATH\Common.php(640): include_once('C:\\Users\\QBS AK\\Desktop\\xampp\\htdocs\\project-root\\vendor\\codeigniter4\\framework\\system\\Debug\\Exceptions.php')
 2 SYSTEMPATH\Autoloader\Autoloader.php(487): helper([...])
 3 SYSTEMPATH\Boot.php(249): CodeIgniter\Autoloader\Autoloader->loadHelpers()
 4 SYSTEMPATH\Boot.php(64): CodeIgniter\Boot::autoloadHelpers()
 5 FCPATH\index.php(56): CodeIgniter\Boot::bootWeb(Object(Config\Paths))
INFO - 2024-08-30 12:19:53 --> Session: Class initialized using 'CodeIgniter\Session\Handlers\DatabaseHandler' driver.
CRITICAL - 2024-08-30 12:19:53 --> CodeIgniter\View\Exceptions\ViewException: Invalid file: "admin/products/index.php"
[Method: GET, Route: admin/products]
in SYSTEMPATH\Exceptions\FrameworkException.php on line 41.
 1 SYSTEMPATH\View\View.php(222): CodeIgniter\Exceptions\FrameworkException::forInvalidFile('admin/products/index.php')
 2 SYSTEMPATH\Common.php(1169): CodeIgniter\View\View->render('admin/products/index', [], true)
 3 APPPATH\Views\admin\index.php(194): view('admin/products/index')
 4 SYSTEMPATH\View\View.php(234): include('C:\\Users\\QBS AK\\Desktop\\xampp\\htdocs\\project-root\\app\\Views\\admin\\index.php')
 5 SYSTEMPATH\View\View.php(237): CodeIgniter\View\View->CodeIgniter\View\{closure}()
 6 SYSTEMPATH\Common.php(1169): CodeIgniter\View\View->render('admin/index', [], true)
 7 APPPATH\Controllers\admin\ProductsController.php(530): view('admin/index', [...])
 8 SYSTEMPATH\CodeIgniter.php(933): App\Controllers\Admin\ProductsController->products()
 9 SYSTEMPATH\CodeIgniter.php(509): CodeIgniter\CodeIgniter->runController(Object(App\Controllers\Admin\ProductsController))
10 SYSTEMPATH\CodeIgniter.php(355): CodeIgniter\CodeIgniter->handleRequest(null, Object(Config\Cache), false)
11 SYSTEMPATH\Boot.php(325): CodeIgniter\CodeIgniter->run()
12 SYSTEMPATH\Boot.php(67): CodeIgniter\Boot::runCodeIgniter(Object(CodeIgniter\CodeIgniter))
13 FCPATH\index.php(56): CodeIgniter\Boot::bootWeb(Object(Config\Paths))
WARNING - 2024-08-30 14:21:17 --> [DEPRECATED] Optional parameter $type declared before required parameter $message is implicitly treated as a required parameter in APPPATH\Helpers\admin_helper.php on line 45.
 1 SYSTEMPATH\Common.php(640): include_once('C:\\Users\\QBS AK\\Desktop\\xampp\\htdocs\\project-root\\vendor\\codeigniter4\\framework\\system\\Debug\\Exceptions.php')
 2 SYSTEMPATH\Autoloader\Autoloader.php(487): helper([...])
 3 SYSTEMPATH\Boot.php(249): CodeIgniter\Autoloader\Autoloader->loadHelpers()
 4 SYSTEMPATH\Boot.php(64): CodeIgniter\Boot::autoloadHelpers()
 5 FCPATH\index.php(56): CodeIgniter\Boot::bootWeb(Object(Config\Paths))
INFO - 2024-08-30 12:21:17 --> Session: Class initialized using 'CodeIgniter\Session\Handlers\DatabaseHandler' driver.
WARNING - 2024-08-30 14:21:18 --> [DEPRECATED] Optional parameter $type declared before required parameter $message is implicitly treated as a required parameter in APPPATH\Helpers\admin_helper.php on line 45.
 1 SYSTEMPATH\Common.php(640): include_once('C:\\Users\\QBS AK\\Desktop\\xampp\\htdocs\\project-root\\vendor\\codeigniter4\\framework\\system\\Debug\\Exceptions.php')
 2 SYSTEMPATH\Autoloader\Autoloader.php(487): helper([...])
 3 SYSTEMPATH\Boot.php(249): CodeIgniter\Autoloader\Autoloader->loadHelpers()
 4 SYSTEMPATH\Boot.php(64): CodeIgniter\Boot::autoloadHelpers()
 5 FCPATH\index.php(56): CodeIgniter\Boot::bootWeb(Object(Config\Paths))
WARNING - 2024-08-30 14:21:19 --> [DEPRECATED] Optional parameter $type declared before required parameter $message is implicitly treated as a required parameter in APPPATH\Helpers\admin_helper.php on line 45.
 1 SYSTEMPATH\Common.php(640): include_once('C:\\Users\\QBS AK\\Desktop\\xampp\\htdocs\\project-root\\vendor\\codeigniter4\\framework\\system\\Debug\\Exceptions.php')
 2 SYSTEMPATH\Autoloader\Autoloader.php(487): helper([...])
 3 SYSTEMPATH\Boot.php(249): CodeIgniter\Autoloader\Autoloader->loadHelpers()
 4 SYSTEMPATH\Boot.php(64): CodeIgniter\Boot::autoloadHelpers()
 5 FCPATH\index.php(56): CodeIgniter\Boot::bootWeb(Object(Config\Paths))
WARNING - 2024-08-30 14:21:36 --> [DEPRECATED] Optional parameter $type declared before required parameter $message is implicitly treated as a required parameter in APPPATH\Helpers\admin_helper.php on line 45.
 1 SYSTEMPATH\Common.php(640): include_once('C:\\Users\\QBS AK\\Desktop\\xampp\\htdocs\\project-root\\vendor\\codeigniter4\\framework\\system\\Debug\\Exceptions.php')
 2 SYSTEMPATH\Autoloader\Autoloader.php(487): helper([...])
 3 SYSTEMPATH\Boot.php(249): CodeIgniter\Autoloader\Autoloader->loadHelpers()
 4 SYSTEMPATH\Boot.php(64): CodeIgniter\Boot::autoloadHelpers()
 5 FCPATH\index.php(56): CodeIgniter\Boot::bootWeb(Object(Config\Paths))
WARNING - 2024-08-30 14:21:36 --> [DEPRECATED] Optional parameter $type declared before required parameter $message is implicitly treated as a required parameter in APPPATH\Helpers\admin_helper.php on line 45.
 1 SYSTEMPATH\Common.php(640): include_once('C:\\Users\\QBS AK\\Desktop\\xampp\\htdocs\\project-root\\vendor\\codeigniter4\\framework\\system\\Debug\\Exceptions.php')
 2 SYSTEMPATH\Autoloader\Autoloader.php(487): helper([...])
 3 SYSTEMPATH\Boot.php(249): CodeIgniter\Autoloader\Autoloader->loadHelpers()
 4 SYSTEMPATH\Boot.php(64): CodeIgniter\Boot::autoloadHelpers()
 5 FCPATH\index.php(56): CodeIgniter\Boot::bootWeb(Object(Config\Paths))
WARNING - 2024-08-30 14:52:03 --> [DEPRECATED] Optional parameter $type declared before required parameter $message is implicitly treated as a required parameter in APPPATH\Helpers\admin_helper.php on line 45.
 1 SYSTEMPATH\Common.php(640): include_once('C:\\Users\\QBS AK\\Desktop\\xampp\\htdocs\\project-root\\vendor\\codeigniter4\\framework\\system\\Debug\\Exceptions.php')
 2 SYSTEMPATH\Autoloader\Autoloader.php(487): helper([...])
 3 SYSTEMPATH\Boot.php(249): CodeIgniter\Autoloader\Autoloader->loadHelpers()
 4 SYSTEMPATH\Boot.php(64): CodeIgniter\Boot::autoloadHelpers()
 5 FCPATH\index.php(56): CodeIgniter\Boot::bootWeb(Object(Config\Paths))
INFO - 2024-08-30 12:52:03 --> Session: Class initialized using 'CodeIgniter\Session\Handlers\DatabaseHandler' driver.
WARNING - 2024-08-30 14:52:03 --> [DEPRECATED] Optional parameter $type declared before required parameter $message is implicitly treated as a required parameter in APPPATH\Helpers\admin_helper.php on line 45.
 1 SYSTEMPATH\Common.php(640): include_once('C:\\Users\\QBS AK\\Desktop\\xampp\\htdocs\\project-root\\vendor\\codeigniter4\\framework\\system\\Debug\\Exceptions.php')
 2 SYSTEMPATH\Autoloader\Autoloader.php(487): helper([...])
 3 SYSTEMPATH\Boot.php(249): CodeIgniter\Autoloader\Autoloader->loadHelpers()
 4 SYSTEMPATH\Boot.php(64): CodeIgniter\Boot::autoloadHelpers()
 5 FCPATH\index.php(56): CodeIgniter\Boot::bootWeb(Object(Config\Paths))
WARNING - 2024-08-30 14:52:04 --> [DEPRECATED] Optional parameter $type declared before required parameter $message is implicitly treated as a required parameter in APPPATH\Helpers\admin_helper.php on line 45.
 1 SYSTEMPATH\Common.php(640): include_once('C:\\Users\\QBS AK\\Desktop\\xampp\\htdocs\\project-root\\vendor\\codeigniter4\\framework\\system\\Debug\\Exceptions.php')
 2 SYSTEMPATH\Autoloader\Autoloader.php(487): helper([...])
 3 SYSTEMPATH\Boot.php(249): CodeIgniter\Autoloader\Autoloader->loadHelpers()
 4 SYSTEMPATH\Boot.php(64): CodeIgniter\Boot::autoloadHelpers()
 5 FCPATH\index.php(56): CodeIgniter\Boot::bootWeb(Object(Config\Paths))
WARNING - 2024-08-30 14:54:25 --> [DEPRECATED] Optional parameter $type declared before required parameter $message is implicitly treated as a required parameter in APPPATH\Helpers\admin_helper.php on line 45.
 1 SYSTEMPATH\Common.php(640): include_once('C:\\Users\\QBS AK\\Desktop\\xampp\\htdocs\\project-root\\vendor\\codeigniter4\\framework\\system\\Debug\\Exceptions.php')
 2 SYSTEMPATH\Autoloader\Autoloader.php(487): helper([...])
 3 SYSTEMPATH\Boot.php(249): CodeIgniter\Autoloader\Autoloader->loadHelpers()
 4 SYSTEMPATH\Boot.php(64): CodeIgniter\Boot::autoloadHelpers()
 5 FCPATH\index.php(56): CodeIgniter\Boot::bootWeb(Object(Config\Paths))
INFO - 2024-08-30 12:54:25 --> Session: Class initialized using 'CodeIgniter\Session\Handlers\DatabaseHandler' driver.
WARNING - 2024-08-30 14:54:25 --> [DEPRECATED] Optional parameter $type declared before required parameter $message is implicitly treated as a required parameter in APPPATH\Helpers\admin_helper.php on line 45.
 1 SYSTEMPATH\Common.php(640): include_once('C:\\Users\\QBS AK\\Desktop\\xampp\\htdocs\\project-root\\vendor\\codeigniter4\\framework\\system\\Debug\\Exceptions.php')
 2 SYSTEMPATH\Autoloader\Autoloader.php(487): helper([...])
 3 SYSTEMPATH\Boot.php(249): CodeIgniter\Autoloader\Autoloader->loadHelpers()
 4 SYSTEMPATH\Boot.php(64): CodeIgniter\Boot::autoloadHelpers()
 5 FCPATH\index.php(56): CodeIgniter\Boot::bootWeb(Object(Config\Paths))
INFO - 2024-08-30 12:54:26 --> Session: Class initialized using 'CodeIgniter\Session\Handlers\DatabaseHandler' driver.
WARNING - 2024-08-30 14:54:26 --> [DEPRECATED] Optional parameter $type declared before required parameter $message is implicitly treated as a required parameter in APPPATH\Helpers\admin_helper.php on line 45.
 1 SYSTEMPATH\Common.php(640): include_once('C:\\Users\\QBS AK\\Desktop\\xampp\\htdocs\\project-root\\vendor\\codeigniter4\\framework\\system\\Debug\\Exceptions.php')
 2 SYSTEMPATH\Autoloader\Autoloader.php(487): helper([...])
 3 SYSTEMPATH\Boot.php(249): CodeIgniter\Autoloader\Autoloader->loadHelpers()
 4 SYSTEMPATH\Boot.php(64): CodeIgniter\Boot::autoloadHelpers()
 5 FCPATH\index.php(56): CodeIgniter\Boot::bootWeb(Object(Config\Paths))
WARNING - 2024-08-30 14:54:26 --> [DEPRECATED] Optional parameter $type declared before required parameter $message is implicitly treated as a required parameter in APPPATH\Helpers\admin_helper.php on line 45.
 1 SYSTEMPATH\Common.php(640): include_once('C:\\Users\\QBS AK\\Desktop\\xampp\\htdocs\\project-root\\vendor\\codeigniter4\\framework\\system\\Debug\\Exceptions.php')
 2 SYSTEMPATH\Autoloader\Autoloader.php(487): helper([...])
 3 SYSTEMPATH\Boot.php(249): CodeIgniter\Autoloader\Autoloader->loadHelpers()
 4 SYSTEMPATH\Boot.php(64): CodeIgniter\Boot::autoloadHelpers()
 5 FCPATH\index.php(56): CodeIgniter\Boot::bootWeb(Object(Config\Paths))
WARNING - 2024-08-30 15:02:28 --> [DEPRECATED] Optional parameter $type declared before required parameter $message is implicitly treated as a required parameter in APPPATH\Helpers\admin_helper.php on line 45.
 1 SYSTEMPATH\Common.php(640): include_once('C:\\Users\\QBS AK\\Desktop\\xampp\\htdocs\\project-root\\vendor\\codeigniter4\\framework\\system\\Debug\\Exceptions.php')
 2 SYSTEMPATH\Autoloader\Autoloader.php(487): helper([...])
 3 SYSTEMPATH\Boot.php(249): CodeIgniter\Autoloader\Autoloader->loadHelpers()
 4 SYSTEMPATH\Boot.php(64): CodeIgniter\Boot::autoloadHelpers()
 5 FCPATH\index.php(56): CodeIgniter\Boot::bootWeb(Object(Config\Paths))
INFO - 2024-08-30 13:02:28 --> Session: Class initialized using 'CodeIgniter\Session\Handlers\DatabaseHandler' driver.
WARNING - 2024-08-30 15:02:28 --> [DEPRECATED] Optional parameter $type declared before required parameter $message is implicitly treated as a required parameter in APPPATH\Helpers\admin_helper.php on line 45.
 1 SYSTEMPATH\Common.php(640): include_once('C:\\Users\\QBS AK\\Desktop\\xampp\\htdocs\\project-root\\vendor\\codeigniter4\\framework\\system\\Debug\\Exceptions.php')
 2 SYSTEMPATH\Autoloader\Autoloader.php(487): helper([...])
 3 SYSTEMPATH\Boot.php(249): CodeIgniter\Autoloader\Autoloader->loadHelpers()
 4 SYSTEMPATH\Boot.php(64): CodeIgniter\Boot::autoloadHelpers()
 5 FCPATH\index.php(56): CodeIgniter\Boot::bootWeb(Object(Config\Paths))
INFO - 2024-08-30 13:02:28 --> Session: Class initialized using 'CodeIgniter\Session\Handlers\DatabaseHandler' driver.
WARNING - 2024-08-30 15:02:28 --> [DEPRECATED] Optional parameter $type declared before required parameter $message is implicitly treated as a required parameter in APPPATH\Helpers\admin_helper.php on line 45.
 1 SYSTEMPATH\Common.php(640): include_once('C:\\Users\\QBS AK\\Desktop\\xampp\\htdocs\\project-root\\vendor\\codeigniter4\\framework\\system\\Debug\\Exceptions.php')
 2 SYSTEMPATH\Autoloader\Autoloader.php(487): helper([...])
 3 SYSTEMPATH\Boot.php(249): CodeIgniter\Autoloader\Autoloader->loadHelpers()
 4 SYSTEMPATH\Boot.php(64): CodeIgniter\Boot::autoloadHelpers()
 5 FCPATH\index.php(56): CodeIgniter\Boot::bootWeb(Object(Config\Paths))
WARNING - 2024-08-30 15:02:29 --> [DEPRECATED] Optional parameter $type declared before required parameter $message is implicitly treated as a required parameter in APPPATH\Helpers\admin_helper.php on line 45.
 1 SYSTEMPATH\Common.php(640): include_once('C:\\Users\\QBS AK\\Desktop\\xampp\\htdocs\\project-root\\vendor\\codeigniter4\\framework\\system\\Debug\\Exceptions.php')
 2 SYSTEMPATH\Autoloader\Autoloader.php(487): helper([...])
 3 SYSTEMPATH\Boot.php(249): CodeIgniter\Autoloader\Autoloader->loadHelpers()
 4 SYSTEMPATH\Boot.php(64): CodeIgniter\Boot::autoloadHelpers()
 5 FCPATH\index.php(56): CodeIgniter\Boot::bootWeb(Object(Config\Paths))
WARNING - 2024-08-30 15:02:34 --> [DEPRECATED] Optional parameter $type declared before required parameter $message is implicitly treated as a required parameter in APPPATH\Helpers\admin_helper.php on line 45.
 1 SYSTEMPATH\Common.php(640): include_once('C:\\Users\\QBS AK\\Desktop\\xampp\\htdocs\\project-root\\vendor\\codeigniter4\\framework\\system\\Debug\\Exceptions.php')
 2 SYSTEMPATH\Autoloader\Autoloader.php(487): helper([...])
 3 SYSTEMPATH\Boot.php(249): CodeIgniter\Autoloader\Autoloader->loadHelpers()
 4 SYSTEMPATH\Boot.php(64): CodeIgniter\Boot::autoloadHelpers()
 5 FCPATH\index.php(56): CodeIgniter\Boot::bootWeb(Object(Config\Paths))
INFO - 2024-08-30 13:02:34 --> Session: Class initialized using 'CodeIgniter\Session\Handlers\DatabaseHandler' driver.
WARNING - 2024-08-30 15:02:34 --> [DEPRECATED] Optional parameter $type declared before required parameter $message is implicitly treated as a required parameter in APPPATH\Helpers\admin_helper.php on line 45.
 1 SYSTEMPATH\Common.php(640): include_once('C:\\Users\\QBS AK\\Desktop\\xampp\\htdocs\\project-root\\vendor\\codeigniter4\\framework\\system\\Debug\\Exceptions.php')
 2 SYSTEMPATH\Autoloader\Autoloader.php(487): helper([...])
 3 SYSTEMPATH\Boot.php(249): CodeIgniter\Autoloader\Autoloader->loadHelpers()
 4 SYSTEMPATH\Boot.php(64): CodeIgniter\Boot::autoloadHelpers()
 5 FCPATH\index.php(56): CodeIgniter\Boot::bootWeb(Object(Config\Paths))
WARNING - 2024-08-30 15:02:40 --> [DEPRECATED] Optional parameter $type declared before required parameter $message is implicitly treated as a required parameter in APPPATH\Helpers\admin_helper.php on line 45.
 1 SYSTEMPATH\Common.php(640): include_once('C:\\Users\\QBS AK\\Desktop\\xampp\\htdocs\\project-root\\vendor\\codeigniter4\\framework\\system\\Debug\\Exceptions.php')
 2 SYSTEMPATH\Autoloader\Autoloader.php(487): helper([...])
 3 SYSTEMPATH\Boot.php(249): CodeIgniter\Autoloader\Autoloader->loadHelpers()
 4 SYSTEMPATH\Boot.php(64): CodeIgniter\Boot::autoloadHelpers()
 5 FCPATH\index.php(56): CodeIgniter\Boot::bootWeb(Object(Config\Paths))
WARNING - 2024-08-30 15:02:41 --> [DEPRECATED] Optional parameter $type declared before required parameter $message is implicitly treated as a required parameter in APPPATH\Helpers\admin_helper.php on line 45.
 1 SYSTEMPATH\Common.php(640): include_once('C:\\Users\\QBS AK\\Desktop\\xampp\\htdocs\\project-root\\vendor\\codeigniter4\\framework\\system\\Debug\\Exceptions.php')
 2 SYSTEMPATH\Autoloader\Autoloader.php(487): helper([...])
 3 SYSTEMPATH\Boot.php(249): CodeIgniter\Autoloader\Autoloader->loadHelpers()
 4 SYSTEMPATH\Boot.php(64): CodeIgniter\Boot::autoloadHelpers()
 5 FCPATH\index.php(56): CodeIgniter\Boot::bootWeb(Object(Config\Paths))
WARNING - 2024-08-30 15:03:06 --> [DEPRECATED] Optional parameter $type declared before required parameter $message is implicitly treated as a required parameter in APPPATH\Helpers\admin_helper.php on line 45.
 1 SYSTEMPATH\Common.php(640): include_once('C:\\Users\\QBS AK\\Desktop\\xampp\\htdocs\\project-root\\vendor\\codeigniter4\\framework\\system\\Debug\\Exceptions.php')
 2 SYSTEMPATH\Autoloader\Autoloader.php(487): helper([...])
 3 SYSTEMPATH\Boot.php(249): CodeIgniter\Autoloader\Autoloader->loadHelpers()
 4 SYSTEMPATH\Boot.php(64): CodeIgniter\Boot::autoloadHelpers()
 5 FCPATH\index.php(56): CodeIgniter\Boot::bootWeb(Object(Config\Paths))
INFO - 2024-08-30 13:03:07 --> Session: Class initialized using 'CodeIgniter\Session\Handlers\DatabaseHandler' driver.
WARNING - 2024-08-30 15:03:07 --> [DEPRECATED] Optional parameter $type declared before required parameter $message is implicitly treated as a required parameter in APPPATH\Helpers\admin_helper.php on line 45.
 1 SYSTEMPATH\Common.php(640): include_once('C:\\Users\\QBS AK\\Desktop\\xampp\\htdocs\\project-root\\vendor\\codeigniter4\\framework\\system\\Debug\\Exceptions.php')
 2 SYSTEMPATH\Autoloader\Autoloader.php(487): helper([...])
 3 SYSTEMPATH\Boot.php(249): CodeIgniter\Autoloader\Autoloader->loadHelpers()
 4 SYSTEMPATH\Boot.php(64): CodeIgniter\Boot::autoloadHelpers()
 5 FCPATH\index.php(56): CodeIgniter\Boot::bootWeb(Object(Config\Paths))
INFO - 2024-08-30 13:03:07 --> Session: Class initialized using 'CodeIgniter\Session\Handlers\DatabaseHandler' driver.
WARNING - 2024-08-30 15:03:07 --> [DEPRECATED] Optional parameter $type declared before required parameter $message is implicitly treated as a required parameter in APPPATH\Helpers\admin_helper.php on line 45.
 1 SYSTEMPATH\Common.php(640): include_once('C:\\Users\\QBS AK\\Desktop\\xampp\\htdocs\\project-root\\vendor\\codeigniter4\\framework\\system\\Debug\\Exceptions.php')
 2 SYSTEMPATH\Autoloader\Autoloader.php(487): helper([...])
 3 SYSTEMPATH\Boot.php(249): CodeIgniter\Autoloader\Autoloader->loadHelpers()
 4 SYSTEMPATH\Boot.php(64): CodeIgniter\Boot::autoloadHelpers()
 5 FCPATH\index.php(56): CodeIgniter\Boot::bootWeb(Object(Config\Paths))
WARNING - 2024-08-30 15:03:07 --> [DEPRECATED] Optional parameter $type declared before required parameter $message is implicitly treated as a required parameter in APPPATH\Helpers\admin_helper.php on line 45.
 1 SYSTEMPATH\Common.php(640): include_once('C:\\Users\\QBS AK\\Desktop\\xampp\\htdocs\\project-root\\vendor\\codeigniter4\\framework\\system\\Debug\\Exceptions.php')
 2 SYSTEMPATH\Autoloader\Autoloader.php(487): helper([...])
 3 SYSTEMPATH\Boot.php(249): CodeIgniter\Autoloader\Autoloader->loadHelpers()
 4 SYSTEMPATH\Boot.php(64): CodeIgniter\Boot::autoloadHelpers()
 5 FCPATH\index.php(56): CodeIgniter\Boot::bootWeb(Object(Config\Paths))
WARNING - 2024-08-30 15:03:09 --> [DEPRECATED] Optional parameter $type declared before required parameter $message is implicitly treated as a required parameter in APPPATH\Helpers\admin_helper.php on line 45.
 1 SYSTEMPATH\Common.php(640): include_once('C:\\Users\\QBS AK\\Desktop\\xampp\\htdocs\\project-root\\vendor\\codeigniter4\\framework\\system\\Debug\\Exceptions.php')
 2 SYSTEMPATH\Autoloader\Autoloader.php(487): helper([...])
 3 SYSTEMPATH\Boot.php(249): CodeIgniter\Autoloader\Autoloader->loadHelpers()
 4 SYSTEMPATH\Boot.php(64): CodeIgniter\Boot::autoloadHelpers()
 5 FCPATH\index.php(56): CodeIgniter\Boot::bootWeb(Object(Config\Paths))
INFO - 2024-08-30 13:03:09 --> Session: Class initialized using 'CodeIgniter\Session\Handlers\DatabaseHandler' driver.
WARNING - 2024-08-30 15:03:09 --> [DEPRECATED] Optional parameter $type declared before required parameter $message is implicitly treated as a required parameter in APPPATH\Helpers\admin_helper.php on line 45.
 1 SYSTEMPATH\Common.php(640): include_once('C:\\Users\\QBS AK\\Desktop\\xampp\\htdocs\\project-root\\vendor\\codeigniter4\\framework\\system\\Debug\\Exceptions.php')
 2 SYSTEMPATH\Autoloader\Autoloader.php(487): helper([...])
 3 SYSTEMPATH\Boot.php(249): CodeIgniter\Autoloader\Autoloader->loadHelpers()
 4 SYSTEMPATH\Boot.php(64): CodeIgniter\Boot::autoloadHelpers()
 5 FCPATH\index.php(56): CodeIgniter\Boot::bootWeb(Object(Config\Paths))
WARNING - 2024-08-30 15:03:09 --> [DEPRECATED] Optional parameter $type declared before required parameter $message is implicitly treated as a required parameter in APPPATH\Helpers\admin_helper.php on line 45.
 1 SYSTEMPATH\Common.php(640): include_once('C:\\Users\\QBS AK\\Desktop\\xampp\\htdocs\\project-root\\vendor\\codeigniter4\\framework\\system\\Debug\\Exceptions.php')
 2 SYSTEMPATH\Autoloader\Autoloader.php(487): helper([...])
 3 SYSTEMPATH\Boot.php(249): CodeIgniter\Autoloader\Autoloader->loadHelpers()
 4 SYSTEMPATH\Boot.php(64): CodeIgniter\Boot::autoloadHelpers()
 5 FCPATH\index.php(56): CodeIgniter\Boot::bootWeb(Object(Config\Paths))
WARNING - 2024-08-30 15:11:07 --> [DEPRECATED] Optional parameter $type declared before required parameter $message is implicitly treated as a required parameter in APPPATH\Helpers\admin_helper.php on line 45.
 1 SYSTEMPATH\Common.php(640): include_once('C:\\Users\\QBS AK\\Desktop\\xampp\\htdocs\\project-root\\vendor\\codeigniter4\\framework\\system\\Debug\\Exceptions.php')
 2 SYSTEMPATH\Autoloader\Autoloader.php(487): helper([...])
 3 SYSTEMPATH\Boot.php(249): CodeIgniter\Autoloader\Autoloader->loadHelpers()
 4 SYSTEMPATH\Boot.php(64): CodeIgniter\Boot::autoloadHelpers()
 5 FCPATH\index.php(56): CodeIgniter\Boot::bootWeb(Object(Config\Paths))
INFO - 2024-08-30 13:11:08 --> Session: Class initialized using 'CodeIgniter\Session\Handlers\DatabaseHandler' driver.
WARNING - 2024-08-30 15:11:08 --> [DEPRECATED] Optional parameter $type declared before required parameter $message is implicitly treated as a required parameter in APPPATH\Helpers\admin_helper.php on line 45.
 1 SYSTEMPATH\Common.php(640): include_once('C:\\Users\\QBS AK\\Desktop\\xampp\\htdocs\\project-root\\vendor\\codeigniter4\\framework\\system\\Debug\\Exceptions.php')
 2 SYSTEMPATH\Autoloader\Autoloader.php(487): helper([...])
 3 SYSTEMPATH\Boot.php(249): CodeIgniter\Autoloader\Autoloader->loadHelpers()
 4 SYSTEMPATH\Boot.php(64): CodeIgniter\Boot::autoloadHelpers()
 5 FCPATH\index.php(56): CodeIgniter\Boot::bootWeb(Object(Config\Paths))
WARNING - 2024-08-30 15:11:08 --> [DEPRECATED] Optional parameter $type declared before required parameter $message is implicitly treated as a required parameter in APPPATH\Helpers\admin_helper.php on line 45.
 1 SYSTEMPATH\Common.php(640): include_once('C:\\Users\\QBS AK\\Desktop\\xampp\\htdocs\\project-root\\vendor\\codeigniter4\\framework\\system\\Debug\\Exceptions.php')
 2 SYSTEMPATH\Autoloader\Autoloader.php(487): helper([...])
 3 SYSTEMPATH\Boot.php(249): CodeIgniter\Autoloader\Autoloader->loadHelpers()
 4 SYSTEMPATH\Boot.php(64): CodeIgniter\Boot::autoloadHelpers()
 5 FCPATH\index.php(56): CodeIgniter\Boot::bootWeb(Object(Config\Paths))
WARNING - 2024-08-30 15:11:12 --> [DEPRECATED] Optional parameter $type declared before required parameter $message is implicitly treated as a required parameter in APPPATH\Helpers\admin_helper.php on line 45.
 1 SYSTEMPATH\Common.php(640): include_once('C:\\Users\\QBS AK\\Desktop\\xampp\\htdocs\\project-root\\vendor\\codeigniter4\\framework\\system\\Debug\\Exceptions.php')
 2 SYSTEMPATH\Autoloader\Autoloader.php(487): helper([...])
 3 SYSTEMPATH\Boot.php(249): CodeIgniter\Autoloader\Autoloader->loadHelpers()
 4 SYSTEMPATH\Boot.php(64): CodeIgniter\Boot::autoloadHelpers()
 5 FCPATH\index.php(56): CodeIgniter\Boot::bootWeb(Object(Config\Paths))
WARNING - 2024-08-30 15:11:12 --> [DEPRECATED] Optional parameter $type declared before required parameter $message is implicitly treated as a required parameter in APPPATH\Helpers\admin_helper.php on line 45.
 1 SYSTEMPATH\Common.php(640): include_once('C:\\Users\\QBS AK\\Desktop\\xampp\\htdocs\\project-root\\vendor\\codeigniter4\\framework\\system\\Debug\\Exceptions.php')
 2 SYSTEMPATH\Autoloader\Autoloader.php(487): helper([...])
 3 SYSTEMPATH\Boot.php(249): CodeIgniter\Autoloader\Autoloader->loadHelpers()
 4 SYSTEMPATH\Boot.php(64): CodeIgniter\Boot::autoloadHelpers()
 5 FCPATH\index.php(56): CodeIgniter\Boot::bootWeb(Object(Config\Paths))
WARNING - 2024-08-30 15:18:00 --> [DEPRECATED] Optional parameter $type declared before required parameter $message is implicitly treated as a required parameter in APPPATH\Helpers\admin_helper.php on line 45.
 1 SYSTEMPATH\Common.php(640): include_once('C:\\Users\\QBS AK\\Desktop\\xampp\\htdocs\\project-root\\vendor\\codeigniter4\\framework\\system\\Debug\\Exceptions.php')
 2 SYSTEMPATH\Autoloader\Autoloader.php(487): helper([...])
 3 SYSTEMPATH\Boot.php(249): CodeIgniter\Autoloader\Autoloader->loadHelpers()
 4 SYSTEMPATH\Boot.php(64): CodeIgniter\Boot::autoloadHelpers()
 5 FCPATH\index.php(56): CodeIgniter\Boot::bootWeb(Object(Config\Paths))
INFO - 2024-08-30 13:18:00 --> Session: Class initialized using 'CodeIgniter\Session\Handlers\DatabaseHandler' driver.
WARNING - 2024-08-30 15:18:00 --> [DEPRECATED] Optional parameter $type declared before required parameter $message is implicitly treated as a required parameter in APPPATH\Helpers\admin_helper.php on line 45.
 1 SYSTEMPATH\Common.php(640): include_once('C:\\Users\\QBS AK\\Desktop\\xampp\\htdocs\\project-root\\vendor\\codeigniter4\\framework\\system\\Debug\\Exceptions.php')
 2 SYSTEMPATH\Autoloader\Autoloader.php(487): helper([...])
 3 SYSTEMPATH\Boot.php(249): CodeIgniter\Autoloader\Autoloader->loadHelpers()
 4 SYSTEMPATH\Boot.php(64): CodeIgniter\Boot::autoloadHelpers()
 5 FCPATH\index.php(56): CodeIgniter\Boot::bootWeb(Object(Config\Paths))
WARNING - 2024-08-30 15:18:00 --> [DEPRECATED] Optional parameter $type declared before required parameter $message is implicitly treated as a required parameter in APPPATH\Helpers\admin_helper.php on line 45.
 1 SYSTEMPATH\Common.php(640): include_once('C:\\Users\\QBS AK\\Desktop\\xampp\\htdocs\\project-root\\vendor\\codeigniter4\\framework\\system\\Debug\\Exceptions.php')
 2 SYSTEMPATH\Autoloader\Autoloader.php(487): helper([...])
 3 SYSTEMPATH\Boot.php(249): CodeIgniter\Autoloader\Autoloader->loadHelpers()
 4 SYSTEMPATH\Boot.php(64): CodeIgniter\Boot::autoloadHelpers()
 5 FCPATH\index.php(56): CodeIgniter\Boot::bootWeb(Object(Config\Paths))
WARNING - 2024-08-30 15:18:03 --> [DEPRECATED] Optional parameter $type declared before required parameter $message is implicitly treated as a required parameter in APPPATH\Helpers\admin_helper.php on line 45.
 1 SYSTEMPATH\Common.php(640): include_once('C:\\Users\\QBS AK\\Desktop\\xampp\\htdocs\\project-root\\vendor\\codeigniter4\\framework\\system\\Debug\\Exceptions.php')
 2 SYSTEMPATH\Autoloader\Autoloader.php(487): helper([...])
 3 SYSTEMPATH\Boot.php(249): CodeIgniter\Autoloader\Autoloader->loadHelpers()
 4 SYSTEMPATH\Boot.php(64): CodeIgniter\Boot::autoloadHelpers()
 5 FCPATH\index.php(56): CodeIgniter\Boot::bootWeb(Object(Config\Paths))
INFO - 2024-08-30 13:18:03 --> Session: Class initialized using 'CodeIgniter\Session\Handlers\DatabaseHandler' driver.
WARNING - 2024-08-30 15:18:03 --> [DEPRECATED] Optional parameter $type declared before required parameter $message is implicitly treated as a required parameter in APPPATH\Helpers\admin_helper.php on line 45.
 1 SYSTEMPATH\Common.php(640): include_once('C:\\Users\\QBS AK\\Desktop\\xampp\\htdocs\\project-root\\vendor\\codeigniter4\\framework\\system\\Debug\\Exceptions.php')
 2 SYSTEMPATH\Autoloader\Autoloader.php(487): helper([...])
 3 SYSTEMPATH\Boot.php(249): CodeIgniter\Autoloader\Autoloader->loadHelpers()
 4 SYSTEMPATH\Boot.php(64): CodeIgniter\Boot::autoloadHelpers()
 5 FCPATH\index.php(56): CodeIgniter\Boot::bootWeb(Object(Config\Paths))
WARNING - 2024-08-30 15:18:03 --> [DEPRECATED] Optional parameter $type declared before required parameter $message is implicitly treated as a required parameter in APPPATH\Helpers\admin_helper.php on line 45.
 1 SYSTEMPATH\Common.php(640): include_once('C:\\Users\\QBS AK\\Desktop\\xampp\\htdocs\\project-root\\vendor\\codeigniter4\\framework\\system\\Debug\\Exceptions.php')
 2 SYSTEMPATH\Autoloader\Autoloader.php(487): helper([...])
 3 SYSTEMPATH\Boot.php(249): CodeIgniter\Autoloader\Autoloader->loadHelpers()
 4 SYSTEMPATH\Boot.php(64): CodeIgniter\Boot::autoloadHelpers()
 5 FCPATH\index.php(56): CodeIgniter\Boot::bootWeb(Object(Config\Paths))
WARNING - 2024-08-30 15:19:21 --> [DEPRECATED] Optional parameter $type declared before required parameter $message is implicitly treated as a required parameter in APPPATH\Helpers\admin_helper.php on line 45.
 1 SYSTEMPATH\Common.php(640): include_once('C:\\Users\\QBS AK\\Desktop\\xampp\\htdocs\\project-root\\vendor\\codeigniter4\\framework\\system\\Debug\\Exceptions.php')
 2 SYSTEMPATH\Autoloader\Autoloader.php(487): helper([...])
 3 SYSTEMPATH\Boot.php(249): CodeIgniter\Autoloader\Autoloader->loadHelpers()
 4 SYSTEMPATH\Boot.php(64): CodeIgniter\Boot::autoloadHelpers()
 5 FCPATH\index.php(56): CodeIgniter\Boot::bootWeb(Object(Config\Paths))
INFO - 2024-08-30 13:19:22 --> Session: Class initialized using 'CodeIgniter\Session\Handlers\DatabaseHandler' driver.
WARNING - 2024-08-30 15:19:22 --> [DEPRECATED] Optional parameter $type declared before required parameter $message is implicitly treated as a required parameter in APPPATH\Helpers\admin_helper.php on line 45.
 1 SYSTEMPATH\Common.php(640): include_once('C:\\Users\\QBS AK\\Desktop\\xampp\\htdocs\\project-root\\vendor\\codeigniter4\\framework\\system\\Debug\\Exceptions.php')
 2 SYSTEMPATH\Autoloader\Autoloader.php(487): helper([...])
 3 SYSTEMPATH\Boot.php(249): CodeIgniter\Autoloader\Autoloader->loadHelpers()
 4 SYSTEMPATH\Boot.php(64): CodeIgniter\Boot::autoloadHelpers()
 5 FCPATH\index.php(56): CodeIgniter\Boot::bootWeb(Object(Config\Paths))
WARNING - 2024-08-30 15:19:22 --> [DEPRECATED] Optional parameter $type declared before required parameter $message is implicitly treated as a required parameter in APPPATH\Helpers\admin_helper.php on line 45.
 1 SYSTEMPATH\Common.php(640): include_once('C:\\Users\\QBS AK\\Desktop\\xampp\\htdocs\\project-root\\vendor\\codeigniter4\\framework\\system\\Debug\\Exceptions.php')
 2 SYSTEMPATH\Autoloader\Autoloader.php(487): helper([...])
 3 SYSTEMPATH\Boot.php(249): CodeIgniter\Autoloader\Autoloader->loadHelpers()
 4 SYSTEMPATH\Boot.php(64): CodeIgniter\Boot::autoloadHelpers()
 5 FCPATH\index.php(56): CodeIgniter\Boot::bootWeb(Object(Config\Paths))
WARNING - 2024-08-30 15:19:37 --> [DEPRECATED] Optional parameter $type declared before required parameter $message is implicitly treated as a required parameter in APPPATH\Helpers\admin_helper.php on line 45.
 1 SYSTEMPATH\Common.php(640): include_once('C:\\Users\\QBS AK\\Desktop\\xampp\\htdocs\\project-root\\vendor\\codeigniter4\\framework\\system\\Debug\\Exceptions.php')
 2 SYSTEMPATH\Autoloader\Autoloader.php(487): helper([...])
 3 SYSTEMPATH\Boot.php(249): CodeIgniter\Autoloader\Autoloader->loadHelpers()
 4 SYSTEMPATH\Boot.php(64): CodeIgniter\Boot::autoloadHelpers()
 5 FCPATH\index.php(56): CodeIgniter\Boot::bootWeb(Object(Config\Paths))
CRITICAL - 2024-08-30 13:19:38 --> CodeIgniter\Honeypot\Exceptions\HoneypotException: Honeypot.theClientIsABot
[Method: POST, Route: auth/admin/processLogin]
in SYSTEMPATH\Filters\Honeypot.php on line 44.
 1 SYSTEMPATH\Filters\Honeypot.php(44): CodeIgniter\Honeypot\Exceptions\HoneypotException::isBot()
 2 SYSTEMPATH\Filters\Filters.php(203): CodeIgniter\Filters\Honeypot->before(Object(CodeIgniter\HTTP\IncomingRequest), null)
 3 SYSTEMPATH\Filters\Filters.php(184): CodeIgniter\Filters\Filters->runBefore([...])
 4 SYSTEMPATH\CodeIgniter.php(481): CodeIgniter\Filters\Filters->run('auth/admin/processLogin', 'before')
 5 SYSTEMPATH\CodeIgniter.php(355): CodeIgniter\CodeIgniter->handleRequest(null, Object(Config\Cache), false)
 6 SYSTEMPATH\Boot.php(325): CodeIgniter\CodeIgniter->run()
 7 SYSTEMPATH\Boot.php(67): CodeIgniter\Boot::runCodeIgniter(Object(CodeIgniter\CodeIgniter))
 8 FCPATH\index.php(56): CodeIgniter\Boot::bootWeb(Object(Config\Paths))
WARNING - 2024-08-30 13:20:27 --> [DEPRECATED] Optional parameter $type declared before required parameter $message is implicitly treated as a required parameter in APPPATH\Helpers\admin_helper.php on line 45.
 1 SYSTEMPATH\Common.php(640): include_once('C:\\Users\\QBS AK\\Desktop\\xampp\\htdocs\\project-root\\vendor\\codeigniter4\\framework\\system\\Debug\\Exceptions.php')
 2 SYSTEMPATH\Autoloader\Autoloader.php(487): helper([...])
 3 SYSTEMPATH\Boot.php(249): CodeIgniter\Autoloader\Autoloader->loadHelpers()
 4 SYSTEMPATH\Boot.php(99): CodeIgniter\Boot::autoloadHelpers()
 5 ROOTPATH\spark(84): CodeIgniter\Boot::bootSpark(Object(Config\Paths))
CRITICAL - 2024-08-30 13:20:31 --> CodeIgniter\Honeypot\Exceptions\HoneypotException: Honeypot.theClientIsABot
[Method: POST, Route: auth/admin/processLogin]
in SYSTEMPATH\Filters\Honeypot.php on line 44.
 1 SYSTEMPATH\Filters\Honeypot.php(44): CodeIgniter\Honeypot\Exceptions\HoneypotException::isBot()
 2 SYSTEMPATH\Filters\Filters.php(203): CodeIgniter\Filters\Honeypot->before(Object(CodeIgniter\HTTP\IncomingRequest), null)
 3 SYSTEMPATH\Filters\Filters.php(184): CodeIgniter\Filters\Filters->runBefore([...])
 4 SYSTEMPATH\CodeIgniter.php(481): CodeIgniter\Filters\Filters->run('auth/admin/processLogin', 'before')
 5 SYSTEMPATH\CodeIgniter.php(355): CodeIgniter\CodeIgniter->handleRequest(null, Object(Config\Cache), false)
 6 SYSTEMPATH\Boot.php(325): CodeIgniter\CodeIgniter->run()
 7 SYSTEMPATH\Boot.php(67): CodeIgniter\Boot::runCodeIgniter(Object(CodeIgniter\CodeIgniter))
 8 FCPATH\index.php(56): CodeIgniter\Boot::bootWeb(Object(Config\Paths))
