CRITICAL - 2024-08-22 09:19:48 --> ParseError: Unclosed '[' on line 12 does not match '}'
[Method: CLI, Route: make:controller/admin/DashboardController]
in APPPATH\Config\Routes.php on line 14.
 1 SYSTEMPATH\CLI\Console.php(41): CodeIgniter\Router\RouteCollection->loadRoutes()
 2 SYSTEMPATH\Boot.php(351): CodeIgniter\CLI\Console->run()
 3 SYSTEMPATH\Boot.php(104): CodeIgniter\Boot::runCommand()
 4 ROOTPATH\spark(84): CodeIgniter\Boot::bootSpark()
CRITICAL - 2024-08-22 10:14:11 --> CodeIgniter\HTTP\Exceptions\HTTPException: The route for "http://localhost:8080/project-root/index.php/auth/admin" cannot be found.
[Method: GET, Route: admin]
in SYSTEMPATH\HTTP\RedirectResponse.php on line 64.
 1 SYSTEMPATH\HTTP\RedirectResponse.php(64): CodeIgniter\HTTP\Exceptions\HTTPException::forInvalidRedirectRoute('http://localhost:8080/project-root/index.php/auth/admin')
 2 SYSTEMPATH\Common.php(851): CodeIgniter\HTTP\RedirectResponse->route(false)
 3 APPPATH\Filters\AdminAuthFilter.php(31): redirect('http://localhost:8080/project-root/index.php/auth/admin')
 4 SYSTEMPATH\Filters\Filters.php(203): App\Filters\AdminAuthFilter->before(Object(CodeIgniter\HTTP\IncomingRequest), null)
 5 SYSTEMPATH\Filters\Filters.php(184): CodeIgniter\Filters\Filters->runBefore([...])
 6 SYSTEMPATH\CodeIgniter.php(481): CodeIgniter\Filters\Filters->run('admin', 'before')
 7 SYSTEMPATH\CodeIgniter.php(355): CodeIgniter\CodeIgniter->handleRequest(null, Object(Config\Cache), false)
 8 SYSTEMPATH\Boot.php(325): CodeIgniter\CodeIgniter->run()
 9 SYSTEMPATH\Boot.php(67): CodeIgniter\Boot::runCodeIgniter(Object(CodeIgniter\CodeIgniter))
10 FCPATH\index.php(56): CodeIgniter\Boot::bootWeb(Object(Config\Paths))
CRITICAL - 2024-08-22 10:15:23 --> CodeIgniter\HTTP\Exceptions\HTTPException: The route for "http://localhost:8080/project-root/index.php/auth/admin" cannot be found.
[Method: GET, Route: admin]
in SYSTEMPATH\HTTP\RedirectResponse.php on line 64.
 1 SYSTEMPATH\HTTP\RedirectResponse.php(64): CodeIgniter\HTTP\Exceptions\HTTPException::forInvalidRedirectRoute('http://localhost:8080/project-root/index.php/auth/admin')
 2 SYSTEMPATH\Common.php(851): CodeIgniter\HTTP\RedirectResponse->route(false)
 3 APPPATH\Filters\AdminAuthFilter.php(31): redirect('http://localhost:8080/project-root/index.php/auth/admin')
 4 SYSTEMPATH\Filters\Filters.php(203): App\Filters\AdminAuthFilter->before(Object(CodeIgniter\HTTP\IncomingRequest), null)
 5 SYSTEMPATH\Filters\Filters.php(184): CodeIgniter\Filters\Filters->runBefore([...])
 6 SYSTEMPATH\CodeIgniter.php(481): CodeIgniter\Filters\Filters->run('admin', 'before')
 7 SYSTEMPATH\CodeIgniter.php(355): CodeIgniter\CodeIgniter->handleRequest(null, Object(Config\Cache), false)
 8 SYSTEMPATH\Boot.php(325): CodeIgniter\CodeIgniter->run()
 9 SYSTEMPATH\Boot.php(67): CodeIgniter\Boot::runCodeIgniter(Object(CodeIgniter\CodeIgniter))
10 FCPATH\index.php(56): CodeIgniter\Boot::bootWeb(Object(Config\Paths))
CRITICAL - 2024-08-22 11:18:20 --> ArgumentCountError: Too few arguments to function App\Controllers\AuthController::hash(), 0 passed in C:\Users\QBS AK\Desktop\xampp\htdocs\project-root\vendor\codeigniter4\framework\system\CodeIgniter.php on line 933 and exactly 1 expected
[Method: GET, Route: auth/admin/hash]
in APPPATH\Controllers\AuthController.php on line 47.
 1 SYSTEMPATH\CodeIgniter.php(933): App\Controllers\AuthController->hash()
 2 SYSTEMPATH\CodeIgniter.php(509): CodeIgniter\CodeIgniter->runController(Object(App\Controllers\AuthController))
 3 SYSTEMPATH\CodeIgniter.php(355): CodeIgniter\CodeIgniter->handleRequest(null, Object(Config\Cache), false)
 4 SYSTEMPATH\Boot.php(325): CodeIgniter\CodeIgniter->run()
 5 SYSTEMPATH\Boot.php(67): CodeIgniter\Boot::runCodeIgniter(Object(CodeIgniter\CodeIgniter))
 6 FCPATH\index.php(56): CodeIgniter\Boot::bootWeb(Object(Config\Paths))
CRITICAL - 2024-08-22 12:10:44 --> ErrorException: Undefined variable $page
[Method: GET, Route: admin]
in APPPATH\Views\admin\index.php on line 217.
 1 APPPATH\Views\admin\index.php(217): CodeIgniter\Debug\Exceptions->errorHandler(2, 'Undefined variable $page', 'C:\\Users\\QBS AK\\Desktop\\xampp\\htdocs\\project-root\\app\\Views\\admin\\index.php', 217)
 2 SYSTEMPATH\View\View.php(234): include('C:\\Users\\QBS AK\\Desktop\\xampp\\htdocs\\project-root\\app\\Views\\admin\\index.php')
 3 SYSTEMPATH\View\View.php(237): CodeIgniter\View\View->CodeIgniter\View\{closure}()
 4 SYSTEMPATH\Common.php(1169): CodeIgniter\View\View->render('admin/index', [], true)
 5 APPPATH\Controllers\admin\DashboardController.php(14): view('admin/index')
 6 SYSTEMPATH\CodeIgniter.php(933): App\Controllers\Admin\DashboardController->index()
 7 SYSTEMPATH\CodeIgniter.php(509): CodeIgniter\CodeIgniter->runController(Object(App\Controllers\Admin\DashboardController))
 8 SYSTEMPATH\CodeIgniter.php(355): CodeIgniter\CodeIgniter->handleRequest(null, Object(Config\Cache), false)
 9 SYSTEMPATH\Boot.php(325): CodeIgniter\CodeIgniter->run()
10 SYSTEMPATH\Boot.php(67): CodeIgniter\Boot::runCodeIgniter(Object(CodeIgniter\CodeIgniter))
11 FCPATH\index.php(56): CodeIgniter\Boot::bootWeb(Object(Config\Paths))
CRITICAL - 2024-08-22 12:11:53 --> CodeIgniter\View\Exceptions\ViewException: Invalid file: "dashboard/index.php"
[Method: GET, Route: admin]
in SYSTEMPATH\Exceptions\FrameworkException.php on line 41.
 1 SYSTEMPATH\View\View.php(222): CodeIgniter\Exceptions\FrameworkException::forInvalidFile('dashboard/index.php')
 2 SYSTEMPATH\Common.php(1169): CodeIgniter\View\View->render('dashboard/index', [], true)
 3 APPPATH\Views\admin\index.php(217): view('dashboard/index')
 4 SYSTEMPATH\View\View.php(234): include('C:\\Users\\QBS AK\\Desktop\\xampp\\htdocs\\project-root\\app\\Views\\admin\\index.php')
 5 SYSTEMPATH\View\View.php(237): CodeIgniter\View\View->CodeIgniter\View\{closure}()
 6 SYSTEMPATH\Common.php(1169): CodeIgniter\View\View->render('admin/index', [], true)
 7 APPPATH\Controllers\admin\DashboardController.php(16): view('admin/index', [...])
 8 SYSTEMPATH\CodeIgniter.php(933): App\Controllers\Admin\DashboardController->index()
 9 SYSTEMPATH\CodeIgniter.php(509): CodeIgniter\CodeIgniter->runController(Object(App\Controllers\Admin\DashboardController))
10 SYSTEMPATH\CodeIgniter.php(355): CodeIgniter\CodeIgniter->handleRequest(null, Object(Config\Cache), false)
11 SYSTEMPATH\Boot.php(325): CodeIgniter\CodeIgniter->run()
12 SYSTEMPATH\Boot.php(67): CodeIgniter\Boot::runCodeIgniter(Object(CodeIgniter\CodeIgniter))
13 FCPATH\index.php(56): CodeIgniter\Boot::bootWeb(Object(Config\Paths))
CRITICAL - 2024-08-22 12:11:58 --> CodeIgniter\View\Exceptions\ViewException: Invalid file: "dashboard/index.php"
[Method: GET, Route: admin]
in SYSTEMPATH\Exceptions\FrameworkException.php on line 41.
 1 SYSTEMPATH\View\View.php(222): CodeIgniter\Exceptions\FrameworkException::forInvalidFile('dashboard/index.php')
 2 SYSTEMPATH\Common.php(1169): CodeIgniter\View\View->render('dashboard/index', [], true)
 3 APPPATH\Views\admin\index.php(217): view('dashboard/index')
 4 SYSTEMPATH\View\View.php(234): include('C:\\Users\\QBS AK\\Desktop\\xampp\\htdocs\\project-root\\app\\Views\\admin\\index.php')
 5 SYSTEMPATH\View\View.php(237): CodeIgniter\View\View->CodeIgniter\View\{closure}()
 6 SYSTEMPATH\Common.php(1169): CodeIgniter\View\View->render('admin/index', [], true)
 7 APPPATH\Controllers\admin\DashboardController.php(16): view('admin/index', [...])
 8 SYSTEMPATH\CodeIgniter.php(933): App\Controllers\Admin\DashboardController->index()
 9 SYSTEMPATH\CodeIgniter.php(509): CodeIgniter\CodeIgniter->runController(Object(App\Controllers\Admin\DashboardController))
10 SYSTEMPATH\CodeIgniter.php(355): CodeIgniter\CodeIgniter->handleRequest(null, Object(Config\Cache), false)
11 SYSTEMPATH\Boot.php(325): CodeIgniter\CodeIgniter->run()
12 SYSTEMPATH\Boot.php(67): CodeIgniter\Boot::runCodeIgniter(Object(CodeIgniter\CodeIgniter))
13 FCPATH\index.php(56): CodeIgniter\Boot::bootWeb(Object(Config\Paths))
CRITICAL - 2024-08-22 12:55:42 --> TypeError: Cannot access offset of type string on string
[Method: POST, Route: auth/admin/processLogin]
in APPPATH\Helpers\admin_helper.php on line 152.
 1 APPPATH\Controllers\AuthController.php(39): log_activity('USER LOGGED IN:1')
 2 SYSTEMPATH\CodeIgniter.php(933): App\Controllers\AuthController->doLoginAdmin()
 3 SYSTEMPATH\CodeIgniter.php(509): CodeIgniter\CodeIgniter->runController(Object(App\Controllers\AuthController))
 4 SYSTEMPATH\CodeIgniter.php(355): CodeIgniter\CodeIgniter->handleRequest(null, Object(Config\Cache), false)
 5 SYSTEMPATH\Boot.php(325): CodeIgniter\CodeIgniter->run()
 6 SYSTEMPATH\Boot.php(67): CodeIgniter\Boot::runCodeIgniter(Object(CodeIgniter\CodeIgniter))
 7 FCPATH\index.php(56): CodeIgniter\Boot::bootWeb(Object(Config\Paths))
CRITICAL - 2024-08-22 12:56:44 --> TypeError: Cannot access offset of type string on string
[Method: POST, Route: auth/admin/processLogin]
in APPPATH\Helpers\admin_helper.php on line 152.
 1 APPPATH\Controllers\AuthController.php(39): log_activity('USER LOGGED IN:1')
 2 SYSTEMPATH\CodeIgniter.php(933): App\Controllers\AuthController->doLoginAdmin()
 3 SYSTEMPATH\CodeIgniter.php(509): CodeIgniter\CodeIgniter->runController(Object(App\Controllers\AuthController))
 4 SYSTEMPATH\CodeIgniter.php(355): CodeIgniter\CodeIgniter->handleRequest(null, Object(Config\Cache), false)
 5 SYSTEMPATH\Boot.php(325): CodeIgniter\CodeIgniter->run()
 6 SYSTEMPATH\Boot.php(67): CodeIgniter\Boot::runCodeIgniter(Object(CodeIgniter\CodeIgniter))
 7 FCPATH\index.php(56): CodeIgniter\Boot::bootWeb(Object(Config\Paths))
ERROR - 2024-08-22 12:57:57 --> User ID not found in session
ERROR - 2024-08-22 13:04:15 --> mysqli_sql_exception: You have an error in your SQL syntax; check the manual that corresponds to your MariaDB server version for the right syntax to use near '?, ?, ?, ?)' at line 1 in C:\Users\QBS AK\Desktop\xampp\htdocs\project-root\vendor\codeigniter4\framework\system\Database\MySQLi\Connection.php:312
Stack trace:
#0 C:\Users\QBS AK\Desktop\xampp\htdocs\project-root\vendor\codeigniter4\framework\system\Database\MySQLi\Connection.php(312): mysqli->query('INSERT INTO act...', 0)
#1 C:\Users\QBS AK\Desktop\xampp\htdocs\project-root\vendor\codeigniter4\framework\system\Database\BaseConnection.php(734): CodeIgniter\Database\MySQLi\Connection->execute('INSERT INTO act...')
#2 C:\Users\QBS AK\Desktop\xampp\htdocs\project-root\vendor\codeigniter4\framework\system\Database\BaseConnection.php(648): CodeIgniter\Database\BaseConnection->simpleQuery('INSERT INTO act...')
#3 C:\Users\QBS AK\Desktop\xampp\htdocs\project-root\app\Helpers\admin_helper.php(149): CodeIgniter\Database\BaseConnection->query('INSERT INTO act...', Array)
#4 C:\Users\QBS AK\Desktop\xampp\htdocs\project-root\app\Controllers\AuthController.php(39): log_activity('ADMIN LOGIN', 'USER LOGGED IN:...')
#5 C:\Users\QBS AK\Desktop\xampp\htdocs\project-root\vendor\codeigniter4\framework\system\CodeIgniter.php(933): App\Controllers\AuthController->doLoginAdmin()
#6 C:\Users\QBS AK\Desktop\xampp\htdocs\project-root\vendor\codeigniter4\framework\system\CodeIgniter.php(509): CodeIgniter\CodeIgniter->runController(Object(App\Controllers\AuthController))
#7 C:\Users\QBS AK\Desktop\xampp\htdocs\project-root\vendor\codeigniter4\framework\system\CodeIgniter.php(355): CodeIgniter\CodeIgniter->handleRequest(NULL, Object(Config\Cache), false)
#8 C:\Users\QBS AK\Desktop\xampp\htdocs\project-root\vendor\codeigniter4\framework\system\Boot.php(325): CodeIgniter\CodeIgniter->run()
#9 C:\Users\QBS AK\Desktop\xampp\htdocs\project-root\vendor\codeigniter4\framework\system\Boot.php(67): CodeIgniter\Boot::runCodeIgniter(Object(CodeIgniter\CodeIgniter))
#10 C:\Users\QBS AK\Desktop\xampp\htdocs\project-root\index.php(56): CodeIgniter\Boot::bootWeb(Object(Config\Paths))
#11 {main}
CRITICAL - 2024-08-22 13:04:15 --> CodeIgniter\Database\Exceptions\DatabaseException: You have an error in your SQL syntax; check the manual that corresponds to your MariaDB server version for the right syntax to use near '?, ?, ?, ?)' at line 1
[Method: POST, Route: auth/admin/processLogin]
in SYSTEMPATH\Database\BaseConnection.php on line 688.
 1 APPPATH\Helpers\admin_helper.php(149): CodeIgniter\Database\BaseConnection->query('INSERT INTO activity_log(title, log_text, url, done_by, created_at) VALUES(?, ?, ?, ?)', [...])
 2 APPPATH\Controllers\AuthController.php(39): log_activity('ADMIN LOGIN', 'USER LOGGED IN:1')
 3 SYSTEMPATH\CodeIgniter.php(933): App\Controllers\AuthController->doLoginAdmin()
 4 SYSTEMPATH\CodeIgniter.php(509): CodeIgniter\CodeIgniter->runController(Object(App\Controllers\AuthController))
 5 SYSTEMPATH\CodeIgniter.php(355): CodeIgniter\CodeIgniter->handleRequest(null, Object(Config\Cache), false)
 6 SYSTEMPATH\Boot.php(325): CodeIgniter\CodeIgniter->run()
 7 SYSTEMPATH\Boot.php(67): CodeIgniter\Boot::runCodeIgniter(Object(CodeIgniter\CodeIgniter))
 8 FCPATH\index.php(56): CodeIgniter\Boot::bootWeb(Object(Config\Paths))
CRITICAL - 2024-08-22 13:04:15 --> [Caused by] CodeIgniter\Database\Exceptions\DatabaseException: You have an error in your SQL syntax; check the manual that corresponds to your MariaDB server version for the right syntax to use near '?, ?, ?, ?)' at line 1
in SYSTEMPATH\Database\MySQLi\Connection.php on line 317.
 1 SYSTEMPATH\Database\BaseConnection.php(734): CodeIgniter\Database\MySQLi\Connection->execute('INSERT INTO activity_log(title, log_text, url, done_by, created_at) VALUES(?, ?, ?, ?)')
 2 SYSTEMPATH\Database\BaseConnection.php(648): CodeIgniter\Database\BaseConnection->simpleQuery('INSERT INTO activity_log(title, log_text, url, done_by, created_at) VALUES(?, ?, ?, ?)')
 3 APPPATH\Helpers\admin_helper.php(149): CodeIgniter\Database\BaseConnection->query('INSERT INTO activity_log(title, log_text, url, done_by, created_at) VALUES(?, ?, ?, ?)', [...])
 4 APPPATH\Controllers\AuthController.php(39): log_activity('ADMIN LOGIN', 'USER LOGGED IN:1')
 5 SYSTEMPATH\CodeIgniter.php(933): App\Controllers\AuthController->doLoginAdmin()
 6 SYSTEMPATH\CodeIgniter.php(509): CodeIgniter\CodeIgniter->runController(Object(App\Controllers\AuthController))
 7 SYSTEMPATH\CodeIgniter.php(355): CodeIgniter\CodeIgniter->handleRequest(null, Object(Config\Cache), false)
 8 SYSTEMPATH\Boot.php(325): CodeIgniter\CodeIgniter->run()
 9 SYSTEMPATH\Boot.php(67): CodeIgniter\Boot::runCodeIgniter(Object(CodeIgniter\CodeIgniter))
10 FCPATH\index.php(56): CodeIgniter\Boot::bootWeb(Object(Config\Paths))
CRITICAL - 2024-08-22 13:04:15 --> [Caused by] mysqli_sql_exception: You have an error in your SQL syntax; check the manual that corresponds to your MariaDB server version for the right syntax to use near '?, ?, ?, ?)' at line 1
in SYSTEMPATH\Database\MySQLi\Connection.php on line 312.
 1 SYSTEMPATH\Database\MySQLi\Connection.php(312): mysqli->query('INSERT INTO activity_log(title, log_text, url, done_by, created_at) VALUES(?, ?, ?, ?)', 0)
 2 SYSTEMPATH\Database\BaseConnection.php(734): CodeIgniter\Database\MySQLi\Connection->execute('INSERT INTO activity_log(title, log_text, url, done_by, created_at) VALUES(?, ?, ?, ?)')
 3 SYSTEMPATH\Database\BaseConnection.php(648): CodeIgniter\Database\BaseConnection->simpleQuery('INSERT INTO activity_log(title, log_text, url, done_by, created_at) VALUES(?, ?, ?, ?)')
 4 APPPATH\Helpers\admin_helper.php(149): CodeIgniter\Database\BaseConnection->query('INSERT INTO activity_log(title, log_text, url, done_by, created_at) VALUES(?, ?, ?, ?)', [...])
 5 APPPATH\Controllers\AuthController.php(39): log_activity('ADMIN LOGIN', 'USER LOGGED IN:1')
 6 SYSTEMPATH\CodeIgniter.php(933): App\Controllers\AuthController->doLoginAdmin()
 7 SYSTEMPATH\CodeIgniter.php(509): CodeIgniter\CodeIgniter->runController(Object(App\Controllers\AuthController))
 8 SYSTEMPATH\CodeIgniter.php(355): CodeIgniter\CodeIgniter->handleRequest(null, Object(Config\Cache), false)
 9 SYSTEMPATH\Boot.php(325): CodeIgniter\CodeIgniter->run()
10 SYSTEMPATH\Boot.php(67): CodeIgniter\Boot::runCodeIgniter(Object(CodeIgniter\CodeIgniter))
11 FCPATH\index.php(56): CodeIgniter\Boot::bootWeb(Object(Config\Paths))
CRITICAL - 2024-08-22 13:27:53 --> ErrorException: Undefined variable $pageTitle
[Method: GET, Route: admin/categories]
in APPPATH\Views\admin\categories\index.php on line 2.
 1 APPPATH\Views\admin\categories\index.php(2): CodeIgniter\Debug\Exceptions->errorHandler(2, 'Undefined variable $pageTitle', 'C:\\Users\\QBS AK\\Desktop\\xampp\\htdocs\\project-root\\app\\Views\\admin\\categories\\index.php', 2)
 2 SYSTEMPATH\View\View.php(234): include('C:\\Users\\QBS AK\\Desktop\\xampp\\htdocs\\project-root\\app\\Views\\admin\\categories\\index.php')
 3 SYSTEMPATH\View\View.php(237): CodeIgniter\View\View->CodeIgniter\View\{closure}()
 4 SYSTEMPATH\Common.php(1169): CodeIgniter\View\View->render('admin/categories/index', [], true)
 5 APPPATH\Views\admin\index.php(154): view('admin/categories/index')
 6 SYSTEMPATH\View\View.php(234): include('C:\\Users\\QBS AK\\Desktop\\xampp\\htdocs\\project-root\\app\\Views\\admin\\index.php')
 7 SYSTEMPATH\View\View.php(237): CodeIgniter\View\View->CodeIgniter\View\{closure}()
 8 SYSTEMPATH\Common.php(1169): CodeIgniter\View\View->render('admin/index', [], true)
 9 APPPATH\Controllers\admin\ProductsController.php(23): view('admin/index', [...])
10 SYSTEMPATH\CodeIgniter.php(933): App\Controllers\Admin\ProductsController->categories()
11 SYSTEMPATH\CodeIgniter.php(509): CodeIgniter\CodeIgniter->runController(Object(App\Controllers\Admin\ProductsController))
12 SYSTEMPATH\CodeIgniter.php(355): CodeIgniter\CodeIgniter->handleRequest(null, Object(Config\Cache), false)
13 SYSTEMPATH\Boot.php(325): CodeIgniter\CodeIgniter->run()
14 SYSTEMPATH\Boot.php(67): CodeIgniter\Boot::runCodeIgniter(Object(CodeIgniter\CodeIgniter))
15 FCPATH\index.php(56): CodeIgniter\Boot::bootWeb(Object(Config\Paths))
