ERROR - 2024-08-27 12:20:05 --> mysqli_sql_exception: Unknown column 'name' in 'field list' in C:\Users\QBS AK\Desktop\xampp\htdocs\project-root\vendor\codeigniter4\framework\system\Database\MySQLi\Connection.php:312
Stack trace:
#0 C:\Users\QBS AK\Desktop\xampp\htdocs\project-root\vendor\codeigniter4\framework\system\Database\MySQLi\Connection.php(312): mysqli->query('INSERT INTO `ca...', 0)
#1 C:\Users\QBS AK\Desktop\xampp\htdocs\project-root\vendor\codeigniter4\framework\system\Database\BaseConnection.php(734): CodeIgniter\Database\MySQLi\Connection->execute('INSERT INTO `ca...')
#2 C:\Users\QBS AK\Desktop\xampp\htdocs\project-root\vendor\codeigniter4\framework\system\Database\BaseConnection.php(648): CodeIgniter\Database\BaseConnection->simpleQuery('INSERT INTO `ca...')
#3 C:\Users\QBS AK\Desktop\xampp\htdocs\project-root\vendor\codeigniter4\framework\system\Database\BaseBuilder.php(2340): CodeIgniter\Database\BaseConnection->query('INSERT INTO `ca...', Array, false)
#4 C:\Users\QBS AK\Desktop\xampp\htdocs\project-root\vendor\codeigniter4\framework\system\Model.php(394): CodeIgniter\Database\BaseBuilder->insert()
#5 C:\Users\QBS AK\Desktop\xampp\htdocs\project-root\vendor\codeigniter4\framework\system\BaseModel.php(840): CodeIgniter\Model->doInsert(Array)
#6 C:\Users\QBS AK\Desktop\xampp\htdocs\project-root\vendor\codeigniter4\framework\system\Model.php(802): CodeIgniter\BaseModel->insert(Array, false)
#7 C:\Users\QBS AK\Desktop\xampp\htdocs\project-root\vendor\codeigniter4\framework\system\BaseModel.php(751): CodeIgniter\Model->insert(Array, false)
#8 C:\Users\QBS AK\Desktop\xampp\htdocs\project-root\app\Controllers\admin\ProductsController.php(304): CodeIgniter\BaseModel->save(Array)
#9 C:\Users\QBS AK\Desktop\xampp\htdocs\project-root\vendor\codeigniter4\framework\system\CodeIgniter.php(933): App\Controllers\Admin\ProductsController->processNewSubCategory()
#10 C:\Users\QBS AK\Desktop\xampp\htdocs\project-root\vendor\codeigniter4\framework\system\CodeIgniter.php(509): CodeIgniter\CodeIgniter->runController(Object(App\Controllers\Admin\ProductsController))
#11 C:\Users\QBS AK\Desktop\xampp\htdocs\project-root\vendor\codeigniter4\framework\system\CodeIgniter.php(355): CodeIgniter\CodeIgniter->handleRequest(NULL, Object(Config\Cache), false)
#12 C:\Users\QBS AK\Desktop\xampp\htdocs\project-root\vendor\codeigniter4\framework\system\Boot.php(325): CodeIgniter\CodeIgniter->run()
#13 C:\Users\QBS AK\Desktop\xampp\htdocs\project-root\vendor\codeigniter4\framework\system\Boot.php(67): CodeIgniter\Boot::runCodeIgniter(Object(CodeIgniter\CodeIgniter))
#14 C:\Users\QBS AK\Desktop\xampp\htdocs\project-root\index.php(56): CodeIgniter\Boot::bootWeb(Object(Config\Paths))
#15 {main}
CRITICAL - 2024-08-27 12:20:05 --> CodeIgniter\Database\Exceptions\DatabaseException: Unknown column 'name' in 'field list'
[Method: POST, Route: admin/sub_categories/add_sub_category]
in SYSTEMPATH\Database\BaseConnection.php on line 688.
 1 SYSTEMPATH\Database\BaseBuilder.php(2340): CodeIgniter\Database\BaseConnection->query('INSERT INTO `categories` (`name`, `description`, `active`, `seo_title`, `seo_description`, `seo_keywords`, `category_id`, `created_by`, `banner`) VALUES (:name:, :description:, :active:, :seo_title:, :seo_description:, :seo_keywords:, :category_id:, :created_by:, :banner:)', [...], false)
 2 SYSTEMPATH\Model.php(394): CodeIgniter\Database\BaseBuilder->insert()
 3 SYSTEMPATH\BaseModel.php(840): CodeIgniter\Model->doInsert([...])
 4 SYSTEMPATH\Model.php(802): CodeIgniter\BaseModel->insert([...], false)
 5 SYSTEMPATH\BaseModel.php(751): CodeIgniter\Model->insert([...], false)
 6 APPPATH\Controllers\admin\ProductsController.php(304): CodeIgniter\BaseModel->save([...])
 7 SYSTEMPATH\CodeIgniter.php(933): App\Controllers\Admin\ProductsController->processNewSubCategory()
 8 SYSTEMPATH\CodeIgniter.php(509): CodeIgniter\CodeIgniter->runController(Object(App\Controllers\Admin\ProductsController))
 9 SYSTEMPATH\CodeIgniter.php(355): CodeIgniter\CodeIgniter->handleRequest(null, Object(Config\Cache), false)
10 SYSTEMPATH\Boot.php(325): CodeIgniter\CodeIgniter->run()
11 SYSTEMPATH\Boot.php(67): CodeIgniter\Boot::runCodeIgniter(Object(CodeIgniter\CodeIgniter))
12 FCPATH\index.php(56): CodeIgniter\Boot::bootWeb(Object(Config\Paths))
CRITICAL - 2024-08-27 12:20:05 --> [Caused by] CodeIgniter\Database\Exceptions\DatabaseException: Unknown column 'name' in 'field list'
in SYSTEMPATH\Database\MySQLi\Connection.php on line 317.
 1 SYSTEMPATH\Database\BaseConnection.php(734): CodeIgniter\Database\MySQLi\Connection->execute('INSERT INTO `categories` (`name`, `description`, `active`, `seo_title`, `seo_description`, `seo_keywords`, `category_id`, `created_by`, `banner`) VALUES (\'FIRST\', \'asdd\', 1, \'sadad\', \'dsa\', \'dasdsa\', \'3\', \'1\', \'hRa9wQYrmw.png\')')
 2 SYSTEMPATH\Database\BaseConnection.php(648): CodeIgniter\Database\BaseConnection->simpleQuery('INSERT INTO `categories` (`name`, `description`, `active`, `seo_title`, `seo_description`, `seo_keywords`, `category_id`, `created_by`, `banner`) VALUES (\'FIRST\', \'asdd\', 1, \'sadad\', \'dsa\', \'dasdsa\', \'3\', \'1\', \'hRa9wQYrmw.png\')')
 3 SYSTEMPATH\Database\BaseBuilder.php(2340): CodeIgniter\Database\BaseConnection->query('INSERT INTO `categories` (`name`, `description`, `active`, `seo_title`, `seo_description`, `seo_keywords`, `category_id`, `created_by`, `banner`) VALUES (:name:, :description:, :active:, :seo_title:, :seo_description:, :seo_keywords:, :category_id:, :created_by:, :banner:)', [...], false)
 4 SYSTEMPATH\Model.php(394): CodeIgniter\Database\BaseBuilder->insert()
 5 SYSTEMPATH\BaseModel.php(840): CodeIgniter\Model->doInsert([...])
 6 SYSTEMPATH\Model.php(802): CodeIgniter\BaseModel->insert([...], false)
 7 SYSTEMPATH\BaseModel.php(751): CodeIgniter\Model->insert([...], false)
 8 APPPATH\Controllers\admin\ProductsController.php(304): CodeIgniter\BaseModel->save([...])
 9 SYSTEMPATH\CodeIgniter.php(933): App\Controllers\Admin\ProductsController->processNewSubCategory()
10 SYSTEMPATH\CodeIgniter.php(509): CodeIgniter\CodeIgniter->runController(Object(App\Controllers\Admin\ProductsController))
11 SYSTEMPATH\CodeIgniter.php(355): CodeIgniter\CodeIgniter->handleRequest(null, Object(Config\Cache), false)
12 SYSTEMPATH\Boot.php(325): CodeIgniter\CodeIgniter->run()
13 SYSTEMPATH\Boot.php(67): CodeIgniter\Boot::runCodeIgniter(Object(CodeIgniter\CodeIgniter))
14 FCPATH\index.php(56): CodeIgniter\Boot::bootWeb(Object(Config\Paths))
CRITICAL - 2024-08-27 12:20:05 --> [Caused by] mysqli_sql_exception: Unknown column 'name' in 'field list'
in SYSTEMPATH\Database\MySQLi\Connection.php on line 312.
 1 SYSTEMPATH\Database\MySQLi\Connection.php(312): mysqli->query('INSERT INTO `categories` (`name`, `description`, `active`, `seo_title`, `seo_description`, `seo_keywords`, `category_id`, `created_by`, `banner`) VALUES (\'FIRST\', \'asdd\', 1, \'sadad\', \'dsa\', \'dasdsa\', \'3\', \'1\', \'hRa9wQYrmw.png\')', 0)
 2 SYSTEMPATH\Database\BaseConnection.php(734): CodeIgniter\Database\MySQLi\Connection->execute('INSERT INTO `categories` (`name`, `description`, `active`, `seo_title`, `seo_description`, `seo_keywords`, `category_id`, `created_by`, `banner`) VALUES (\'FIRST\', \'asdd\', 1, \'sadad\', \'dsa\', \'dasdsa\', \'3\', \'1\', \'hRa9wQYrmw.png\')')
 3 SYSTEMPATH\Database\BaseConnection.php(648): CodeIgniter\Database\BaseConnection->simpleQuery('INSERT INTO `categories` (`name`, `description`, `active`, `seo_title`, `seo_description`, `seo_keywords`, `category_id`, `created_by`, `banner`) VALUES (\'FIRST\', \'asdd\', 1, \'sadad\', \'dsa\', \'dasdsa\', \'3\', \'1\', \'hRa9wQYrmw.png\')')
 4 SYSTEMPATH\Database\BaseBuilder.php(2340): CodeIgniter\Database\BaseConnection->query('INSERT INTO `categories` (`name`, `description`, `active`, `seo_title`, `seo_description`, `seo_keywords`, `category_id`, `created_by`, `banner`) VALUES (:name:, :description:, :active:, :seo_title:, :seo_description:, :seo_keywords:, :category_id:, :created_by:, :banner:)', [...], false)
 5 SYSTEMPATH\Model.php(394): CodeIgniter\Database\BaseBuilder->insert()
 6 SYSTEMPATH\BaseModel.php(840): CodeIgniter\Model->doInsert([...])
 7 SYSTEMPATH\Model.php(802): CodeIgniter\BaseModel->insert([...], false)
 8 SYSTEMPATH\BaseModel.php(751): CodeIgniter\Model->insert([...], false)
 9 APPPATH\Controllers\admin\ProductsController.php(304): CodeIgniter\BaseModel->save([...])
10 SYSTEMPATH\CodeIgniter.php(933): App\Controllers\Admin\ProductsController->processNewSubCategory()
11 SYSTEMPATH\CodeIgniter.php(509): CodeIgniter\CodeIgniter->runController(Object(App\Controllers\Admin\ProductsController))
12 SYSTEMPATH\CodeIgniter.php(355): CodeIgniter\CodeIgniter->handleRequest(null, Object(Config\Cache), false)
13 SYSTEMPATH\Boot.php(325): CodeIgniter\CodeIgniter->run()
14 SYSTEMPATH\Boot.php(67): CodeIgniter\Boot::runCodeIgniter(Object(CodeIgniter\CodeIgniter))
15 FCPATH\index.php(56): CodeIgniter\Boot::bootWeb(Object(Config\Paths))
CRITICAL - 2024-08-27 12:58:49 --> CodeIgniter\Router\Exceptions\RouterException: The route for "sub.categories.edit" cannot be found.
[Method: GET, Route: admin/sub_categories/list-ajax]
in SYSTEMPATH\Helpers\url_helper.php on line 494.
 1 SYSTEMPATH\Helpers\url_helper.php(494): CodeIgniter\Router\Exceptions\RouterException::forInvalidRoute('sub.categories.edit')
 2 APPPATH\Controllers\admin\ProductsController.php(342): url_to('sub.categories.edit', 'hPtsnG4vszJhzVAQ6hlobvih5wLmST-gbRukXlzt-DQ')
 3 SYSTEMPATH\CodeIgniter.php(933): App\Controllers\Admin\ProductsController->subCategoryAjax()
 4 SYSTEMPATH\CodeIgniter.php(509): CodeIgniter\CodeIgniter->runController(Object(App\Controllers\Admin\ProductsController))
 5 SYSTEMPATH\CodeIgniter.php(355): CodeIgniter\CodeIgniter->handleRequest(null, Object(Config\Cache), false)
 6 SYSTEMPATH\Boot.php(325): CodeIgniter\CodeIgniter->run()
 7 SYSTEMPATH\Boot.php(67): CodeIgniter\Boot::runCodeIgniter(Object(CodeIgniter\CodeIgniter))
 8 FCPATH\index.php(56): CodeIgniter\Boot::bootWeb(Object(Config\Paths))
CRITICAL - 2024-08-27 12:59:29 --> ErrorException: Undefined array key "category_name"
[Method: GET, Route: admin/sub_categories/list-ajax]
in APPPATH\Controllers\admin\ProductsController.php on line 354.
 1 APPPATH\Controllers\admin\ProductsController.php(354): CodeIgniter\Debug\Exceptions->errorHandler(2, 'Undefined array key "category_name"', 'C:\\Users\\QBS AK\\Desktop\\xampp\\htdocs\\project-root\\app\\Controllers\\admin\\ProductsController.php', 354)
 2 SYSTEMPATH\CodeIgniter.php(933): App\Controllers\Admin\ProductsController->subCategoryAjax()
 3 SYSTEMPATH\CodeIgniter.php(509): CodeIgniter\CodeIgniter->runController(Object(App\Controllers\Admin\ProductsController))
 4 SYSTEMPATH\CodeIgniter.php(355): CodeIgniter\CodeIgniter->handleRequest(null, Object(Config\Cache), false)
 5 SYSTEMPATH\Boot.php(325): CodeIgniter\CodeIgniter->run()
 6 SYSTEMPATH\Boot.php(67): CodeIgniter\Boot::runCodeIgniter(Object(CodeIgniter\CodeIgniter))
 7 FCPATH\index.php(56): CodeIgniter\Boot::bootWeb(Object(Config\Paths))
CRITICAL - 2024-08-27 13:02:09 --> ErrorException: Trying to access array offset on value of type null
[Method: GET, Route: admin/sub_categories/edit_sub_category/gLaHFvHQTjSMymlepzUWqwWX1rlelDULxDCrxw0RM-4]
in APPPATH\Views\admin\categories\edit_page.php on line 13.
 1 APPPATH\Views\admin\categories\edit_page.php(13): CodeIgniter\Debug\Exceptions->errorHandler(2, 'Trying to access array offset on value of type null', 'C:\\Users\\QBS AK\\Desktop\\xampp\\htdocs\\project-root\\app\\Views\\admin\\categories\\edit_page.php', 13)
 2 SYSTEMPATH\View\View.php(234): include('C:\\Users\\QBS AK\\Desktop\\xampp\\htdocs\\project-root\\app\\Views\\admin\\categories\\edit_page.php')
 3 SYSTEMPATH\View\View.php(237): CodeIgniter\View\View->CodeIgniter\View\{closure}()
 4 SYSTEMPATH\Common.php(1169): CodeIgniter\View\View->render('admin/categories/edit_page', [], true)
 5 APPPATH\Views\admin\index.php(194): view('admin/categories/edit_page')
 6 SYSTEMPATH\View\View.php(234): include('C:\\Users\\QBS AK\\Desktop\\xampp\\htdocs\\project-root\\app\\Views\\admin\\index.php')
 7 SYSTEMPATH\View\View.php(237): CodeIgniter\View\View->CodeIgniter\View\{closure}()
 8 SYSTEMPATH\Common.php(1169): CodeIgniter\View\View->render('admin/index', [], true)
 9 APPPATH\Controllers\admin\ProductsController.php(149): view('admin/index', [...])
10 SYSTEMPATH\CodeIgniter.php(933): App\Controllers\Admin\ProductsController->editCategoryPage('gLaHFvHQTjSMymlepzUWqwWX1rlelDULxDCrxw0RM-4')
11 SYSTEMPATH\CodeIgniter.php(509): CodeIgniter\CodeIgniter->runController(Object(App\Controllers\Admin\ProductsController))
12 SYSTEMPATH\CodeIgniter.php(355): CodeIgniter\CodeIgniter->handleRequest(null, Object(Config\Cache), false)
13 SYSTEMPATH\Boot.php(325): CodeIgniter\CodeIgniter->run()
14 SYSTEMPATH\Boot.php(67): CodeIgniter\Boot::runCodeIgniter(Object(CodeIgniter\CodeIgniter))
15 FCPATH\index.php(56): CodeIgniter\Boot::bootWeb(Object(Config\Paths))
