CRITICAL - 2024-08-24 05:40:05 --> TypeError: CodeIgniter\Config\Services::image(): Argument #1 ($handler) must be of type ?string, array given, called in C:\Users\QBS AK\Desktop\xampp\htdocs\project-root\vendor\codeigniter4\framework\system\Config\BaseService.php on line 321
[Method: POST, Route: admin/categories/add_category]
in SYSTEMPATH\Config\Services.php on line 339.
 1 SYSTEMPATH\Config\BaseService.php(321): CodeIgniter\Config\Services::image([...])
 2 APPPATH\Helpers\file_upload_helper.php(31): CodeIgniter\Config\BaseService::__callStatic('image', [...])
 3 APPPATH\Controllers\admin\ProductsController.php(61): upload_file('banner', 'C:\\Users\\QBS AK\\Desktop\\xampp\\htdocs\\project-root\\writable\\uploads\\categories', [...])
 4 SYSTEMPATH\CodeIgniter.php(933): App\Controllers\Admin\ProductsController->processNewCategory()
 5 SYSTEMPATH\CodeIgniter.php(509): CodeIgniter\CodeIgniter->runController(Object(App\Controllers\Admin\ProductsController))
 6 SYSTEMPATH\CodeIgniter.php(355): CodeIgniter\CodeIgniter->handleRequest(null, Object(Config\Cache), false)
 7 SYSTEMPATH\Boot.php(325): CodeIgniter\CodeIgniter->run()
 8 SYSTEMPATH\Boot.php(67): CodeIgniter\Boot::runCodeIgniter(Object(CodeIgniter\CodeIgniter))
 9 FCPATH\index.php(56): CodeIgniter\Boot::bootWeb(Object(Config\Paths))
ERROR - 2024-08-24 06:46:47 --> mysqli_sql_exception: Unknown column 'id' in 'order clause' in C:\Users\QBS AK\Desktop\xampp\htdocs\project-root\vendor\codeigniter4\framework\system\Database\MySQLi\Connection.php:312
Stack trace:
#0 C:\Users\QBS AK\Desktop\xampp\htdocs\project-root\vendor\codeigniter4\framework\system\Database\MySQLi\Connection.php(312): mysqli->query('SELECT *\nFROM `...', 0)
#1 C:\Users\QBS AK\Desktop\xampp\htdocs\project-root\vendor\codeigniter4\framework\system\Database\BaseConnection.php(734): CodeIgniter\Database\MySQLi\Connection->execute('SELECT *\nFROM `...')
#2 C:\Users\QBS AK\Desktop\xampp\htdocs\project-root\vendor\codeigniter4\framework\system\Database\BaseConnection.php(648): CodeIgniter\Database\BaseConnection->simpleQuery('SELECT *\nFROM `...')
#3 C:\Users\QBS AK\Desktop\xampp\htdocs\project-root\vendor\codeigniter4\framework\system\Database\BaseBuilder.php(1644): CodeIgniter\Database\BaseConnection->query('SELECT *\nFROM `...', Array, false)
#4 C:\Users\QBS AK\Desktop\xampp\htdocs\project-root\vendor\codeigniter4\framework\system\Model.php(286): CodeIgniter\Database\BaseBuilder->get()
#5 C:\Users\QBS AK\Desktop\xampp\htdocs\project-root\vendor\codeigniter4\framework\system\BaseModel.php(676): CodeIgniter\Model->doFindAll(0, 0)
#6 C:\Users\QBS AK\Desktop\xampp\htdocs\project-root\app\Controllers\admin\ProductsController.php(52): CodeIgniter\BaseModel->findAll()
#7 C:\Users\QBS AK\Desktop\xampp\htdocs\project-root\vendor\codeigniter4\framework\system\CodeIgniter.php(933): App\Controllers\Admin\ProductsController->categoryAjax()
#8 C:\Users\QBS AK\Desktop\xampp\htdocs\project-root\vendor\codeigniter4\framework\system\CodeIgniter.php(509): CodeIgniter\CodeIgniter->runController(Object(App\Controllers\Admin\ProductsController))
#9 C:\Users\QBS AK\Desktop\xampp\htdocs\project-root\vendor\codeigniter4\framework\system\CodeIgniter.php(355): CodeIgniter\CodeIgniter->handleRequest(NULL, Object(Config\Cache), false)
#10 C:\Users\QBS AK\Desktop\xampp\htdocs\project-root\vendor\codeigniter4\framework\system\Boot.php(325): CodeIgniter\CodeIgniter->run()
#11 C:\Users\QBS AK\Desktop\xampp\htdocs\project-root\vendor\codeigniter4\framework\system\Boot.php(67): CodeIgniter\Boot::runCodeIgniter(Object(CodeIgniter\CodeIgniter))
#12 C:\Users\QBS AK\Desktop\xampp\htdocs\project-root\index.php(56): CodeIgniter\Boot::bootWeb(Object(Config\Paths))
#13 {main}
CRITICAL - 2024-08-24 06:46:47 --> CodeIgniter\Database\Exceptions\DatabaseException: Unknown column 'id' in 'order clause'
[Method: GET, Route: admin/categories/list-ajax]
in SYSTEMPATH\Database\BaseConnection.php on line 688.
 1 SYSTEMPATH\Database\BaseBuilder.php(1644): CodeIgniter\Database\BaseConnection->query('SELECT *
FROM `categories`
ORDER BY `id` ASC', [], false)
 2 SYSTEMPATH\Model.php(286): CodeIgniter\Database\BaseBuilder->get()
 3 SYSTEMPATH\BaseModel.php(676): CodeIgniter\Model->doFindAll(0, 0)
 4 APPPATH\Controllers\admin\ProductsController.php(52): CodeIgniter\BaseModel->findAll()
 5 SYSTEMPATH\CodeIgniter.php(933): App\Controllers\Admin\ProductsController->categoryAjax()
 6 SYSTEMPATH\CodeIgniter.php(509): CodeIgniter\CodeIgniter->runController(Object(App\Controllers\Admin\ProductsController))
 7 SYSTEMPATH\CodeIgniter.php(355): CodeIgniter\CodeIgniter->handleRequest(null, Object(Config\Cache), false)
 8 SYSTEMPATH\Boot.php(325): CodeIgniter\CodeIgniter->run()
 9 SYSTEMPATH\Boot.php(67): CodeIgniter\Boot::runCodeIgniter(Object(CodeIgniter\CodeIgniter))
10 FCPATH\index.php(56): CodeIgniter\Boot::bootWeb(Object(Config\Paths))
CRITICAL - 2024-08-24 06:46:47 --> [Caused by] CodeIgniter\Database\Exceptions\DatabaseException: Unknown column 'id' in 'order clause'
in SYSTEMPATH\Database\MySQLi\Connection.php on line 317.
 1 SYSTEMPATH\Database\BaseConnection.php(734): CodeIgniter\Database\MySQLi\Connection->execute('SELECT *
FROM `categories`
ORDER BY `id` ASC')
 2 SYSTEMPATH\Database\BaseConnection.php(648): CodeIgniter\Database\BaseConnection->simpleQuery('SELECT *
FROM `categories`
ORDER BY `id` ASC')
 3 SYSTEMPATH\Database\BaseBuilder.php(1644): CodeIgniter\Database\BaseConnection->query('SELECT *
FROM `categories`
ORDER BY `id` ASC', [], false)
 4 SYSTEMPATH\Model.php(286): CodeIgniter\Database\BaseBuilder->get()
 5 SYSTEMPATH\BaseModel.php(676): CodeIgniter\Model->doFindAll(0, 0)
 6 APPPATH\Controllers\admin\ProductsController.php(52): CodeIgniter\BaseModel->findAll()
 7 SYSTEMPATH\CodeIgniter.php(933): App\Controllers\Admin\ProductsController->categoryAjax()
 8 SYSTEMPATH\CodeIgniter.php(509): CodeIgniter\CodeIgniter->runController(Object(App\Controllers\Admin\ProductsController))
 9 SYSTEMPATH\CodeIgniter.php(355): CodeIgniter\CodeIgniter->handleRequest(null, Object(Config\Cache), false)
10 SYSTEMPATH\Boot.php(325): CodeIgniter\CodeIgniter->run()
11 SYSTEMPATH\Boot.php(67): CodeIgniter\Boot::runCodeIgniter(Object(CodeIgniter\CodeIgniter))
12 FCPATH\index.php(56): CodeIgniter\Boot::bootWeb(Object(Config\Paths))
CRITICAL - 2024-08-24 06:46:47 --> [Caused by] mysqli_sql_exception: Unknown column 'id' in 'order clause'
in SYSTEMPATH\Database\MySQLi\Connection.php on line 312.
 1 SYSTEMPATH\Database\MySQLi\Connection.php(312): mysqli->query('SELECT *
FROM `categories`
ORDER BY `id` ASC', 0)
 2 SYSTEMPATH\Database\BaseConnection.php(734): CodeIgniter\Database\MySQLi\Connection->execute('SELECT *
FROM `categories`
ORDER BY `id` ASC')
 3 SYSTEMPATH\Database\BaseConnection.php(648): CodeIgniter\Database\BaseConnection->simpleQuery('SELECT *
FROM `categories`
ORDER BY `id` ASC')
 4 SYSTEMPATH\Database\BaseBuilder.php(1644): CodeIgniter\Database\BaseConnection->query('SELECT *
FROM `categories`
ORDER BY `id` ASC', [], false)
 5 SYSTEMPATH\Model.php(286): CodeIgniter\Database\BaseBuilder->get()
 6 SYSTEMPATH\BaseModel.php(676): CodeIgniter\Model->doFindAll(0, 0)
 7 APPPATH\Controllers\admin\ProductsController.php(52): CodeIgniter\BaseModel->findAll()
 8 SYSTEMPATH\CodeIgniter.php(933): App\Controllers\Admin\ProductsController->categoryAjax()
 9 SYSTEMPATH\CodeIgniter.php(509): CodeIgniter\CodeIgniter->runController(Object(App\Controllers\Admin\ProductsController))
10 SYSTEMPATH\CodeIgniter.php(355): CodeIgniter\CodeIgniter->handleRequest(null, Object(Config\Cache), false)
11 SYSTEMPATH\Boot.php(325): CodeIgniter\CodeIgniter->run()
12 SYSTEMPATH\Boot.php(67): CodeIgniter\Boot::runCodeIgniter(Object(CodeIgniter\CodeIgniter))
13 FCPATH\index.php(56): CodeIgniter\Boot::bootWeb(Object(Config\Paths))
CRITICAL - 2024-08-24 09:55:21 --> ParseError: syntax error, unexpected token "}"
[Method: GET, Route: admin/categories]
in APPPATH\Controllers\admin\ProductsController.php on line 195.
 1 FCPATH\vendor\composer\ClassLoader.php(427): Composer\Autoload\{closure}('C:\\Users\\QBS AK\\Desktop\\xampp\\htdocs\\project-root\\vendor\\composer/../../app\\Controllers\\Admin\\ProductsController.php')
 2 [internal function]: Composer\Autoload\ClassLoader->loadClass('App\\Controllers\\Admin\\ProductsController')
 3 SYSTEMPATH\CodeIgniter.php(887): class_exists('\\App\\Controllers\\Admin\\ProductsController', true)
 4 SYSTEMPATH\CodeIgniter.php(496): CodeIgniter\CodeIgniter->startController()
 5 SYSTEMPATH\CodeIgniter.php(355): CodeIgniter\CodeIgniter->handleRequest(null, Object(Config\Cache), false)
 6 SYSTEMPATH\Boot.php(325): CodeIgniter\CodeIgniter->run()
 7 SYSTEMPATH\Boot.php(67): CodeIgniter\Boot::runCodeIgniter(Object(CodeIgniter\CodeIgniter))
 8 FCPATH\index.php(56): CodeIgniter\Boot::bootWeb(Object(Config\Paths))
CRITICAL - 2024-08-24 09:55:30 --> ParseError: syntax error, unexpected token "}"
[Method: GET, Route: admin/categories]
in APPPATH\Controllers\admin\ProductsController.php on line 196.
 1 FCPATH\vendor\composer\ClassLoader.php(427): Composer\Autoload\{closure}('C:\\Users\\QBS AK\\Desktop\\xampp\\htdocs\\project-root\\vendor\\composer/../../app\\Controllers\\Admin\\ProductsController.php')
 2 [internal function]: Composer\Autoload\ClassLoader->loadClass('App\\Controllers\\Admin\\ProductsController')
 3 SYSTEMPATH\CodeIgniter.php(887): class_exists('\\App\\Controllers\\Admin\\ProductsController', true)
 4 SYSTEMPATH\CodeIgniter.php(496): CodeIgniter\CodeIgniter->startController()
 5 SYSTEMPATH\CodeIgniter.php(355): CodeIgniter\CodeIgniter->handleRequest(null, Object(Config\Cache), false)
 6 SYSTEMPATH\Boot.php(325): CodeIgniter\CodeIgniter->run()
 7 SYSTEMPATH\Boot.php(67): CodeIgniter\Boot::runCodeIgniter(Object(CodeIgniter\CodeIgniter))
 8 FCPATH\index.php(56): CodeIgniter\Boot::bootWeb(Object(Config\Paths))
CRITICAL - 2024-08-24 10:08:03 --> InvalidArgumentException: Missing argument for "(:any)" in route "admin/categories/edit_category/(:any)".
[Method: POST, Route: admin/categories/edit_category/6OTAJfCxMGmjDUr16hCaTyUImut4VUNo9T2E--BztjY]
in SYSTEMPATH\Router\RouteCollection.php on line 1383.
 1 SYSTEMPATH\Router\RouteCollection.php(1204): CodeIgniter\Router\RouteCollection->buildReverseRoute('admin/categories/edit_category/(:any)', [])
 2 SYSTEMPATH\Common.php(951): CodeIgniter\Router\RouteCollection->reverseRoute('categories.edit')
 3 SYSTEMPATH\Helpers\url_helper.php(487): route_to('categories.edit')
 4 APPPATH\Controllers\admin\ProductsController.php(213): url_to('categories.edit')
 5 SYSTEMPATH\CodeIgniter.php(933): App\Controllers\Admin\ProductsController->processUpdateCategory('6OTAJfCxMGmjDUr16hCaTyUImut4VUNo9T2E--BztjY')
 6 SYSTEMPATH\CodeIgniter.php(509): CodeIgniter\CodeIgniter->runController(Object(App\Controllers\Admin\ProductsController))
 7 SYSTEMPATH\CodeIgniter.php(355): CodeIgniter\CodeIgniter->handleRequest(null, Object(Config\Cache), false)
 8 SYSTEMPATH\Boot.php(325): CodeIgniter\CodeIgniter->run()
 9 SYSTEMPATH\Boot.php(67): CodeIgniter\Boot::runCodeIgniter(Object(CodeIgniter\CodeIgniter))
10 FCPATH\index.php(56): CodeIgniter\Boot::bootWeb(Object(Config\Paths))
CRITICAL - 2024-08-24 10:08:49 --> ErrorException: unlink(C:\Users\QBS AK\Desktop\xampp\htdocs\project-root\uploads\categories\4yR94ZeUVL.png): No such file or directory
[Method: POST, Route: admin/categories/edit_category/6OTAJfCxMGmjDUr16hCaTyUImut4VUNo9T2E--BztjY]
in APPPATH\Controllers\admin\ProductsController.php on line 194.
 1 [internal function]: CodeIgniter\Debug\Exceptions->errorHandler(2, 'unlink(C:\\Users\\QBS AK\\Desktop\\xampp\\htdocs\\project-root\\uploads\\categories\\4yR94ZeUVL.png): No such file or directory', 'C:\\Users\\QBS AK\\Desktop\\xampp\\htdocs\\project-root\\app\\Controllers\\admin\\ProductsController.php', 194)
 2 APPPATH\Controllers\admin\ProductsController.php(194): unlink('C:\\Users\\QBS AK\\Desktop\\xampp\\htdocs\\project-root\\uploads\\categories\\4yR94ZeUVL.png')
 3 SYSTEMPATH\CodeIgniter.php(933): App\Controllers\Admin\ProductsController->processUpdateCategory('6OTAJfCxMGmjDUr16hCaTyUImut4VUNo9T2E--BztjY')
 4 SYSTEMPATH\CodeIgniter.php(509): CodeIgniter\CodeIgniter->runController(Object(App\Controllers\Admin\ProductsController))
 5 SYSTEMPATH\CodeIgniter.php(355): CodeIgniter\CodeIgniter->handleRequest(null, Object(Config\Cache), false)
 6 SYSTEMPATH\Boot.php(325): CodeIgniter\CodeIgniter->run()
 7 SYSTEMPATH\Boot.php(67): CodeIgniter\Boot::runCodeIgniter(Object(CodeIgniter\CodeIgniter))
 8 FCPATH\index.php(56): CodeIgniter\Boot::bootWeb(Object(Config\Paths))
ERROR - 2024-08-24 10:12:37 --> FILE NOT EXISTS BUT TRING TO UNLINK(DELETE) THAT
ERROR - 2024-08-24 10:12:53 --> FILE NOT EXISTS BUT TRING TO UNLINK(DELETE) THAT
CRITICAL - 2024-08-24 10:15:10 --> CodeIgniter\Database\Exceptions\DataException: There is no data to update.
[Method: POST, Route: admin/categories/edit_category/y3Kmopu9JQ2sH9IO1nRLQzslPfV8T_mLbt1WJkqHW8E]
in SYSTEMPATH\BaseModel.php on line 1833.
 1 SYSTEMPATH\BaseModel.php(1833): CodeIgniter\Database\Exceptions\DataException::forEmptyDataset('update')
 2 SYSTEMPATH\BaseModel.php(997): CodeIgniter\BaseModel->transformDataToArray(null, 'update')
 3 SYSTEMPATH\Model.php(865): CodeIgniter\BaseModel->update([...], null)
 4 APPPATH\Controllers\admin\ProductsController.php(179): CodeIgniter\Model->update([...])
 5 SYSTEMPATH\CodeIgniter.php(933): App\Controllers\Admin\ProductsController->processUpdateCategory('y3Kmopu9JQ2sH9IO1nRLQzslPfV8T_mLbt1WJkqHW8E')
 6 SYSTEMPATH\CodeIgniter.php(509): CodeIgniter\CodeIgniter->runController(Object(App\Controllers\Admin\ProductsController))
 7 SYSTEMPATH\CodeIgniter.php(355): CodeIgniter\CodeIgniter->handleRequest(null, Object(Config\Cache), false)
 8 SYSTEMPATH\Boot.php(325): CodeIgniter\CodeIgniter->run()
 9 SYSTEMPATH\Boot.php(67): CodeIgniter\Boot::runCodeIgniter(Object(CodeIgniter\CodeIgniter))
10 FCPATH\index.php(56): CodeIgniter\Boot::bootWeb(Object(Config\Paths))
ERROR - 2024-08-24 10:23:11 --> FILE NOT EXISTS BUT TRING TO UNLINK(DELETE) THAT
CRITICAL - 2024-08-24 11:19:44 --> CodeIgniter\Router\Exceptions\RouterException: The route for "" cannot be found.
[Method: GET, Route: admin/categories/list-ajax]
in SYSTEMPATH\Helpers\url_helper.php on line 494.
 1 SYSTEMPATH\Helpers\url_helper.php(494): CodeIgniter\Router\Exceptions\RouterException::forInvalidRoute('')
 2 APPPATH\Controllers\admin\ProductsController.php(62): url_to('')
 3 SYSTEMPATH\CodeIgniter.php(933): App\Controllers\Admin\ProductsController->categoryAjax()
 4 SYSTEMPATH\CodeIgniter.php(509): CodeIgniter\CodeIgniter->runController(Object(App\Controllers\Admin\ProductsController))
 5 SYSTEMPATH\CodeIgniter.php(355): CodeIgniter\CodeIgniter->handleRequest(null, Object(Config\Cache), false)
 6 SYSTEMPATH\Boot.php(325): CodeIgniter\CodeIgniter->run()
 7 SYSTEMPATH\Boot.php(67): CodeIgniter\Boot::runCodeIgniter(Object(CodeIgniter\CodeIgniter))
 8 FCPATH\index.php(56): CodeIgniter\Boot::bootWeb(Object(Config\Paths))
CRITICAL - 2024-08-24 11:19:48 --> CodeIgniter\Router\Exceptions\RouterException: The route for "" cannot be found.
[Method: GET, Route: admin/categories/list-ajax]
in SYSTEMPATH\Helpers\url_helper.php on line 494.
 1 SYSTEMPATH\Helpers\url_helper.php(494): CodeIgniter\Router\Exceptions\RouterException::forInvalidRoute('')
 2 APPPATH\Controllers\admin\ProductsController.php(62): url_to('')
 3 SYSTEMPATH\CodeIgniter.php(933): App\Controllers\Admin\ProductsController->categoryAjax()
 4 SYSTEMPATH\CodeIgniter.php(509): CodeIgniter\CodeIgniter->runController(Object(App\Controllers\Admin\ProductsController))
 5 SYSTEMPATH\CodeIgniter.php(355): CodeIgniter\CodeIgniter->handleRequest(null, Object(Config\Cache), false)
 6 SYSTEMPATH\Boot.php(325): CodeIgniter\CodeIgniter->run()
 7 SYSTEMPATH\Boot.php(67): CodeIgniter\Boot::runCodeIgniter(Object(CodeIgniter\CodeIgniter))
 8 FCPATH\index.php(56): CodeIgniter\Boot::bootWeb(Object(Config\Paths))
CRITICAL - 2024-08-24 11:19:53 --> CodeIgniter\Router\Exceptions\RouterException: The route for "" cannot be found.
[Method: GET, Route: admin/categories/list-ajax]
in SYSTEMPATH\Helpers\url_helper.php on line 494.
 1 SYSTEMPATH\Helpers\url_helper.php(494): CodeIgniter\Router\Exceptions\RouterException::forInvalidRoute('')
 2 APPPATH\Controllers\admin\ProductsController.php(62): url_to('')
 3 SYSTEMPATH\CodeIgniter.php(933): App\Controllers\Admin\ProductsController->categoryAjax()
 4 SYSTEMPATH\CodeIgniter.php(509): CodeIgniter\CodeIgniter->runController(Object(App\Controllers\Admin\ProductsController))
 5 SYSTEMPATH\CodeIgniter.php(355): CodeIgniter\CodeIgniter->handleRequest(null, Object(Config\Cache), false)
 6 SYSTEMPATH\Boot.php(325): CodeIgniter\CodeIgniter->run()
 7 SYSTEMPATH\Boot.php(67): CodeIgniter\Boot::runCodeIgniter(Object(CodeIgniter\CodeIgniter))
 8 FCPATH\index.php(56): CodeIgniter\Boot::bootWeb(Object(Config\Paths))
CRITICAL - 2024-08-24 11:19:57 --> CodeIgniter\Router\Exceptions\RouterException: The route for "" cannot be found.
[Method: GET, Route: admin/categories/list-ajax]
in SYSTEMPATH\Helpers\url_helper.php on line 494.
 1 SYSTEMPATH\Helpers\url_helper.php(494): CodeIgniter\Router\Exceptions\RouterException::forInvalidRoute('')
 2 APPPATH\Controllers\admin\ProductsController.php(62): url_to('')
 3 SYSTEMPATH\CodeIgniter.php(933): App\Controllers\Admin\ProductsController->categoryAjax()
 4 SYSTEMPATH\CodeIgniter.php(509): CodeIgniter\CodeIgniter->runController(Object(App\Controllers\Admin\ProductsController))
 5 SYSTEMPATH\CodeIgniter.php(355): CodeIgniter\CodeIgniter->handleRequest(null, Object(Config\Cache), false)
 6 SYSTEMPATH\Boot.php(325): CodeIgniter\CodeIgniter->run()
 7 SYSTEMPATH\Boot.php(67): CodeIgniter\Boot::runCodeIgniter(Object(CodeIgniter\CodeIgniter))
 8 FCPATH\index.php(56): CodeIgniter\Boot::bootWeb(Object(Config\Paths))
CRITICAL - 2024-08-24 11:20:09 --> ParseError: Unclosed '(' on line 239 does not match '}'
[Method: GET, Route: admin/categories]
in APPPATH\Controllers\admin\ProductsController.php on line 240.
 1 FCPATH\vendor\composer\ClassLoader.php(427): Composer\Autoload\{closure}('C:\\Users\\QBS AK\\Desktop\\xampp\\htdocs\\project-root\\vendor\\composer/../../app\\Controllers\\Admin\\ProductsController.php')
 2 [internal function]: Composer\Autoload\ClassLoader->loadClass('App\\Controllers\\Admin\\ProductsController')
 3 SYSTEMPATH\CodeIgniter.php(887): class_exists('\\App\\Controllers\\Admin\\ProductsController', true)
 4 SYSTEMPATH\CodeIgniter.php(496): CodeIgniter\CodeIgniter->startController()
 5 SYSTEMPATH\CodeIgniter.php(355): CodeIgniter\CodeIgniter->handleRequest(null, Object(Config\Cache), false)
 6 SYSTEMPATH\Boot.php(325): CodeIgniter\CodeIgniter->run()
 7 SYSTEMPATH\Boot.php(67): CodeIgniter\Boot::runCodeIgniter(Object(CodeIgniter\CodeIgniter))
 8 FCPATH\index.php(56): CodeIgniter\Boot::bootWeb(Object(Config\Paths))
CRITICAL - 2024-08-24 11:20:10 --> CodeIgniter\Router\Exceptions\RouterException: The route for "" cannot be found.
[Method: GET, Route: admin/categories/list-ajax]
in SYSTEMPATH\Helpers\url_helper.php on line 494.
 1 SYSTEMPATH\Helpers\url_helper.php(494): CodeIgniter\Router\Exceptions\RouterException::forInvalidRoute('')
 2 APPPATH\Controllers\admin\ProductsController.php(62): url_to('')
 3 SYSTEMPATH\CodeIgniter.php(933): App\Controllers\Admin\ProductsController->categoryAjax()
 4 SYSTEMPATH\CodeIgniter.php(509): CodeIgniter\CodeIgniter->runController(Object(App\Controllers\Admin\ProductsController))
 5 SYSTEMPATH\CodeIgniter.php(355): CodeIgniter\CodeIgniter->handleRequest(null, Object(Config\Cache), false)
 6 SYSTEMPATH\Boot.php(325): CodeIgniter\CodeIgniter->run()
 7 SYSTEMPATH\Boot.php(67): CodeIgniter\Boot::runCodeIgniter(Object(CodeIgniter\CodeIgniter))
 8 FCPATH\index.php(56): CodeIgniter\Boot::bootWeb(Object(Config\Paths))
CRITICAL - 2024-08-24 11:20:29 --> CodeIgniter\Router\Exceptions\RouterException: The route for "" cannot be found.
[Method: GET, Route: admin/categories/list-ajax]
in SYSTEMPATH\Helpers\url_helper.php on line 494.
 1 SYSTEMPATH\Helpers\url_helper.php(494): CodeIgniter\Router\Exceptions\RouterException::forInvalidRoute('')
 2 APPPATH\Controllers\admin\ProductsController.php(62): url_to('')
 3 SYSTEMPATH\CodeIgniter.php(933): App\Controllers\Admin\ProductsController->categoryAjax()
 4 SYSTEMPATH\CodeIgniter.php(509): CodeIgniter\CodeIgniter->runController(Object(App\Controllers\Admin\ProductsController))
 5 SYSTEMPATH\CodeIgniter.php(355): CodeIgniter\CodeIgniter->handleRequest(null, Object(Config\Cache), false)
 6 SYSTEMPATH\Boot.php(325): CodeIgniter\CodeIgniter->run()
 7 SYSTEMPATH\Boot.php(67): CodeIgniter\Boot::runCodeIgniter(Object(CodeIgniter\CodeIgniter))
 8 FCPATH\index.php(56): CodeIgniter\Boot::bootWeb(Object(Config\Paths))
CRITICAL - 2024-08-24 11:20:51 --> ParseError: syntax error, unexpected token ")"
[Method: GET, Route: admin/categories]
in APPPATH\Controllers\admin\ProductsController.php on line 235.
 1 FCPATH\vendor\composer\ClassLoader.php(427): Composer\Autoload\{closure}('C:\\Users\\QBS AK\\Desktop\\xampp\\htdocs\\project-root\\vendor\\composer/../../app\\Controllers\\Admin\\ProductsController.php')
 2 [internal function]: Composer\Autoload\ClassLoader->loadClass('App\\Controllers\\Admin\\ProductsController')
 3 SYSTEMPATH\CodeIgniter.php(887): class_exists('\\App\\Controllers\\Admin\\ProductsController', true)
 4 SYSTEMPATH\CodeIgniter.php(496): CodeIgniter\CodeIgniter->startController()
 5 SYSTEMPATH\CodeIgniter.php(355): CodeIgniter\CodeIgniter->handleRequest(null, Object(Config\Cache), false)
 6 SYSTEMPATH\Boot.php(325): CodeIgniter\CodeIgniter->run()
 7 SYSTEMPATH\Boot.php(67): CodeIgniter\Boot::runCodeIgniter(Object(CodeIgniter\CodeIgniter))
 8 FCPATH\index.php(56): CodeIgniter\Boot::bootWeb(Object(Config\Paths))
CRITICAL - 2024-08-24 11:20:56 --> ParseError: Unclosed '{' on line 10
[Method: GET, Route: admin/categories]
in APPPATH\Controllers\admin\ProductsController.php on line 256.
 1 FCPATH\vendor\composer\ClassLoader.php(427): Composer\Autoload\{closure}('C:\\Users\\QBS AK\\Desktop\\xampp\\htdocs\\project-root\\vendor\\composer/../../app\\Controllers\\Admin\\ProductsController.php')
 2 [internal function]: Composer\Autoload\ClassLoader->loadClass('App\\Controllers\\Admin\\ProductsController')
 3 SYSTEMPATH\CodeIgniter.php(887): class_exists('\\App\\Controllers\\Admin\\ProductsController', true)
 4 SYSTEMPATH\CodeIgniter.php(496): CodeIgniter\CodeIgniter->startController()
 5 SYSTEMPATH\CodeIgniter.php(355): CodeIgniter\CodeIgniter->handleRequest(null, Object(Config\Cache), false)
 6 SYSTEMPATH\Boot.php(325): CodeIgniter\CodeIgniter->run()
 7 SYSTEMPATH\Boot.php(67): CodeIgniter\Boot::runCodeIgniter(Object(CodeIgniter\CodeIgniter))
 8 FCPATH\index.php(56): CodeIgniter\Boot::bootWeb(Object(Config\Paths))
CRITICAL - 2024-08-24 11:21:08 --> CodeIgniter\Router\Exceptions\RouterException: The route for "" cannot be found.
[Method: GET, Route: admin/categories/list-ajax]
in SYSTEMPATH\Helpers\url_helper.php on line 494.
 1 SYSTEMPATH\Helpers\url_helper.php(494): CodeIgniter\Router\Exceptions\RouterException::forInvalidRoute('')
 2 APPPATH\Controllers\admin\ProductsController.php(62): url_to('')
 3 SYSTEMPATH\CodeIgniter.php(933): App\Controllers\Admin\ProductsController->categoryAjax()
 4 SYSTEMPATH\CodeIgniter.php(509): CodeIgniter\CodeIgniter->runController(Object(App\Controllers\Admin\ProductsController))
 5 SYSTEMPATH\CodeIgniter.php(355): CodeIgniter\CodeIgniter->handleRequest(null, Object(Config\Cache), false)
 6 SYSTEMPATH\Boot.php(325): CodeIgniter\CodeIgniter->run()
 7 SYSTEMPATH\Boot.php(67): CodeIgniter\Boot::runCodeIgniter(Object(CodeIgniter\CodeIgniter))
 8 FCPATH\index.php(56): CodeIgniter\Boot::bootWeb(Object(Config\Paths))
CRITICAL - 2024-08-24 11:21:12 --> CodeIgniter\Router\Exceptions\RouterException: The route for "" cannot be found.
[Method: GET, Route: admin/categories/list-ajax]
in SYSTEMPATH\Helpers\url_helper.php on line 494.
 1 SYSTEMPATH\Helpers\url_helper.php(494): CodeIgniter\Router\Exceptions\RouterException::forInvalidRoute('')
 2 APPPATH\Controllers\admin\ProductsController.php(62): url_to('')
 3 SYSTEMPATH\CodeIgniter.php(933): App\Controllers\Admin\ProductsController->categoryAjax()
 4 SYSTEMPATH\CodeIgniter.php(509): CodeIgniter\CodeIgniter->runController(Object(App\Controllers\Admin\ProductsController))
 5 SYSTEMPATH\CodeIgniter.php(355): CodeIgniter\CodeIgniter->handleRequest(null, Object(Config\Cache), false)
 6 SYSTEMPATH\Boot.php(325): CodeIgniter\CodeIgniter->run()
 7 SYSTEMPATH\Boot.php(67): CodeIgniter\Boot::runCodeIgniter(Object(CodeIgniter\CodeIgniter))
 8 FCPATH\index.php(56): CodeIgniter\Boot::bootWeb(Object(Config\Paths))
CRITICAL - 2024-08-24 11:21:20 --> CodeIgniter\Router\Exceptions\RouterException: The route for "" cannot be found.
[Method: GET, Route: admin/categories/list-ajax]
in SYSTEMPATH\Helpers\url_helper.php on line 494.
 1 SYSTEMPATH\Helpers\url_helper.php(494): CodeIgniter\Router\Exceptions\RouterException::forInvalidRoute('')
 2 APPPATH\Controllers\admin\ProductsController.php(62): url_to('')
 3 SYSTEMPATH\CodeIgniter.php(933): App\Controllers\Admin\ProductsController->categoryAjax()
 4 SYSTEMPATH\CodeIgniter.php(509): CodeIgniter\CodeIgniter->runController(Object(App\Controllers\Admin\ProductsController))
 5 SYSTEMPATH\CodeIgniter.php(355): CodeIgniter\CodeIgniter->handleRequest(null, Object(Config\Cache), false)
 6 SYSTEMPATH\Boot.php(325): CodeIgniter\CodeIgniter->run()
 7 SYSTEMPATH\Boot.php(67): CodeIgniter\Boot::runCodeIgniter(Object(CodeIgniter\CodeIgniter))
 8 FCPATH\index.php(56): CodeIgniter\Boot::bootWeb(Object(Config\Paths))
CRITICAL - 2024-08-24 11:21:20 --> CodeIgniter\Router\Exceptions\RouterException: The route for "" cannot be found.
[Method: GET, Route: admin/categories/list-ajax]
in SYSTEMPATH\Helpers\url_helper.php on line 494.
 1 SYSTEMPATH\Helpers\url_helper.php(494): CodeIgniter\Router\Exceptions\RouterException::forInvalidRoute('')
 2 APPPATH\Controllers\admin\ProductsController.php(62): url_to('')
 3 SYSTEMPATH\CodeIgniter.php(933): App\Controllers\Admin\ProductsController->categoryAjax()
 4 SYSTEMPATH\CodeIgniter.php(509): CodeIgniter\CodeIgniter->runController(Object(App\Controllers\Admin\ProductsController))
 5 SYSTEMPATH\CodeIgniter.php(355): CodeIgniter\CodeIgniter->handleRequest(null, Object(Config\Cache), false)
 6 SYSTEMPATH\Boot.php(325): CodeIgniter\CodeIgniter->run()
 7 SYSTEMPATH\Boot.php(67): CodeIgniter\Boot::runCodeIgniter(Object(CodeIgniter\CodeIgniter))
 8 FCPATH\index.php(56): CodeIgniter\Boot::bootWeb(Object(Config\Paths))
CRITICAL - 2024-08-24 11:21:52 --> CodeIgniter\Router\Exceptions\RouterException: The route for "" cannot be found.
[Method: GET, Route: admin/categories/list-ajax]
in SYSTEMPATH\Helpers\url_helper.php on line 494.
 1 SYSTEMPATH\Helpers\url_helper.php(494): CodeIgniter\Router\Exceptions\RouterException::forInvalidRoute('')
 2 APPPATH\Controllers\admin\ProductsController.php(62): url_to('')
 3 SYSTEMPATH\CodeIgniter.php(933): App\Controllers\Admin\ProductsController->categoryAjax()
 4 SYSTEMPATH\CodeIgniter.php(509): CodeIgniter\CodeIgniter->runController(Object(App\Controllers\Admin\ProductsController))
 5 SYSTEMPATH\CodeIgniter.php(355): CodeIgniter\CodeIgniter->handleRequest(null, Object(Config\Cache), false)
 6 SYSTEMPATH\Boot.php(325): CodeIgniter\CodeIgniter->run()
 7 SYSTEMPATH\Boot.php(67): CodeIgniter\Boot::runCodeIgniter(Object(CodeIgniter\CodeIgniter))
 8 FCPATH\index.php(56): CodeIgniter\Boot::bootWeb(Object(Config\Paths))
CRITICAL - 2024-08-24 11:22:04 --> CodeIgniter\Router\Exceptions\RouterException: The route for "" cannot be found.
[Method: GET, Route: admin/categories/list-ajax]
in SYSTEMPATH\Helpers\url_helper.php on line 494.
 1 SYSTEMPATH\Helpers\url_helper.php(494): CodeIgniter\Router\Exceptions\RouterException::forInvalidRoute('')
 2 APPPATH\Controllers\admin\ProductsController.php(62): url_to('')
 3 SYSTEMPATH\CodeIgniter.php(933): App\Controllers\Admin\ProductsController->categoryAjax()
 4 SYSTEMPATH\CodeIgniter.php(509): CodeIgniter\CodeIgniter->runController(Object(App\Controllers\Admin\ProductsController))
 5 SYSTEMPATH\CodeIgniter.php(355): CodeIgniter\CodeIgniter->handleRequest(null, Object(Config\Cache), false)
 6 SYSTEMPATH\Boot.php(325): CodeIgniter\CodeIgniter->run()
 7 SYSTEMPATH\Boot.php(67): CodeIgniter\Boot::runCodeIgniter(Object(CodeIgniter\CodeIgniter))
 8 FCPATH\index.php(56): CodeIgniter\Boot::bootWeb(Object(Config\Paths))
CRITICAL - 2024-08-24 11:22:32 --> CodeIgniter\Router\Exceptions\RouterException: The route for "" cannot be found.
[Method: GET, Route: admin/categories/list-ajax]
in SYSTEMPATH\Helpers\url_helper.php on line 494.
 1 SYSTEMPATH\Helpers\url_helper.php(494): CodeIgniter\Router\Exceptions\RouterException::forInvalidRoute('')
 2 APPPATH\Controllers\admin\ProductsController.php(62): url_to('')
 3 SYSTEMPATH\CodeIgniter.php(933): App\Controllers\Admin\ProductsController->categoryAjax()
 4 SYSTEMPATH\CodeIgniter.php(509): CodeIgniter\CodeIgniter->runController(Object(App\Controllers\Admin\ProductsController))
 5 SYSTEMPATH\CodeIgniter.php(355): CodeIgniter\CodeIgniter->handleRequest(null, Object(Config\Cache), false)
 6 SYSTEMPATH\Boot.php(325): CodeIgniter\CodeIgniter->run()
 7 SYSTEMPATH\Boot.php(67): CodeIgniter\Boot::runCodeIgniter(Object(CodeIgniter\CodeIgniter))
 8 FCPATH\index.php(56): CodeIgniter\Boot::bootWeb(Object(Config\Paths))
CRITICAL - 2024-08-24 11:22:36 --> CodeIgniter\Router\Exceptions\RouterException: The route for "" cannot be found.
[Method: GET, Route: admin/categories/list-ajax]
in SYSTEMPATH\Helpers\url_helper.php on line 494.
 1 SYSTEMPATH\Helpers\url_helper.php(494): CodeIgniter\Router\Exceptions\RouterException::forInvalidRoute('')
 2 APPPATH\Controllers\admin\ProductsController.php(62): url_to('')
 3 SYSTEMPATH\CodeIgniter.php(933): App\Controllers\Admin\ProductsController->categoryAjax()
 4 SYSTEMPATH\CodeIgniter.php(509): CodeIgniter\CodeIgniter->runController(Object(App\Controllers\Admin\ProductsController))
 5 SYSTEMPATH\CodeIgniter.php(355): CodeIgniter\CodeIgniter->handleRequest(null, Object(Config\Cache), false)
 6 SYSTEMPATH\Boot.php(325): CodeIgniter\CodeIgniter->run()
 7 SYSTEMPATH\Boot.php(67): CodeIgniter\Boot::runCodeIgniter(Object(CodeIgniter\CodeIgniter))
 8 FCPATH\index.php(56): CodeIgniter\Boot::bootWeb(Object(Config\Paths))
CRITICAL - 2024-08-24 11:22:39 --> CodeIgniter\Router\Exceptions\RouterException: The route for "" cannot be found.
[Method: GET, Route: admin/categories/list-ajax]
in SYSTEMPATH\Helpers\url_helper.php on line 494.
 1 SYSTEMPATH\Helpers\url_helper.php(494): CodeIgniter\Router\Exceptions\RouterException::forInvalidRoute('')
 2 APPPATH\Controllers\admin\ProductsController.php(62): url_to('')
 3 SYSTEMPATH\CodeIgniter.php(933): App\Controllers\Admin\ProductsController->categoryAjax()
 4 SYSTEMPATH\CodeIgniter.php(509): CodeIgniter\CodeIgniter->runController(Object(App\Controllers\Admin\ProductsController))
 5 SYSTEMPATH\CodeIgniter.php(355): CodeIgniter\CodeIgniter->handleRequest(null, Object(Config\Cache), false)
 6 SYSTEMPATH\Boot.php(325): CodeIgniter\CodeIgniter->run()
 7 SYSTEMPATH\Boot.php(67): CodeIgniter\Boot::runCodeIgniter(Object(CodeIgniter\CodeIgniter))
 8 FCPATH\index.php(56): CodeIgniter\Boot::bootWeb(Object(Config\Paths))
CRITICAL - 2024-08-24 11:22:41 --> CodeIgniter\Router\Exceptions\RouterException: The route for "" cannot be found.
[Method: GET, Route: admin/categories/list-ajax]
in SYSTEMPATH\Helpers\url_helper.php on line 494.
 1 SYSTEMPATH\Helpers\url_helper.php(494): CodeIgniter\Router\Exceptions\RouterException::forInvalidRoute('')
 2 APPPATH\Controllers\admin\ProductsController.php(62): url_to('')
 3 SYSTEMPATH\CodeIgniter.php(933): App\Controllers\Admin\ProductsController->categoryAjax()
 4 SYSTEMPATH\CodeIgniter.php(509): CodeIgniter\CodeIgniter->runController(Object(App\Controllers\Admin\ProductsController))
 5 SYSTEMPATH\CodeIgniter.php(355): CodeIgniter\CodeIgniter->handleRequest(null, Object(Config\Cache), false)
 6 SYSTEMPATH\Boot.php(325): CodeIgniter\CodeIgniter->run()
 7 SYSTEMPATH\Boot.php(67): CodeIgniter\Boot::runCodeIgniter(Object(CodeIgniter\CodeIgniter))
 8 FCPATH\index.php(56): CodeIgniter\Boot::bootWeb(Object(Config\Paths))
CRITICAL - 2024-08-24 11:22:45 --> CodeIgniter\Router\Exceptions\RouterException: The route for "" cannot be found.
[Method: GET, Route: admin/categories/list-ajax]
in SYSTEMPATH\Helpers\url_helper.php on line 494.
 1 SYSTEMPATH\Helpers\url_helper.php(494): CodeIgniter\Router\Exceptions\RouterException::forInvalidRoute('')
 2 APPPATH\Controllers\admin\ProductsController.php(62): url_to('')
 3 SYSTEMPATH\CodeIgniter.php(933): App\Controllers\Admin\ProductsController->categoryAjax()
 4 SYSTEMPATH\CodeIgniter.php(509): CodeIgniter\CodeIgniter->runController(Object(App\Controllers\Admin\ProductsController))
 5 SYSTEMPATH\CodeIgniter.php(355): CodeIgniter\CodeIgniter->handleRequest(null, Object(Config\Cache), false)
 6 SYSTEMPATH\Boot.php(325): CodeIgniter\CodeIgniter->run()
 7 SYSTEMPATH\Boot.php(67): CodeIgniter\Boot::runCodeIgniter(Object(CodeIgniter\CodeIgniter))
 8 FCPATH\index.php(56): CodeIgniter\Boot::bootWeb(Object(Config\Paths))
CRITICAL - 2024-08-24 11:22:47 --> CodeIgniter\Router\Exceptions\RouterException: The route for "" cannot be found.
[Method: GET, Route: admin/categories/list-ajax]
in SYSTEMPATH\Helpers\url_helper.php on line 494.
 1 SYSTEMPATH\Helpers\url_helper.php(494): CodeIgniter\Router\Exceptions\RouterException::forInvalidRoute('')
 2 APPPATH\Controllers\admin\ProductsController.php(62): url_to('')
 3 SYSTEMPATH\CodeIgniter.php(933): App\Controllers\Admin\ProductsController->categoryAjax()
 4 SYSTEMPATH\CodeIgniter.php(509): CodeIgniter\CodeIgniter->runController(Object(App\Controllers\Admin\ProductsController))
 5 SYSTEMPATH\CodeIgniter.php(355): CodeIgniter\CodeIgniter->handleRequest(null, Object(Config\Cache), false)
 6 SYSTEMPATH\Boot.php(325): CodeIgniter\CodeIgniter->run()
 7 SYSTEMPATH\Boot.php(67): CodeIgniter\Boot::runCodeIgniter(Object(CodeIgniter\CodeIgniter))
 8 FCPATH\index.php(56): CodeIgniter\Boot::bootWeb(Object(Config\Paths))
CRITICAL - 2024-08-24 11:22:57 --> CodeIgniter\Router\Exceptions\RouterException: The route for "" cannot be found.
[Method: GET, Route: admin/categories/list-ajax]
in SYSTEMPATH\Helpers\url_helper.php on line 494.
 1 SYSTEMPATH\Helpers\url_helper.php(494): CodeIgniter\Router\Exceptions\RouterException::forInvalidRoute('')
 2 APPPATH\Controllers\admin\ProductsController.php(62): url_to('')
 3 SYSTEMPATH\CodeIgniter.php(933): App\Controllers\Admin\ProductsController->categoryAjax()
 4 SYSTEMPATH\CodeIgniter.php(509): CodeIgniter\CodeIgniter->runController(Object(App\Controllers\Admin\ProductsController))
 5 SYSTEMPATH\CodeIgniter.php(355): CodeIgniter\CodeIgniter->handleRequest(null, Object(Config\Cache), false)
 6 SYSTEMPATH\Boot.php(325): CodeIgniter\CodeIgniter->run()
 7 SYSTEMPATH\Boot.php(67): CodeIgniter\Boot::runCodeIgniter(Object(CodeIgniter\CodeIgniter))
 8 FCPATH\index.php(56): CodeIgniter\Boot::bootWeb(Object(Config\Paths))
CRITICAL - 2024-08-24 11:23:03 --> CodeIgniter\Router\Exceptions\RouterException: The route for "" cannot be found.
[Method: GET, Route: admin/categories/list-ajax]
in SYSTEMPATH\Helpers\url_helper.php on line 494.
 1 SYSTEMPATH\Helpers\url_helper.php(494): CodeIgniter\Router\Exceptions\RouterException::forInvalidRoute('')
 2 APPPATH\Controllers\admin\ProductsController.php(62): url_to('')
 3 SYSTEMPATH\CodeIgniter.php(933): App\Controllers\Admin\ProductsController->categoryAjax()
 4 SYSTEMPATH\CodeIgniter.php(509): CodeIgniter\CodeIgniter->runController(Object(App\Controllers\Admin\ProductsController))
 5 SYSTEMPATH\CodeIgniter.php(355): CodeIgniter\CodeIgniter->handleRequest(null, Object(Config\Cache), false)
 6 SYSTEMPATH\Boot.php(325): CodeIgniter\CodeIgniter->run()
 7 SYSTEMPATH\Boot.php(67): CodeIgniter\Boot::runCodeIgniter(Object(CodeIgniter\CodeIgniter))
 8 FCPATH\index.php(56): CodeIgniter\Boot::bootWeb(Object(Config\Paths))
