WARNING - 2024-12-21 05:06:25 --> [DEPRECATED] Optional parameter $type declared before required parameter $message is implicitly treated as a required parameter in APPPATH\Helpers\admin_helper.php on line 66.
 1 SYSTEMPATH\Common.php(640): include_once('C:\\Users\\QBS AK\\Desktop\\xampp\\htdocs\\my-blog-app\\vendor\\codeigniter4\\framework\\system\\Debug\\Exceptions.php')
 2 SYSTEMPATH\Autoloader\Autoloader.php(487): helper([...])
 3 SYSTEMPATH\Boot.php(249): CodeIgniter\Autoloader\Autoloader->loadHelpers()
 4 SYSTEMPATH\Boot.php(99): CodeIgniter\Boot::autoloadHelpers()
 5 ROOTPATH\spark(84): CodeIgniter\Boot::bootSpark(Object(Config\Paths))
WARNING - 2024-12-21 06:11:36 --> [DEPRECATED] Optional parameter $type declared before required parameter $message is implicitly treated as a required parameter in APPPATH\Helpers\admin_helper.php on line 66.
 1 SYSTEMPATH\Common.php(640): include_once('C:\\Users\\QBS AK\\Desktop\\xampp\\htdocs\\my-blog-app\\vendor\\codeigniter4\\framework\\system\\Debug\\Exceptions.php')
 2 SYSTEMPATH\Autoloader\Autoloader.php(487): helper([...])
 3 SYSTEMPATH\Boot.php(249): CodeIgniter\Autoloader\Autoloader->loadHelpers()
 4 SYSTEMPATH\Boot.php(64): CodeIgniter\Boot::autoloadHelpers()
 5 FCPATH\index.php(56): CodeIgniter\Boot::bootWeb(Object(Config\Paths))
WARNING - 2024-12-21 06:11:39 --> [DEPRECATED] Optional parameter $type declared before required parameter $message is implicitly treated as a required parameter in APPPATH\Helpers\admin_helper.php on line 66.
 1 SYSTEMPATH\Common.php(640): include_once('C:\\Users\\QBS AK\\Desktop\\xampp\\htdocs\\my-blog-app\\vendor\\codeigniter4\\framework\\system\\Debug\\Exceptions.php')
 2 SYSTEMPATH\Autoloader\Autoloader.php(487): helper([...])
 3 SYSTEMPATH\Boot.php(249): CodeIgniter\Autoloader\Autoloader->loadHelpers()
 4 SYSTEMPATH\Boot.php(64): CodeIgniter\Boot::autoloadHelpers()
 5 FCPATH\index.php(56): CodeIgniter\Boot::bootWeb(Object(Config\Paths))
INFO - 2024-12-21 05:11:40 --> Session: Class initialized using 'CodeIgniter\Session\Handlers\DatabaseHandler' driver.
WARNING - 2024-12-21 06:11:42 --> [DEPRECATED] Optional parameter $type declared before required parameter $message is implicitly treated as a required parameter in APPPATH\Helpers\admin_helper.php on line 66.
 1 SYSTEMPATH\Common.php(640): include_once('C:\\Users\\QBS AK\\Desktop\\xampp\\htdocs\\my-blog-app\\vendor\\codeigniter4\\framework\\system\\Debug\\Exceptions.php')
 2 SYSTEMPATH\Autoloader\Autoloader.php(487): helper([...])
 3 SYSTEMPATH\Boot.php(249): CodeIgniter\Autoloader\Autoloader->loadHelpers()
 4 SYSTEMPATH\Boot.php(64): CodeIgniter\Boot::autoloadHelpers()
 5 FCPATH\index.php(56): CodeIgniter\Boot::bootWeb(Object(Config\Paths))
INFO - 2024-12-21 05:11:42 --> Session: Class initialized using 'CodeIgniter\Session\Handlers\DatabaseHandler' driver.
WARNING - 2024-12-21 06:11:42 --> [DEPRECATED] Optional parameter $type declared before required parameter $message is implicitly treated as a required parameter in APPPATH\Helpers\admin_helper.php on line 66.
 1 SYSTEMPATH\Common.php(640): include_once('C:\\Users\\QBS AK\\Desktop\\xampp\\htdocs\\my-blog-app\\vendor\\codeigniter4\\framework\\system\\Debug\\Exceptions.php')
 2 SYSTEMPATH\Autoloader\Autoloader.php(487): helper([...])
 3 SYSTEMPATH\Boot.php(249): CodeIgniter\Autoloader\Autoloader->loadHelpers()
 4 SYSTEMPATH\Boot.php(64): CodeIgniter\Boot::autoloadHelpers()
 5 FCPATH\index.php(56): CodeIgniter\Boot::bootWeb(Object(Config\Paths))
INFO - 2024-12-21 05:11:42 --> Session: Class initialized using 'CodeIgniter\Session\Handlers\DatabaseHandler' driver.
WARNING - 2024-12-21 06:11:42 --> [DEPRECATED] Optional parameter $type declared before required parameter $message is implicitly treated as a required parameter in APPPATH\Helpers\admin_helper.php on line 66.
 1 SYSTEMPATH\Common.php(640): include_once('C:\\Users\\QBS AK\\Desktop\\xampp\\htdocs\\my-blog-app\\vendor\\codeigniter4\\framework\\system\\Debug\\Exceptions.php')
 2 SYSTEMPATH\Autoloader\Autoloader.php(487): helper([...])
 3 SYSTEMPATH\Boot.php(249): CodeIgniter\Autoloader\Autoloader->loadHelpers()
 4 SYSTEMPATH\Boot.php(64): CodeIgniter\Boot::autoloadHelpers()
 5 FCPATH\index.php(56): CodeIgniter\Boot::bootWeb(Object(Config\Paths))
WARNING - 2024-12-21 06:11:43 --> [DEPRECATED] Optional parameter $type declared before required parameter $message is implicitly treated as a required parameter in APPPATH\Helpers\admin_helper.php on line 66.
 1 SYSTEMPATH\Common.php(640): include_once('C:\\Users\\QBS AK\\Desktop\\xampp\\htdocs\\my-blog-app\\vendor\\codeigniter4\\framework\\system\\Debug\\Exceptions.php')
 2 SYSTEMPATH\Autoloader\Autoloader.php(487): helper([...])
 3 SYSTEMPATH\Boot.php(249): CodeIgniter\Autoloader\Autoloader->loadHelpers()
 4 SYSTEMPATH\Boot.php(64): CodeIgniter\Boot::autoloadHelpers()
 5 FCPATH\index.php(56): CodeIgniter\Boot::bootWeb(Object(Config\Paths))
WARNING - 2024-12-21 06:11:49 --> [DEPRECATED] Optional parameter $type declared before required parameter $message is implicitly treated as a required parameter in APPPATH\Helpers\admin_helper.php on line 66.
 1 SYSTEMPATH\Common.php(640): include_once('C:\\Users\\QBS AK\\Desktop\\xampp\\htdocs\\my-blog-app\\vendor\\codeigniter4\\framework\\system\\Debug\\Exceptions.php')
 2 SYSTEMPATH\Autoloader\Autoloader.php(487): helper([...])
 3 SYSTEMPATH\Boot.php(249): CodeIgniter\Autoloader\Autoloader->loadHelpers()
 4 SYSTEMPATH\Boot.php(64): CodeIgniter\Boot::autoloadHelpers()
 5 FCPATH\index.php(56): CodeIgniter\Boot::bootWeb(Object(Config\Paths))
INFO - 2024-12-21 05:11:49 --> Session: Class initialized using 'CodeIgniter\Session\Handlers\DatabaseHandler' driver.
WARNING - 2024-12-21 06:11:49 --> [DEPRECATED] Optional parameter $type declared before required parameter $message is implicitly treated as a required parameter in APPPATH\Helpers\admin_helper.php on line 66.
 1 SYSTEMPATH\Common.php(640): include_once('C:\\Users\\QBS AK\\Desktop\\xampp\\htdocs\\my-blog-app\\vendor\\codeigniter4\\framework\\system\\Debug\\Exceptions.php')
 2 SYSTEMPATH\Autoloader\Autoloader.php(487): helper([...])
 3 SYSTEMPATH\Boot.php(249): CodeIgniter\Autoloader\Autoloader->loadHelpers()
 4 SYSTEMPATH\Boot.php(64): CodeIgniter\Boot::autoloadHelpers()
 5 FCPATH\index.php(56): CodeIgniter\Boot::bootWeb(Object(Config\Paths))
INFO - 2024-12-21 05:11:49 --> Session: Class initialized using 'CodeIgniter\Session\Handlers\DatabaseHandler' driver.
WARNING - 2024-12-21 06:11:50 --> [DEPRECATED] Optional parameter $type declared before required parameter $message is implicitly treated as a required parameter in APPPATH\Helpers\admin_helper.php on line 66.
 1 SYSTEMPATH\Common.php(640): include_once('C:\\Users\\QBS AK\\Desktop\\xampp\\htdocs\\my-blog-app\\vendor\\codeigniter4\\framework\\system\\Debug\\Exceptions.php')
 2 SYSTEMPATH\Autoloader\Autoloader.php(487): helper([...])
 3 SYSTEMPATH\Boot.php(249): CodeIgniter\Autoloader\Autoloader->loadHelpers()
 4 SYSTEMPATH\Boot.php(64): CodeIgniter\Boot::autoloadHelpers()
 5 FCPATH\index.php(56): CodeIgniter\Boot::bootWeb(Object(Config\Paths))
WARNING - 2024-12-21 06:11:50 --> [DEPRECATED] Optional parameter $type declared before required parameter $message is implicitly treated as a required parameter in APPPATH\Helpers\admin_helper.php on line 66.
 1 SYSTEMPATH\Common.php(640): include_once('C:\\Users\\QBS AK\\Desktop\\xampp\\htdocs\\my-blog-app\\vendor\\codeigniter4\\framework\\system\\Debug\\Exceptions.php')
 2 SYSTEMPATH\Autoloader\Autoloader.php(487): helper([...])
 3 SYSTEMPATH\Boot.php(249): CodeIgniter\Autoloader\Autoloader->loadHelpers()
 4 SYSTEMPATH\Boot.php(64): CodeIgniter\Boot::autoloadHelpers()
 5 FCPATH\index.php(56): CodeIgniter\Boot::bootWeb(Object(Config\Paths))
WARNING - 2024-12-21 06:11:53 --> [DEPRECATED] Optional parameter $type declared before required parameter $message is implicitly treated as a required parameter in APPPATH\Helpers\admin_helper.php on line 66.
 1 SYSTEMPATH\Common.php(640): include_once('C:\\Users\\QBS AK\\Desktop\\xampp\\htdocs\\my-blog-app\\vendor\\codeigniter4\\framework\\system\\Debug\\Exceptions.php')
 2 SYSTEMPATH\Autoloader\Autoloader.php(487): helper([...])
 3 SYSTEMPATH\Boot.php(249): CodeIgniter\Autoloader\Autoloader->loadHelpers()
 4 SYSTEMPATH\Boot.php(64): CodeIgniter\Boot::autoloadHelpers()
 5 FCPATH\index.php(56): CodeIgniter\Boot::bootWeb(Object(Config\Paths))
INFO - 2024-12-21 05:11:53 --> Session: Class initialized using 'CodeIgniter\Session\Handlers\DatabaseHandler' driver.
WARNING - 2024-12-21 06:11:53 --> [DEPRECATED] Optional parameter $type declared before required parameter $message is implicitly treated as a required parameter in APPPATH\Helpers\admin_helper.php on line 66.
 1 SYSTEMPATH\Common.php(640): include_once('C:\\Users\\QBS AK\\Desktop\\xampp\\htdocs\\my-blog-app\\vendor\\codeigniter4\\framework\\system\\Debug\\Exceptions.php')
 2 SYSTEMPATH\Autoloader\Autoloader.php(487): helper([...])
 3 SYSTEMPATH\Boot.php(249): CodeIgniter\Autoloader\Autoloader->loadHelpers()
 4 SYSTEMPATH\Boot.php(64): CodeIgniter\Boot::autoloadHelpers()
 5 FCPATH\index.php(56): CodeIgniter\Boot::bootWeb(Object(Config\Paths))
WARNING - 2024-12-21 06:11:53 --> [DEPRECATED] Optional parameter $type declared before required parameter $message is implicitly treated as a required parameter in APPPATH\Helpers\admin_helper.php on line 66.
 1 SYSTEMPATH\Common.php(640): include_once('C:\\Users\\QBS AK\\Desktop\\xampp\\htdocs\\my-blog-app\\vendor\\codeigniter4\\framework\\system\\Debug\\Exceptions.php')
 2 SYSTEMPATH\Autoloader\Autoloader.php(487): helper([...])
 3 SYSTEMPATH\Boot.php(249): CodeIgniter\Autoloader\Autoloader->loadHelpers()
 4 SYSTEMPATH\Boot.php(64): CodeIgniter\Boot::autoloadHelpers()
 5 FCPATH\index.php(56): CodeIgniter\Boot::bootWeb(Object(Config\Paths))
WARNING - 2024-12-21 06:12:24 --> [DEPRECATED] Optional parameter $type declared before required parameter $message is implicitly treated as a required parameter in APPPATH\Helpers\admin_helper.php on line 66.
 1 SYSTEMPATH\Common.php(640): include_once('C:\\Users\\QBS AK\\Desktop\\xampp\\htdocs\\my-blog-app\\vendor\\codeigniter4\\framework\\system\\Debug\\Exceptions.php')
 2 SYSTEMPATH\Autoloader\Autoloader.php(487): helper([...])
 3 SYSTEMPATH\Boot.php(249): CodeIgniter\Autoloader\Autoloader->loadHelpers()
 4 SYSTEMPATH\Boot.php(64): CodeIgniter\Boot::autoloadHelpers()
 5 FCPATH\index.php(56): CodeIgniter\Boot::bootWeb(Object(Config\Paths))
INFO - 2024-12-21 05:12:24 --> Session: Class initialized using 'CodeIgniter\Session\Handlers\DatabaseHandler' driver.
WARNING - 2024-12-21 06:12:24 --> [DEPRECATED] Optional parameter $type declared before required parameter $message is implicitly treated as a required parameter in APPPATH\Helpers\admin_helper.php on line 66.
 1 SYSTEMPATH\Common.php(640): include_once('C:\\Users\\QBS AK\\Desktop\\xampp\\htdocs\\my-blog-app\\vendor\\codeigniter4\\framework\\system\\Debug\\Exceptions.php')
 2 SYSTEMPATH\Autoloader\Autoloader.php(487): helper([...])
 3 SYSTEMPATH\Boot.php(249): CodeIgniter\Autoloader\Autoloader->loadHelpers()
 4 SYSTEMPATH\Boot.php(64): CodeIgniter\Boot::autoloadHelpers()
 5 FCPATH\index.php(56): CodeIgniter\Boot::bootWeb(Object(Config\Paths))
WARNING - 2024-12-21 06:12:24 --> [DEPRECATED] Optional parameter $type declared before required parameter $message is implicitly treated as a required parameter in APPPATH\Helpers\admin_helper.php on line 66.
 1 SYSTEMPATH\Common.php(640): include_once('C:\\Users\\QBS AK\\Desktop\\xampp\\htdocs\\my-blog-app\\vendor\\codeigniter4\\framework\\system\\Debug\\Exceptions.php')
 2 SYSTEMPATH\Autoloader\Autoloader.php(487): helper([...])
 3 SYSTEMPATH\Boot.php(249): CodeIgniter\Autoloader\Autoloader->loadHelpers()
 4 SYSTEMPATH\Boot.php(64): CodeIgniter\Boot::autoloadHelpers()
 5 FCPATH\index.php(56): CodeIgniter\Boot::bootWeb(Object(Config\Paths))
WARNING - 2024-12-21 06:23:06 --> [DEPRECATED] Optional parameter $type declared before required parameter $message is implicitly treated as a required parameter in APPPATH\Helpers\admin_helper.php on line 66.
 1 SYSTEMPATH\Common.php(640): include_once('C:\\Users\\QBS AK\\Desktop\\xampp\\htdocs\\my-blog-app\\vendor\\codeigniter4\\framework\\system\\Debug\\Exceptions.php')
 2 SYSTEMPATH\Autoloader\Autoloader.php(487): helper([...])
 3 SYSTEMPATH\Boot.php(249): CodeIgniter\Autoloader\Autoloader->loadHelpers()
 4 SYSTEMPATH\Boot.php(64): CodeIgniter\Boot::autoloadHelpers()
 5 FCPATH\index.php(56): CodeIgniter\Boot::bootWeb(Object(Config\Paths))
INFO - 2024-12-21 05:23:06 --> Session: Class initialized using 'CodeIgniter\Session\Handlers\DatabaseHandler' driver.
WARNING - 2024-12-21 06:23:06 --> [DEPRECATED] Optional parameter $type declared before required parameter $message is implicitly treated as a required parameter in APPPATH\Helpers\admin_helper.php on line 66.
 1 SYSTEMPATH\Common.php(640): include_once('C:\\Users\\QBS AK\\Desktop\\xampp\\htdocs\\my-blog-app\\vendor\\codeigniter4\\framework\\system\\Debug\\Exceptions.php')
 2 SYSTEMPATH\Autoloader\Autoloader.php(487): helper([...])
 3 SYSTEMPATH\Boot.php(249): CodeIgniter\Autoloader\Autoloader->loadHelpers()
 4 SYSTEMPATH\Boot.php(64): CodeIgniter\Boot::autoloadHelpers()
 5 FCPATH\index.php(56): CodeIgniter\Boot::bootWeb(Object(Config\Paths))
WARNING - 2024-12-21 06:23:06 --> [DEPRECATED] Optional parameter $type declared before required parameter $message is implicitly treated as a required parameter in APPPATH\Helpers\admin_helper.php on line 66.
 1 SYSTEMPATH\Common.php(640): include_once('C:\\Users\\QBS AK\\Desktop\\xampp\\htdocs\\my-blog-app\\vendor\\codeigniter4\\framework\\system\\Debug\\Exceptions.php')
 2 SYSTEMPATH\Autoloader\Autoloader.php(487): helper([...])
 3 SYSTEMPATH\Boot.php(249): CodeIgniter\Autoloader\Autoloader->loadHelpers()
 4 SYSTEMPATH\Boot.php(64): CodeIgniter\Boot::autoloadHelpers()
 5 FCPATH\index.php(56): CodeIgniter\Boot::bootWeb(Object(Config\Paths))
WARNING - 2024-12-21 06:23:13 --> [DEPRECATED] Optional parameter $type declared before required parameter $message is implicitly treated as a required parameter in APPPATH\Helpers\admin_helper.php on line 66.
 1 SYSTEMPATH\Common.php(640): include_once('C:\\Users\\QBS AK\\Desktop\\xampp\\htdocs\\my-blog-app\\vendor\\codeigniter4\\framework\\system\\Debug\\Exceptions.php')
 2 SYSTEMPATH\Autoloader\Autoloader.php(487): helper([...])
 3 SYSTEMPATH\Boot.php(249): CodeIgniter\Autoloader\Autoloader->loadHelpers()
 4 SYSTEMPATH\Boot.php(64): CodeIgniter\Boot::autoloadHelpers()
 5 FCPATH\index.php(56): CodeIgniter\Boot::bootWeb(Object(Config\Paths))
INFO - 2024-12-21 05:23:13 --> Session: Class initialized using 'CodeIgniter\Session\Handlers\DatabaseHandler' driver.
WARNING - 2024-12-21 06:23:13 --> [DEPRECATED] Optional parameter $type declared before required parameter $message is implicitly treated as a required parameter in APPPATH\Helpers\admin_helper.php on line 66.
 1 SYSTEMPATH\Common.php(640): include_once('C:\\Users\\QBS AK\\Desktop\\xampp\\htdocs\\my-blog-app\\vendor\\codeigniter4\\framework\\system\\Debug\\Exceptions.php')
 2 SYSTEMPATH\Autoloader\Autoloader.php(487): helper([...])
 3 SYSTEMPATH\Boot.php(249): CodeIgniter\Autoloader\Autoloader->loadHelpers()
 4 SYSTEMPATH\Boot.php(64): CodeIgniter\Boot::autoloadHelpers()
 5 FCPATH\index.php(56): CodeIgniter\Boot::bootWeb(Object(Config\Paths))
WARNING - 2024-12-21 06:23:14 --> [DEPRECATED] Optional parameter $type declared before required parameter $message is implicitly treated as a required parameter in APPPATH\Helpers\admin_helper.php on line 66.
 1 SYSTEMPATH\Common.php(640): include_once('C:\\Users\\QBS AK\\Desktop\\xampp\\htdocs\\my-blog-app\\vendor\\codeigniter4\\framework\\system\\Debug\\Exceptions.php')
 2 SYSTEMPATH\Autoloader\Autoloader.php(487): helper([...])
 3 SYSTEMPATH\Boot.php(249): CodeIgniter\Autoloader\Autoloader->loadHelpers()
 4 SYSTEMPATH\Boot.php(64): CodeIgniter\Boot::autoloadHelpers()
 5 FCPATH\index.php(56): CodeIgniter\Boot::bootWeb(Object(Config\Paths))
WARNING - 2024-12-21 06:23:38 --> [DEPRECATED] Optional parameter $type declared before required parameter $message is implicitly treated as a required parameter in APPPATH\Helpers\admin_helper.php on line 66.
 1 SYSTEMPATH\Common.php(640): include_once('C:\\Users\\QBS AK\\Desktop\\xampp\\htdocs\\my-blog-app\\vendor\\codeigniter4\\framework\\system\\Debug\\Exceptions.php')
 2 SYSTEMPATH\Autoloader\Autoloader.php(487): helper([...])
 3 SYSTEMPATH\Boot.php(249): CodeIgniter\Autoloader\Autoloader->loadHelpers()
 4 SYSTEMPATH\Boot.php(64): CodeIgniter\Boot::autoloadHelpers()
 5 FCPATH\index.php(56): CodeIgniter\Boot::bootWeb(Object(Config\Paths))
INFO - 2024-12-21 05:23:38 --> Session: Class initialized using 'CodeIgniter\Session\Handlers\DatabaseHandler' driver.
WARNING - 2024-12-21 06:23:38 --> [DEPRECATED] Optional parameter $type declared before required parameter $message is implicitly treated as a required parameter in APPPATH\Helpers\admin_helper.php on line 66.
 1 SYSTEMPATH\Common.php(640): include_once('C:\\Users\\QBS AK\\Desktop\\xampp\\htdocs\\my-blog-app\\vendor\\codeigniter4\\framework\\system\\Debug\\Exceptions.php')
 2 SYSTEMPATH\Autoloader\Autoloader.php(487): helper([...])
 3 SYSTEMPATH\Boot.php(249): CodeIgniter\Autoloader\Autoloader->loadHelpers()
 4 SYSTEMPATH\Boot.php(64): CodeIgniter\Boot::autoloadHelpers()
 5 FCPATH\index.php(56): CodeIgniter\Boot::bootWeb(Object(Config\Paths))
WARNING - 2024-12-21 06:23:39 --> [DEPRECATED] Optional parameter $type declared before required parameter $message is implicitly treated as a required parameter in APPPATH\Helpers\admin_helper.php on line 66.
 1 SYSTEMPATH\Common.php(640): include_once('C:\\Users\\QBS AK\\Desktop\\xampp\\htdocs\\my-blog-app\\vendor\\codeigniter4\\framework\\system\\Debug\\Exceptions.php')
 2 SYSTEMPATH\Autoloader\Autoloader.php(487): helper([...])
 3 SYSTEMPATH\Boot.php(249): CodeIgniter\Autoloader\Autoloader->loadHelpers()
 4 SYSTEMPATH\Boot.php(64): CodeIgniter\Boot::autoloadHelpers()
 5 FCPATH\index.php(56): CodeIgniter\Boot::bootWeb(Object(Config\Paths))
WARNING - 2024-12-21 06:25:05 --> [DEPRECATED] Optional parameter $type declared before required parameter $message is implicitly treated as a required parameter in APPPATH\Helpers\admin_helper.php on line 66.
 1 SYSTEMPATH\Common.php(640): include_once('C:\\Users\\QBS AK\\Desktop\\xampp\\htdocs\\my-blog-app\\vendor\\codeigniter4\\framework\\system\\Debug\\Exceptions.php')
 2 SYSTEMPATH\Autoloader\Autoloader.php(487): helper([...])
 3 SYSTEMPATH\Boot.php(249): CodeIgniter\Autoloader\Autoloader->loadHelpers()
 4 SYSTEMPATH\Boot.php(64): CodeIgniter\Boot::autoloadHelpers()
 5 FCPATH\index.php(56): CodeIgniter\Boot::bootWeb(Object(Config\Paths))
INFO - 2024-12-21 05:25:05 --> Session: Class initialized using 'CodeIgniter\Session\Handlers\DatabaseHandler' driver.
WARNING - 2024-12-21 06:25:05 --> [DEPRECATED] Optional parameter $type declared before required parameter $message is implicitly treated as a required parameter in APPPATH\Helpers\admin_helper.php on line 66.
 1 SYSTEMPATH\Common.php(640): include_once('C:\\Users\\QBS AK\\Desktop\\xampp\\htdocs\\my-blog-app\\vendor\\codeigniter4\\framework\\system\\Debug\\Exceptions.php')
 2 SYSTEMPATH\Autoloader\Autoloader.php(487): helper([...])
 3 SYSTEMPATH\Boot.php(249): CodeIgniter\Autoloader\Autoloader->loadHelpers()
 4 SYSTEMPATH\Boot.php(64): CodeIgniter\Boot::autoloadHelpers()
 5 FCPATH\index.php(56): CodeIgniter\Boot::bootWeb(Object(Config\Paths))
WARNING - 2024-12-21 06:25:06 --> [DEPRECATED] Optional parameter $type declared before required parameter $message is implicitly treated as a required parameter in APPPATH\Helpers\admin_helper.php on line 66.
 1 SYSTEMPATH\Common.php(640): include_once('C:\\Users\\QBS AK\\Desktop\\xampp\\htdocs\\my-blog-app\\vendor\\codeigniter4\\framework\\system\\Debug\\Exceptions.php')
 2 SYSTEMPATH\Autoloader\Autoloader.php(487): helper([...])
 3 SYSTEMPATH\Boot.php(249): CodeIgniter\Autoloader\Autoloader->loadHelpers()
 4 SYSTEMPATH\Boot.php(64): CodeIgniter\Boot::autoloadHelpers()
 5 FCPATH\index.php(56): CodeIgniter\Boot::bootWeb(Object(Config\Paths))
WARNING - 2024-12-21 06:25:12 --> [DEPRECATED] Optional parameter $type declared before required parameter $message is implicitly treated as a required parameter in APPPATH\Helpers\admin_helper.php on line 66.
 1 SYSTEMPATH\Common.php(640): include_once('C:\\Users\\QBS AK\\Desktop\\xampp\\htdocs\\my-blog-app\\vendor\\codeigniter4\\framework\\system\\Debug\\Exceptions.php')
 2 SYSTEMPATH\Autoloader\Autoloader.php(487): helper([...])
 3 SYSTEMPATH\Boot.php(249): CodeIgniter\Autoloader\Autoloader->loadHelpers()
 4 SYSTEMPATH\Boot.php(64): CodeIgniter\Boot::autoloadHelpers()
 5 FCPATH\index.php(56): CodeIgniter\Boot::bootWeb(Object(Config\Paths))
INFO - 2024-12-21 05:25:12 --> Session: Class initialized using 'CodeIgniter\Session\Handlers\DatabaseHandler' driver.
WARNING - 2024-12-21 06:25:12 --> [DEPRECATED] Optional parameter $type declared before required parameter $message is implicitly treated as a required parameter in APPPATH\Helpers\admin_helper.php on line 66.
 1 SYSTEMPATH\Common.php(640): include_once('C:\\Users\\QBS AK\\Desktop\\xampp\\htdocs\\my-blog-app\\vendor\\codeigniter4\\framework\\system\\Debug\\Exceptions.php')
 2 SYSTEMPATH\Autoloader\Autoloader.php(487): helper([...])
 3 SYSTEMPATH\Boot.php(249): CodeIgniter\Autoloader\Autoloader->loadHelpers()
 4 SYSTEMPATH\Boot.php(64): CodeIgniter\Boot::autoloadHelpers()
 5 FCPATH\index.php(56): CodeIgniter\Boot::bootWeb(Object(Config\Paths))
WARNING - 2024-12-21 06:25:12 --> [DEPRECATED] Optional parameter $type declared before required parameter $message is implicitly treated as a required parameter in APPPATH\Helpers\admin_helper.php on line 66.
 1 SYSTEMPATH\Common.php(640): include_once('C:\\Users\\QBS AK\\Desktop\\xampp\\htdocs\\my-blog-app\\vendor\\codeigniter4\\framework\\system\\Debug\\Exceptions.php')
 2 SYSTEMPATH\Autoloader\Autoloader.php(487): helper([...])
 3 SYSTEMPATH\Boot.php(249): CodeIgniter\Autoloader\Autoloader->loadHelpers()
 4 SYSTEMPATH\Boot.php(64): CodeIgniter\Boot::autoloadHelpers()
 5 FCPATH\index.php(56): CodeIgniter\Boot::bootWeb(Object(Config\Paths))
WARNING - 2024-12-21 06:25:17 --> [DEPRECATED] Optional parameter $type declared before required parameter $message is implicitly treated as a required parameter in APPPATH\Helpers\admin_helper.php on line 66.
 1 SYSTEMPATH\Common.php(640): include_once('C:\\Users\\QBS AK\\Desktop\\xampp\\htdocs\\my-blog-app\\vendor\\codeigniter4\\framework\\system\\Debug\\Exceptions.php')
 2 SYSTEMPATH\Autoloader\Autoloader.php(487): helper([...])
 3 SYSTEMPATH\Boot.php(249): CodeIgniter\Autoloader\Autoloader->loadHelpers()
 4 SYSTEMPATH\Boot.php(64): CodeIgniter\Boot::autoloadHelpers()
 5 FCPATH\index.php(56): CodeIgniter\Boot::bootWeb(Object(Config\Paths))
INFO - 2024-12-21 05:25:17 --> Session: Class initialized using 'CodeIgniter\Session\Handlers\DatabaseHandler' driver.
WARNING - 2024-12-21 06:25:18 --> [DEPRECATED] Optional parameter $type declared before required parameter $message is implicitly treated as a required parameter in APPPATH\Helpers\admin_helper.php on line 66.
 1 SYSTEMPATH\Common.php(640): include_once('C:\\Users\\QBS AK\\Desktop\\xampp\\htdocs\\my-blog-app\\vendor\\codeigniter4\\framework\\system\\Debug\\Exceptions.php')
 2 SYSTEMPATH\Autoloader\Autoloader.php(487): helper([...])
 3 SYSTEMPATH\Boot.php(249): CodeIgniter\Autoloader\Autoloader->loadHelpers()
 4 SYSTEMPATH\Boot.php(64): CodeIgniter\Boot::autoloadHelpers()
 5 FCPATH\index.php(56): CodeIgniter\Boot::bootWeb(Object(Config\Paths))
WARNING - 2024-12-21 06:25:18 --> [DEPRECATED] Optional parameter $type declared before required parameter $message is implicitly treated as a required parameter in APPPATH\Helpers\admin_helper.php on line 66.
 1 SYSTEMPATH\Common.php(640): include_once('C:\\Users\\QBS AK\\Desktop\\xampp\\htdocs\\my-blog-app\\vendor\\codeigniter4\\framework\\system\\Debug\\Exceptions.php')
 2 SYSTEMPATH\Autoloader\Autoloader.php(487): helper([...])
 3 SYSTEMPATH\Boot.php(249): CodeIgniter\Autoloader\Autoloader->loadHelpers()
 4 SYSTEMPATH\Boot.php(64): CodeIgniter\Boot::autoloadHelpers()
 5 FCPATH\index.php(56): CodeIgniter\Boot::bootWeb(Object(Config\Paths))
WARNING - 2024-12-21 06:26:23 --> [DEPRECATED] Optional parameter $type declared before required parameter $message is implicitly treated as a required parameter in APPPATH\Helpers\admin_helper.php on line 66.
 1 SYSTEMPATH\Common.php(640): include_once('C:\\Users\\QBS AK\\Desktop\\xampp\\htdocs\\my-blog-app\\vendor\\codeigniter4\\framework\\system\\Debug\\Exceptions.php')
 2 SYSTEMPATH\Autoloader\Autoloader.php(487): helper([...])
 3 SYSTEMPATH\Boot.php(249): CodeIgniter\Autoloader\Autoloader->loadHelpers()
 4 SYSTEMPATH\Boot.php(64): CodeIgniter\Boot::autoloadHelpers()
 5 FCPATH\index.php(56): CodeIgniter\Boot::bootWeb(Object(Config\Paths))
INFO - 2024-12-21 05:26:23 --> Session: Class initialized using 'CodeIgniter\Session\Handlers\DatabaseHandler' driver.
WARNING - 2024-12-21 06:26:23 --> [DEPRECATED] Optional parameter $type declared before required parameter $message is implicitly treated as a required parameter in APPPATH\Helpers\admin_helper.php on line 66.
 1 SYSTEMPATH\Common.php(640): include_once('C:\\Users\\QBS AK\\Desktop\\xampp\\htdocs\\my-blog-app\\vendor\\codeigniter4\\framework\\system\\Debug\\Exceptions.php')
 2 SYSTEMPATH\Autoloader\Autoloader.php(487): helper([...])
 3 SYSTEMPATH\Boot.php(249): CodeIgniter\Autoloader\Autoloader->loadHelpers()
 4 SYSTEMPATH\Boot.php(64): CodeIgniter\Boot::autoloadHelpers()
 5 FCPATH\index.php(56): CodeIgniter\Boot::bootWeb(Object(Config\Paths))
WARNING - 2024-12-21 06:26:24 --> [DEPRECATED] Optional parameter $type declared before required parameter $message is implicitly treated as a required parameter in APPPATH\Helpers\admin_helper.php on line 66.
 1 SYSTEMPATH\Common.php(640): include_once('C:\\Users\\QBS AK\\Desktop\\xampp\\htdocs\\my-blog-app\\vendor\\codeigniter4\\framework\\system\\Debug\\Exceptions.php')
 2 SYSTEMPATH\Autoloader\Autoloader.php(487): helper([...])
 3 SYSTEMPATH\Boot.php(249): CodeIgniter\Autoloader\Autoloader->loadHelpers()
 4 SYSTEMPATH\Boot.php(64): CodeIgniter\Boot::autoloadHelpers()
 5 FCPATH\index.php(56): CodeIgniter\Boot::bootWeb(Object(Config\Paths))
WARNING - 2024-12-21 06:28:02 --> [DEPRECATED] Optional parameter $type declared before required parameter $message is implicitly treated as a required parameter in APPPATH\Helpers\admin_helper.php on line 66.
 1 SYSTEMPATH\Common.php(640): include_once('C:\\Users\\QBS AK\\Desktop\\xampp\\htdocs\\my-blog-app\\vendor\\codeigniter4\\framework\\system\\Debug\\Exceptions.php')
 2 SYSTEMPATH\Autoloader\Autoloader.php(487): helper([...])
 3 SYSTEMPATH\Boot.php(249): CodeIgniter\Autoloader\Autoloader->loadHelpers()
 4 SYSTEMPATH\Boot.php(64): CodeIgniter\Boot::autoloadHelpers()
 5 FCPATH\index.php(56): CodeIgniter\Boot::bootWeb(Object(Config\Paths))
INFO - 2024-12-21 05:28:02 --> Session: Class initialized using 'CodeIgniter\Session\Handlers\DatabaseHandler' driver.
WARNING - 2024-12-21 06:28:02 --> [DEPRECATED] Optional parameter $type declared before required parameter $message is implicitly treated as a required parameter in APPPATH\Helpers\admin_helper.php on line 66.
 1 SYSTEMPATH\Common.php(640): include_once('C:\\Users\\QBS AK\\Desktop\\xampp\\htdocs\\my-blog-app\\vendor\\codeigniter4\\framework\\system\\Debug\\Exceptions.php')
 2 SYSTEMPATH\Autoloader\Autoloader.php(487): helper([...])
 3 SYSTEMPATH\Boot.php(249): CodeIgniter\Autoloader\Autoloader->loadHelpers()
 4 SYSTEMPATH\Boot.php(64): CodeIgniter\Boot::autoloadHelpers()
 5 FCPATH\index.php(56): CodeIgniter\Boot::bootWeb(Object(Config\Paths))
WARNING - 2024-12-21 06:28:02 --> [DEPRECATED] Optional parameter $type declared before required parameter $message is implicitly treated as a required parameter in APPPATH\Helpers\admin_helper.php on line 66.
 1 SYSTEMPATH\Common.php(640): include_once('C:\\Users\\QBS AK\\Desktop\\xampp\\htdocs\\my-blog-app\\vendor\\codeigniter4\\framework\\system\\Debug\\Exceptions.php')
 2 SYSTEMPATH\Autoloader\Autoloader.php(487): helper([...])
 3 SYSTEMPATH\Boot.php(249): CodeIgniter\Autoloader\Autoloader->loadHelpers()
 4 SYSTEMPATH\Boot.php(64): CodeIgniter\Boot::autoloadHelpers()
 5 FCPATH\index.php(56): CodeIgniter\Boot::bootWeb(Object(Config\Paths))
WARNING - 2024-12-21 06:32:54 --> [DEPRECATED] Optional parameter $type declared before required parameter $message is implicitly treated as a required parameter in APPPATH\Helpers\admin_helper.php on line 66.
 1 SYSTEMPATH\Common.php(640): include_once('C:\\Users\\QBS AK\\Desktop\\xampp\\htdocs\\my-blog-app\\vendor\\codeigniter4\\framework\\system\\Debug\\Exceptions.php')
 2 SYSTEMPATH\Autoloader\Autoloader.php(487): helper([...])
 3 SYSTEMPATH\Boot.php(249): CodeIgniter\Autoloader\Autoloader->loadHelpers()
 4 SYSTEMPATH\Boot.php(64): CodeIgniter\Boot::autoloadHelpers()
 5 FCPATH\index.php(56): CodeIgniter\Boot::bootWeb(Object(Config\Paths))
INFO - 2024-12-21 05:32:54 --> Session: Class initialized using 'CodeIgniter\Session\Handlers\DatabaseHandler' driver.
WARNING - 2024-12-21 06:32:55 --> [DEPRECATED] Optional parameter $type declared before required parameter $message is implicitly treated as a required parameter in APPPATH\Helpers\admin_helper.php on line 66.
 1 SYSTEMPATH\Common.php(640): include_once('C:\\Users\\QBS AK\\Desktop\\xampp\\htdocs\\my-blog-app\\vendor\\codeigniter4\\framework\\system\\Debug\\Exceptions.php')
 2 SYSTEMPATH\Autoloader\Autoloader.php(487): helper([...])
 3 SYSTEMPATH\Boot.php(249): CodeIgniter\Autoloader\Autoloader->loadHelpers()
 4 SYSTEMPATH\Boot.php(64): CodeIgniter\Boot::autoloadHelpers()
 5 FCPATH\index.php(56): CodeIgniter\Boot::bootWeb(Object(Config\Paths))
WARNING - 2024-12-21 06:32:55 --> [DEPRECATED] Optional parameter $type declared before required parameter $message is implicitly treated as a required parameter in APPPATH\Helpers\admin_helper.php on line 66.
 1 SYSTEMPATH\Common.php(640): include_once('C:\\Users\\QBS AK\\Desktop\\xampp\\htdocs\\my-blog-app\\vendor\\codeigniter4\\framework\\system\\Debug\\Exceptions.php')
 2 SYSTEMPATH\Autoloader\Autoloader.php(487): helper([...])
 3 SYSTEMPATH\Boot.php(249): CodeIgniter\Autoloader\Autoloader->loadHelpers()
 4 SYSTEMPATH\Boot.php(64): CodeIgniter\Boot::autoloadHelpers()
 5 FCPATH\index.php(56): CodeIgniter\Boot::bootWeb(Object(Config\Paths))
WARNING - 2024-12-21 06:33:13 --> [DEPRECATED] Optional parameter $type declared before required parameter $message is implicitly treated as a required parameter in APPPATH\Helpers\admin_helper.php on line 66.
 1 SYSTEMPATH\Common.php(640): include_once('C:\\Users\\QBS AK\\Desktop\\xampp\\htdocs\\my-blog-app\\vendor\\codeigniter4\\framework\\system\\Debug\\Exceptions.php')
 2 SYSTEMPATH\Autoloader\Autoloader.php(487): helper([...])
 3 SYSTEMPATH\Boot.php(249): CodeIgniter\Autoloader\Autoloader->loadHelpers()
 4 SYSTEMPATH\Boot.php(64): CodeIgniter\Boot::autoloadHelpers()
 5 FCPATH\index.php(56): CodeIgniter\Boot::bootWeb(Object(Config\Paths))
INFO - 2024-12-21 05:33:13 --> Session: Class initialized using 'CodeIgniter\Session\Handlers\DatabaseHandler' driver.
WARNING - 2024-12-21 06:33:13 --> [DEPRECATED] Optional parameter $type declared before required parameter $message is implicitly treated as a required parameter in APPPATH\Helpers\admin_helper.php on line 66.
 1 SYSTEMPATH\Common.php(640): include_once('C:\\Users\\QBS AK\\Desktop\\xampp\\htdocs\\my-blog-app\\vendor\\codeigniter4\\framework\\system\\Debug\\Exceptions.php')
 2 SYSTEMPATH\Autoloader\Autoloader.php(487): helper([...])
 3 SYSTEMPATH\Boot.php(249): CodeIgniter\Autoloader\Autoloader->loadHelpers()
 4 SYSTEMPATH\Boot.php(64): CodeIgniter\Boot::autoloadHelpers()
 5 FCPATH\index.php(56): CodeIgniter\Boot::bootWeb(Object(Config\Paths))
WARNING - 2024-12-21 06:33:13 --> [DEPRECATED] Optional parameter $type declared before required parameter $message is implicitly treated as a required parameter in APPPATH\Helpers\admin_helper.php on line 66.
 1 SYSTEMPATH\Common.php(640): include_once('C:\\Users\\QBS AK\\Desktop\\xampp\\htdocs\\my-blog-app\\vendor\\codeigniter4\\framework\\system\\Debug\\Exceptions.php')
 2 SYSTEMPATH\Autoloader\Autoloader.php(487): helper([...])
 3 SYSTEMPATH\Boot.php(249): CodeIgniter\Autoloader\Autoloader->loadHelpers()
 4 SYSTEMPATH\Boot.php(64): CodeIgniter\Boot::autoloadHelpers()
 5 FCPATH\index.php(56): CodeIgniter\Boot::bootWeb(Object(Config\Paths))
WARNING - 2024-12-21 06:34:11 --> [DEPRECATED] Optional parameter $type declared before required parameter $message is implicitly treated as a required parameter in APPPATH\Helpers\admin_helper.php on line 66.
 1 SYSTEMPATH\Common.php(640): include_once('C:\\Users\\QBS AK\\Desktop\\xampp\\htdocs\\my-blog-app\\vendor\\codeigniter4\\framework\\system\\Debug\\Exceptions.php')
 2 SYSTEMPATH\Autoloader\Autoloader.php(487): helper([...])
 3 SYSTEMPATH\Boot.php(249): CodeIgniter\Autoloader\Autoloader->loadHelpers()
 4 SYSTEMPATH\Boot.php(64): CodeIgniter\Boot::autoloadHelpers()
 5 FCPATH\index.php(56): CodeIgniter\Boot::bootWeb(Object(Config\Paths))
INFO - 2024-12-21 05:34:11 --> Session: Class initialized using 'CodeIgniter\Session\Handlers\DatabaseHandler' driver.
WARNING - 2024-12-21 06:34:11 --> [DEPRECATED] Optional parameter $type declared before required parameter $message is implicitly treated as a required parameter in APPPATH\Helpers\admin_helper.php on line 66.
 1 SYSTEMPATH\Common.php(640): include_once('C:\\Users\\QBS AK\\Desktop\\xampp\\htdocs\\my-blog-app\\vendor\\codeigniter4\\framework\\system\\Debug\\Exceptions.php')
 2 SYSTEMPATH\Autoloader\Autoloader.php(487): helper([...])
 3 SYSTEMPATH\Boot.php(249): CodeIgniter\Autoloader\Autoloader->loadHelpers()
 4 SYSTEMPATH\Boot.php(64): CodeIgniter\Boot::autoloadHelpers()
 5 FCPATH\index.php(56): CodeIgniter\Boot::bootWeb(Object(Config\Paths))
WARNING - 2024-12-21 06:34:12 --> [DEPRECATED] Optional parameter $type declared before required parameter $message is implicitly treated as a required parameter in APPPATH\Helpers\admin_helper.php on line 66.
 1 SYSTEMPATH\Common.php(640): include_once('C:\\Users\\QBS AK\\Desktop\\xampp\\htdocs\\my-blog-app\\vendor\\codeigniter4\\framework\\system\\Debug\\Exceptions.php')
 2 SYSTEMPATH\Autoloader\Autoloader.php(487): helper([...])
 3 SYSTEMPATH\Boot.php(249): CodeIgniter\Autoloader\Autoloader->loadHelpers()
 4 SYSTEMPATH\Boot.php(64): CodeIgniter\Boot::autoloadHelpers()
 5 FCPATH\index.php(56): CodeIgniter\Boot::bootWeb(Object(Config\Paths))
WARNING - 2024-12-21 06:36:27 --> [DEPRECATED] Optional parameter $type declared before required parameter $message is implicitly treated as a required parameter in APPPATH\Helpers\admin_helper.php on line 66.
 1 SYSTEMPATH\Common.php(640): include_once('C:\\Users\\QBS AK\\Desktop\\xampp\\htdocs\\my-blog-app\\vendor\\codeigniter4\\framework\\system\\Debug\\Exceptions.php')
 2 SYSTEMPATH\Autoloader\Autoloader.php(487): helper([...])
 3 SYSTEMPATH\Boot.php(249): CodeIgniter\Autoloader\Autoloader->loadHelpers()
 4 SYSTEMPATH\Boot.php(64): CodeIgniter\Boot::autoloadHelpers()
 5 FCPATH\index.php(56): CodeIgniter\Boot::bootWeb(Object(Config\Paths))
INFO - 2024-12-21 05:36:27 --> Session: Class initialized using 'CodeIgniter\Session\Handlers\DatabaseHandler' driver.
WARNING - 2024-12-21 06:36:27 --> [DEPRECATED] Optional parameter $type declared before required parameter $message is implicitly treated as a required parameter in APPPATH\Helpers\admin_helper.php on line 66.
 1 SYSTEMPATH\Common.php(640): include_once('C:\\Users\\QBS AK\\Desktop\\xampp\\htdocs\\my-blog-app\\vendor\\codeigniter4\\framework\\system\\Debug\\Exceptions.php')
 2 SYSTEMPATH\Autoloader\Autoloader.php(487): helper([...])
 3 SYSTEMPATH\Boot.php(249): CodeIgniter\Autoloader\Autoloader->loadHelpers()
 4 SYSTEMPATH\Boot.php(64): CodeIgniter\Boot::autoloadHelpers()
 5 FCPATH\index.php(56): CodeIgniter\Boot::bootWeb(Object(Config\Paths))
WARNING - 2024-12-21 06:36:27 --> [DEPRECATED] Optional parameter $type declared before required parameter $message is implicitly treated as a required parameter in APPPATH\Helpers\admin_helper.php on line 66.
 1 SYSTEMPATH\Common.php(640): include_once('C:\\Users\\QBS AK\\Desktop\\xampp\\htdocs\\my-blog-app\\vendor\\codeigniter4\\framework\\system\\Debug\\Exceptions.php')
 2 SYSTEMPATH\Autoloader\Autoloader.php(487): helper([...])
 3 SYSTEMPATH\Boot.php(249): CodeIgniter\Autoloader\Autoloader->loadHelpers()
 4 SYSTEMPATH\Boot.php(64): CodeIgniter\Boot::autoloadHelpers()
 5 FCPATH\index.php(56): CodeIgniter\Boot::bootWeb(Object(Config\Paths))
WARNING - 2024-12-21 06:41:30 --> [DEPRECATED] Optional parameter $type declared before required parameter $message is implicitly treated as a required parameter in APPPATH\Helpers\admin_helper.php on line 66.
 1 SYSTEMPATH\Common.php(640): include_once('C:\\Users\\QBS AK\\Desktop\\xampp\\htdocs\\my-blog-app\\vendor\\codeigniter4\\framework\\system\\Debug\\Exceptions.php')
 2 SYSTEMPATH\Autoloader\Autoloader.php(487): helper([...])
 3 SYSTEMPATH\Boot.php(249): CodeIgniter\Autoloader\Autoloader->loadHelpers()
 4 SYSTEMPATH\Boot.php(64): CodeIgniter\Boot::autoloadHelpers()
 5 FCPATH\index.php(56): CodeIgniter\Boot::bootWeb(Object(Config\Paths))
INFO - 2024-12-21 05:41:30 --> Session: Class initialized using 'CodeIgniter\Session\Handlers\DatabaseHandler' driver.
WARNING - 2024-12-21 06:41:30 --> [DEPRECATED] Optional parameter $type declared before required parameter $message is implicitly treated as a required parameter in APPPATH\Helpers\admin_helper.php on line 66.
 1 SYSTEMPATH\Common.php(640): include_once('C:\\Users\\QBS AK\\Desktop\\xampp\\htdocs\\my-blog-app\\vendor\\codeigniter4\\framework\\system\\Debug\\Exceptions.php')
 2 SYSTEMPATH\Autoloader\Autoloader.php(487): helper([...])
 3 SYSTEMPATH\Boot.php(249): CodeIgniter\Autoloader\Autoloader->loadHelpers()
 4 SYSTEMPATH\Boot.php(64): CodeIgniter\Boot::autoloadHelpers()
 5 FCPATH\index.php(56): CodeIgniter\Boot::bootWeb(Object(Config\Paths))
INFO - 2024-12-21 05:41:31 --> Session: Class initialized using 'CodeIgniter\Session\Handlers\DatabaseHandler' driver.
WARNING - 2024-12-21 06:41:31 --> [DEPRECATED] Optional parameter $type declared before required parameter $message is implicitly treated as a required parameter in APPPATH\Helpers\admin_helper.php on line 66.
 1 SYSTEMPATH\Common.php(640): include_once('C:\\Users\\QBS AK\\Desktop\\xampp\\htdocs\\my-blog-app\\vendor\\codeigniter4\\framework\\system\\Debug\\Exceptions.php')
 2 SYSTEMPATH\Autoloader\Autoloader.php(487): helper([...])
 3 SYSTEMPATH\Boot.php(249): CodeIgniter\Autoloader\Autoloader->loadHelpers()
 4 SYSTEMPATH\Boot.php(64): CodeIgniter\Boot::autoloadHelpers()
 5 FCPATH\index.php(56): CodeIgniter\Boot::bootWeb(Object(Config\Paths))
WARNING - 2024-12-21 06:41:31 --> [DEPRECATED] Optional parameter $type declared before required parameter $message is implicitly treated as a required parameter in APPPATH\Helpers\admin_helper.php on line 66.
 1 SYSTEMPATH\Common.php(640): include_once('C:\\Users\\QBS AK\\Desktop\\xampp\\htdocs\\my-blog-app\\vendor\\codeigniter4\\framework\\system\\Debug\\Exceptions.php')
 2 SYSTEMPATH\Autoloader\Autoloader.php(487): helper([...])
 3 SYSTEMPATH\Boot.php(249): CodeIgniter\Autoloader\Autoloader->loadHelpers()
 4 SYSTEMPATH\Boot.php(64): CodeIgniter\Boot::autoloadHelpers()
 5 FCPATH\index.php(56): CodeIgniter\Boot::bootWeb(Object(Config\Paths))
WARNING - 2024-12-21 06:41:40 --> [DEPRECATED] Optional parameter $type declared before required parameter $message is implicitly treated as a required parameter in APPPATH\Helpers\admin_helper.php on line 66.
 1 SYSTEMPATH\Common.php(640): include_once('C:\\Users\\QBS AK\\Desktop\\xampp\\htdocs\\my-blog-app\\vendor\\codeigniter4\\framework\\system\\Debug\\Exceptions.php')
 2 SYSTEMPATH\Autoloader\Autoloader.php(487): helper([...])
 3 SYSTEMPATH\Boot.php(249): CodeIgniter\Autoloader\Autoloader->loadHelpers()
 4 SYSTEMPATH\Boot.php(64): CodeIgniter\Boot::autoloadHelpers()
 5 FCPATH\index.php(56): CodeIgniter\Boot::bootWeb(Object(Config\Paths))
INFO - 2024-12-21 05:41:41 --> Session: Class initialized using 'CodeIgniter\Session\Handlers\DatabaseHandler' driver.
WARNING - 2024-12-21 06:41:41 --> [DEPRECATED] Optional parameter $type declared before required parameter $message is implicitly treated as a required parameter in APPPATH\Helpers\admin_helper.php on line 66.
 1 SYSTEMPATH\Common.php(640): include_once('C:\\Users\\QBS AK\\Desktop\\xampp\\htdocs\\my-blog-app\\vendor\\codeigniter4\\framework\\system\\Debug\\Exceptions.php')
 2 SYSTEMPATH\Autoloader\Autoloader.php(487): helper([...])
 3 SYSTEMPATH\Boot.php(249): CodeIgniter\Autoloader\Autoloader->loadHelpers()
 4 SYSTEMPATH\Boot.php(64): CodeIgniter\Boot::autoloadHelpers()
 5 FCPATH\index.php(56): CodeIgniter\Boot::bootWeb(Object(Config\Paths))
INFO - 2024-12-21 05:41:41 --> Session: Class initialized using 'CodeIgniter\Session\Handlers\DatabaseHandler' driver.
WARNING - 2024-12-21 06:41:41 --> [DEPRECATED] Optional parameter $type declared before required parameter $message is implicitly treated as a required parameter in APPPATH\Helpers\admin_helper.php on line 66.
 1 SYSTEMPATH\Common.php(640): include_once('C:\\Users\\QBS AK\\Desktop\\xampp\\htdocs\\my-blog-app\\vendor\\codeigniter4\\framework\\system\\Debug\\Exceptions.php')
 2 SYSTEMPATH\Autoloader\Autoloader.php(487): helper([...])
 3 SYSTEMPATH\Boot.php(249): CodeIgniter\Autoloader\Autoloader->loadHelpers()
 4 SYSTEMPATH\Boot.php(64): CodeIgniter\Boot::autoloadHelpers()
 5 FCPATH\index.php(56): CodeIgniter\Boot::bootWeb(Object(Config\Paths))
WARNING - 2024-12-21 06:41:41 --> [DEPRECATED] Optional parameter $type declared before required parameter $message is implicitly treated as a required parameter in APPPATH\Helpers\admin_helper.php on line 66.
 1 SYSTEMPATH\Common.php(640): include_once('C:\\Users\\QBS AK\\Desktop\\xampp\\htdocs\\my-blog-app\\vendor\\codeigniter4\\framework\\system\\Debug\\Exceptions.php')
 2 SYSTEMPATH\Autoloader\Autoloader.php(487): helper([...])
 3 SYSTEMPATH\Boot.php(249): CodeIgniter\Autoloader\Autoloader->loadHelpers()
 4 SYSTEMPATH\Boot.php(64): CodeIgniter\Boot::autoloadHelpers()
 5 FCPATH\index.php(56): CodeIgniter\Boot::bootWeb(Object(Config\Paths))
WARNING - 2024-12-21 06:41:53 --> [DEPRECATED] Optional parameter $type declared before required parameter $message is implicitly treated as a required parameter in APPPATH\Helpers\admin_helper.php on line 66.
 1 SYSTEMPATH\Common.php(640): include_once('C:\\Users\\QBS AK\\Desktop\\xampp\\htdocs\\my-blog-app\\vendor\\codeigniter4\\framework\\system\\Debug\\Exceptions.php')
 2 SYSTEMPATH\Autoloader\Autoloader.php(487): helper([...])
 3 SYSTEMPATH\Boot.php(249): CodeIgniter\Autoloader\Autoloader->loadHelpers()
 4 SYSTEMPATH\Boot.php(64): CodeIgniter\Boot::autoloadHelpers()
 5 FCPATH\index.php(56): CodeIgniter\Boot::bootWeb(Object(Config\Paths))
INFO - 2024-12-21 05:41:53 --> Session: Class initialized using 'CodeIgniter\Session\Handlers\DatabaseHandler' driver.
WARNING - 2024-12-21 06:41:54 --> [DEPRECATED] Optional parameter $type declared before required parameter $message is implicitly treated as a required parameter in APPPATH\Helpers\admin_helper.php on line 66.
 1 SYSTEMPATH\Common.php(640): include_once('C:\\Users\\QBS AK\\Desktop\\xampp\\htdocs\\my-blog-app\\vendor\\codeigniter4\\framework\\system\\Debug\\Exceptions.php')
 2 SYSTEMPATH\Autoloader\Autoloader.php(487): helper([...])
 3 SYSTEMPATH\Boot.php(249): CodeIgniter\Autoloader\Autoloader->loadHelpers()
 4 SYSTEMPATH\Boot.php(64): CodeIgniter\Boot::autoloadHelpers()
 5 FCPATH\index.php(56): CodeIgniter\Boot::bootWeb(Object(Config\Paths))
WARNING - 2024-12-21 06:41:55 --> [DEPRECATED] Optional parameter $type declared before required parameter $message is implicitly treated as a required parameter in APPPATH\Helpers\admin_helper.php on line 66.
 1 SYSTEMPATH\Common.php(640): include_once('C:\\Users\\QBS AK\\Desktop\\xampp\\htdocs\\my-blog-app\\vendor\\codeigniter4\\framework\\system\\Debug\\Exceptions.php')
 2 SYSTEMPATH\Autoloader\Autoloader.php(487): helper([...])
 3 SYSTEMPATH\Boot.php(249): CodeIgniter\Autoloader\Autoloader->loadHelpers()
 4 SYSTEMPATH\Boot.php(64): CodeIgniter\Boot::autoloadHelpers()
 5 FCPATH\index.php(56): CodeIgniter\Boot::bootWeb(Object(Config\Paths))
WARNING - 2024-12-21 06:42:05 --> [DEPRECATED] Optional parameter $type declared before required parameter $message is implicitly treated as a required parameter in APPPATH\Helpers\admin_helper.php on line 66.
 1 SYSTEMPATH\Common.php(640): include_once('C:\\Users\\QBS AK\\Desktop\\xampp\\htdocs\\my-blog-app\\vendor\\codeigniter4\\framework\\system\\Debug\\Exceptions.php')
 2 SYSTEMPATH\Autoloader\Autoloader.php(487): helper([...])
 3 SYSTEMPATH\Boot.php(249): CodeIgniter\Autoloader\Autoloader->loadHelpers()
 4 SYSTEMPATH\Boot.php(64): CodeIgniter\Boot::autoloadHelpers()
 5 FCPATH\index.php(56): CodeIgniter\Boot::bootWeb(Object(Config\Paths))
INFO - 2024-12-21 05:42:05 --> Session: Class initialized using 'CodeIgniter\Session\Handlers\DatabaseHandler' driver.
WARNING - 2024-12-21 06:42:05 --> [DEPRECATED] Optional parameter $type declared before required parameter $message is implicitly treated as a required parameter in APPPATH\Helpers\admin_helper.php on line 66.
 1 SYSTEMPATH\Common.php(640): include_once('C:\\Users\\QBS AK\\Desktop\\xampp\\htdocs\\my-blog-app\\vendor\\codeigniter4\\framework\\system\\Debug\\Exceptions.php')
 2 SYSTEMPATH\Autoloader\Autoloader.php(487): helper([...])
 3 SYSTEMPATH\Boot.php(249): CodeIgniter\Autoloader\Autoloader->loadHelpers()
 4 SYSTEMPATH\Boot.php(64): CodeIgniter\Boot::autoloadHelpers()
 5 FCPATH\index.php(56): CodeIgniter\Boot::bootWeb(Object(Config\Paths))
WARNING - 2024-12-21 06:42:07 --> [DEPRECATED] Optional parameter $type declared before required parameter $message is implicitly treated as a required parameter in APPPATH\Helpers\admin_helper.php on line 66.
 1 SYSTEMPATH\Common.php(640): include_once('C:\\Users\\QBS AK\\Desktop\\xampp\\htdocs\\my-blog-app\\vendor\\codeigniter4\\framework\\system\\Debug\\Exceptions.php')
 2 SYSTEMPATH\Autoloader\Autoloader.php(487): helper([...])
 3 SYSTEMPATH\Boot.php(249): CodeIgniter\Autoloader\Autoloader->loadHelpers()
 4 SYSTEMPATH\Boot.php(64): CodeIgniter\Boot::autoloadHelpers()
 5 FCPATH\index.php(56): CodeIgniter\Boot::bootWeb(Object(Config\Paths))
INFO - 2024-12-21 05:42:07 --> Session: Class initialized using 'CodeIgniter\Session\Handlers\DatabaseHandler' driver.
WARNING - 2024-12-21 06:42:07 --> [DEPRECATED] Optional parameter $type declared before required parameter $message is implicitly treated as a required parameter in APPPATH\Helpers\admin_helper.php on line 66.
 1 SYSTEMPATH\Common.php(640): include_once('C:\\Users\\QBS AK\\Desktop\\xampp\\htdocs\\my-blog-app\\vendor\\codeigniter4\\framework\\system\\Debug\\Exceptions.php')
 2 SYSTEMPATH\Autoloader\Autoloader.php(487): helper([...])
 3 SYSTEMPATH\Boot.php(249): CodeIgniter\Autoloader\Autoloader->loadHelpers()
 4 SYSTEMPATH\Boot.php(64): CodeIgniter\Boot::autoloadHelpers()
 5 FCPATH\index.php(56): CodeIgniter\Boot::bootWeb(Object(Config\Paths))
WARNING - 2024-12-21 06:42:07 --> [DEPRECATED] Optional parameter $type declared before required parameter $message is implicitly treated as a required parameter in APPPATH\Helpers\admin_helper.php on line 66.
 1 SYSTEMPATH\Common.php(640): include_once('C:\\Users\\QBS AK\\Desktop\\xampp\\htdocs\\my-blog-app\\vendor\\codeigniter4\\framework\\system\\Debug\\Exceptions.php')
 2 SYSTEMPATH\Autoloader\Autoloader.php(487): helper([...])
 3 SYSTEMPATH\Boot.php(249): CodeIgniter\Autoloader\Autoloader->loadHelpers()
 4 SYSTEMPATH\Boot.php(64): CodeIgniter\Boot::autoloadHelpers()
 5 FCPATH\index.php(56): CodeIgniter\Boot::bootWeb(Object(Config\Paths))
WARNING - 2024-12-21 06:43:08 --> [DEPRECATED] Optional parameter $type declared before required parameter $message is implicitly treated as a required parameter in APPPATH\Helpers\admin_helper.php on line 66.
 1 SYSTEMPATH\Common.php(640): include_once('C:\\Users\\QBS AK\\Desktop\\xampp\\htdocs\\my-blog-app\\vendor\\codeigniter4\\framework\\system\\Debug\\Exceptions.php')
 2 SYSTEMPATH\Autoloader\Autoloader.php(487): helper([...])
 3 SYSTEMPATH\Boot.php(249): CodeIgniter\Autoloader\Autoloader->loadHelpers()
 4 SYSTEMPATH\Boot.php(64): CodeIgniter\Boot::autoloadHelpers()
 5 FCPATH\index.php(56): CodeIgniter\Boot::bootWeb(Object(Config\Paths))
INFO - 2024-12-21 05:43:08 --> Session: Class initialized using 'CodeIgniter\Session\Handlers\DatabaseHandler' driver.
WARNING - 2024-12-21 06:43:08 --> [DEPRECATED] Optional parameter $type declared before required parameter $message is implicitly treated as a required parameter in APPPATH\Helpers\admin_helper.php on line 66.
 1 SYSTEMPATH\Common.php(640): include_once('C:\\Users\\QBS AK\\Desktop\\xampp\\htdocs\\my-blog-app\\vendor\\codeigniter4\\framework\\system\\Debug\\Exceptions.php')
 2 SYSTEMPATH\Autoloader\Autoloader.php(487): helper([...])
 3 SYSTEMPATH\Boot.php(249): CodeIgniter\Autoloader\Autoloader->loadHelpers()
 4 SYSTEMPATH\Boot.php(64): CodeIgniter\Boot::autoloadHelpers()
 5 FCPATH\index.php(56): CodeIgniter\Boot::bootWeb(Object(Config\Paths))
WARNING - 2024-12-21 06:43:08 --> [DEPRECATED] Optional parameter $type declared before required parameter $message is implicitly treated as a required parameter in APPPATH\Helpers\admin_helper.php on line 66.
 1 SYSTEMPATH\Common.php(640): include_once('C:\\Users\\QBS AK\\Desktop\\xampp\\htdocs\\my-blog-app\\vendor\\codeigniter4\\framework\\system\\Debug\\Exceptions.php')
 2 SYSTEMPATH\Autoloader\Autoloader.php(487): helper([...])
 3 SYSTEMPATH\Boot.php(249): CodeIgniter\Autoloader\Autoloader->loadHelpers()
 4 SYSTEMPATH\Boot.php(64): CodeIgniter\Boot::autoloadHelpers()
 5 FCPATH\index.php(56): CodeIgniter\Boot::bootWeb(Object(Config\Paths))
WARNING - 2024-12-21 06:45:53 --> [DEPRECATED] Optional parameter $type declared before required parameter $message is implicitly treated as a required parameter in APPPATH\Helpers\admin_helper.php on line 66.
 1 SYSTEMPATH\Common.php(640): include_once('C:\\Users\\QBS AK\\Desktop\\xampp\\htdocs\\my-blog-app\\vendor\\codeigniter4\\framework\\system\\Debug\\Exceptions.php')
 2 SYSTEMPATH\Autoloader\Autoloader.php(487): helper([...])
 3 SYSTEMPATH\Boot.php(249): CodeIgniter\Autoloader\Autoloader->loadHelpers()
 4 SYSTEMPATH\Boot.php(64): CodeIgniter\Boot::autoloadHelpers()
 5 FCPATH\index.php(56): CodeIgniter\Boot::bootWeb(Object(Config\Paths))
INFO - 2024-12-21 05:45:53 --> Session: Class initialized using 'CodeIgniter\Session\Handlers\DatabaseHandler' driver.
WARNING - 2024-12-21 06:45:53 --> [DEPRECATED] Optional parameter $type declared before required parameter $message is implicitly treated as a required parameter in APPPATH\Helpers\admin_helper.php on line 66.
 1 SYSTEMPATH\Common.php(640): include_once('C:\\Users\\QBS AK\\Desktop\\xampp\\htdocs\\my-blog-app\\vendor\\codeigniter4\\framework\\system\\Debug\\Exceptions.php')
 2 SYSTEMPATH\Autoloader\Autoloader.php(487): helper([...])
 3 SYSTEMPATH\Boot.php(249): CodeIgniter\Autoloader\Autoloader->loadHelpers()
 4 SYSTEMPATH\Boot.php(64): CodeIgniter\Boot::autoloadHelpers()
 5 FCPATH\index.php(56): CodeIgniter\Boot::bootWeb(Object(Config\Paths))
WARNING - 2024-12-21 06:45:54 --> [DEPRECATED] Optional parameter $type declared before required parameter $message is implicitly treated as a required parameter in APPPATH\Helpers\admin_helper.php on line 66.
 1 SYSTEMPATH\Common.php(640): include_once('C:\\Users\\QBS AK\\Desktop\\xampp\\htdocs\\my-blog-app\\vendor\\codeigniter4\\framework\\system\\Debug\\Exceptions.php')
 2 SYSTEMPATH\Autoloader\Autoloader.php(487): helper([...])
 3 SYSTEMPATH\Boot.php(249): CodeIgniter\Autoloader\Autoloader->loadHelpers()
 4 SYSTEMPATH\Boot.php(64): CodeIgniter\Boot::autoloadHelpers()
 5 FCPATH\index.php(56): CodeIgniter\Boot::bootWeb(Object(Config\Paths))
WARNING - 2024-12-21 06:47:29 --> [DEPRECATED] Optional parameter $type declared before required parameter $message is implicitly treated as a required parameter in APPPATH\Helpers\admin_helper.php on line 66.
 1 SYSTEMPATH\Common.php(640): include_once('C:\\Users\\QBS AK\\Desktop\\xampp\\htdocs\\my-blog-app\\vendor\\codeigniter4\\framework\\system\\Debug\\Exceptions.php')
 2 SYSTEMPATH\Autoloader\Autoloader.php(487): helper([...])
 3 SYSTEMPATH\Boot.php(249): CodeIgniter\Autoloader\Autoloader->loadHelpers()
 4 SYSTEMPATH\Boot.php(64): CodeIgniter\Boot::autoloadHelpers()
 5 FCPATH\index.php(56): CodeIgniter\Boot::bootWeb(Object(Config\Paths))
INFO - 2024-12-21 05:47:29 --> Session: Class initialized using 'CodeIgniter\Session\Handlers\DatabaseHandler' driver.
WARNING - 2024-12-21 06:47:29 --> [DEPRECATED] Optional parameter $type declared before required parameter $message is implicitly treated as a required parameter in APPPATH\Helpers\admin_helper.php on line 66.
 1 SYSTEMPATH\Common.php(640): include_once('C:\\Users\\QBS AK\\Desktop\\xampp\\htdocs\\my-blog-app\\vendor\\codeigniter4\\framework\\system\\Debug\\Exceptions.php')
 2 SYSTEMPATH\Autoloader\Autoloader.php(487): helper([...])
 3 SYSTEMPATH\Boot.php(249): CodeIgniter\Autoloader\Autoloader->loadHelpers()
 4 SYSTEMPATH\Boot.php(64): CodeIgniter\Boot::autoloadHelpers()
 5 FCPATH\index.php(56): CodeIgniter\Boot::bootWeb(Object(Config\Paths))
WARNING - 2024-12-21 06:47:29 --> [DEPRECATED] Optional parameter $type declared before required parameter $message is implicitly treated as a required parameter in APPPATH\Helpers\admin_helper.php on line 66.
 1 SYSTEMPATH\Common.php(640): include_once('C:\\Users\\QBS AK\\Desktop\\xampp\\htdocs\\my-blog-app\\vendor\\codeigniter4\\framework\\system\\Debug\\Exceptions.php')
 2 SYSTEMPATH\Autoloader\Autoloader.php(487): helper([...])
 3 SYSTEMPATH\Boot.php(249): CodeIgniter\Autoloader\Autoloader->loadHelpers()
 4 SYSTEMPATH\Boot.php(64): CodeIgniter\Boot::autoloadHelpers()
 5 FCPATH\index.php(56): CodeIgniter\Boot::bootWeb(Object(Config\Paths))
WARNING - 2024-12-21 08:19:41 --> [DEPRECATED] Optional parameter $type declared before required parameter $message is implicitly treated as a required parameter in APPPATH\Helpers\admin_helper.php on line 66.
 1 SYSTEMPATH\Common.php(640): include_once('C:\\Users\\QBS AK\\Desktop\\xampp\\htdocs\\my-blog-app\\vendor\\codeigniter4\\framework\\system\\Debug\\Exceptions.php')
 2 SYSTEMPATH\Autoloader\Autoloader.php(487): helper([...])
 3 SYSTEMPATH\Boot.php(249): CodeIgniter\Autoloader\Autoloader->loadHelpers()
 4 SYSTEMPATH\Boot.php(64): CodeIgniter\Boot::autoloadHelpers()
 5 FCPATH\index.php(56): CodeIgniter\Boot::bootWeb(Object(Config\Paths))
INFO - 2024-12-21 07:19:47 --> Session: Class initialized using 'CodeIgniter\Session\Handlers\DatabaseHandler' driver.
WARNING - 2024-12-21 08:19:49 --> [DEPRECATED] Optional parameter $type declared before required parameter $message is implicitly treated as a required parameter in APPPATH\Helpers\admin_helper.php on line 66.
 1 SYSTEMPATH\Common.php(640): include_once('C:\\Users\\QBS AK\\Desktop\\xampp\\htdocs\\my-blog-app\\vendor\\codeigniter4\\framework\\system\\Debug\\Exceptions.php')
 2 SYSTEMPATH\Autoloader\Autoloader.php(487): helper([...])
 3 SYSTEMPATH\Boot.php(249): CodeIgniter\Autoloader\Autoloader->loadHelpers()
 4 SYSTEMPATH\Boot.php(64): CodeIgniter\Boot::autoloadHelpers()
 5 FCPATH\index.php(56): CodeIgniter\Boot::bootWeb(Object(Config\Paths))
INFO - 2024-12-21 07:19:49 --> Session: Class initialized using 'CodeIgniter\Session\Handlers\DatabaseHandler' driver.
WARNING - 2024-12-21 08:19:51 --> [DEPRECATED] Optional parameter $type declared before required parameter $message is implicitly treated as a required parameter in APPPATH\Helpers\admin_helper.php on line 66.
 1 SYSTEMPATH\Common.php(640): include_once('C:\\Users\\QBS AK\\Desktop\\xampp\\htdocs\\my-blog-app\\vendor\\codeigniter4\\framework\\system\\Debug\\Exceptions.php')
 2 SYSTEMPATH\Autoloader\Autoloader.php(487): helper([...])
 3 SYSTEMPATH\Boot.php(249): CodeIgniter\Autoloader\Autoloader->loadHelpers()
 4 SYSTEMPATH\Boot.php(64): CodeIgniter\Boot::autoloadHelpers()
 5 FCPATH\index.php(56): CodeIgniter\Boot::bootWeb(Object(Config\Paths))
